Vivado Simulator 2018.3
Copyright 1986-1999, 2001-2018 Xilinx, Inc. All Rights Reserved.
Running: E:/vivado2018/Vivado/2018.3/bin/unwrapped/win64.o/xelab.exe -wto 844dc7d4b1554252b5e6808528fecbd4 --incr --debug typical --relax --mt 2 -L blk_mem_gen_v8_4_2 -L xil_defaultlib -L unisims_ver -L unimacro_ver -L secureip -L xpm --snapshot testbench_behav xil_defaultlib.testbench xil_defaultlib.glbl -log elaborate.log 
Using 2 slave threads.
Starting static elaboration
WARNING: [VRFC 10-3091] actual bit length 5 differs from formal bit length 4 for port 'memwrite' [E:/MIPS32/pipelineX.srcs/sim_1/imports/new/testbench.v:33]
Completed static elaboration
Starting simulation data flow analysis
Completed simulation data flow analysis
Time Resolution for simulation is 1ps
Compiling module xil_defaultlib.maindec
Compiling module xil_defaultlib.aludec
Compiling module xil_defaultlib.comparator
Compiling module xil_defaultlib.mux2(N=1)
Compiling module xil_defaultlib.flopenrc(N=16)
Compiling module xil_defaultlib.flopr(N=13)
Compiling module xil_defaultlib.flopr(N=4)
Compiling module xil_defaultlib.controller
Compiling module xil_defaultlib.HazardUnit
Compiling module xil_defaultlib.mux2
Compiling module xil_defaultlib.flopenr
Compiling module xil_defaultlib.adder
Compiling module xil_defaultlib.flopenrc
Compiling module xil_defaultlib.hilo_reg
Compiling module xil_defaultlib.Register
Compiling module xil_defaultlib.SignExtend
Compiling module xil_defaultlib.ShiftLeft2
Compiling module xil_defaultlib.cp0_reg
Compiling module xil_defaultlib.flopenrc(N=5)
Compiling module xil_defaultlib.mux3
Compiling module xil_defaultlib.div
Compiling module xil_defaultlib.ALU
Compiling module xil_defaultlib.mux3(N=5)
Compiling module xil_defaultlib.flopr
Compiling module xil_defaultlib.flopr(N=5)
Compiling module xil_defaultlib.datapath
Compiling module xil_defaultlib.mips
Compiling module blk_mem_gen_v8_4_2.blk_mem_gen_v8_4_2_output_stage(...
Compiling module blk_mem_gen_v8_4_2.blk_mem_gen_v8_4_2_softecc_outpu...
Compiling module blk_mem_gen_v8_4_2.blk_mem_gen_v8_4_2_mem_module(C_...
Compiling module blk_mem_gen_v8_4_2.blk_mem_gen_v8_4_2(C_FAMILY="art...
Compiling module xil_defaultlib.inst_mem
Compiling module blk_mem_gen_v8_4_2.blk_mem_gen_v8_4_2_output_stage(...
Compiling module blk_mem_gen_v8_4_2.blk_mem_gen_v8_4_2_mem_module(C_...
Compiling module blk_mem_gen_v8_4_2.blk_mem_gen_v8_4_2(C_FAMILY="art...
Compiling module xil_defaultlib.data_mem
Compiling module xil_defaultlib.DataMemory
Compiling module xil_defaultlib.top
Compiling module xil_defaultlib.testbench
Compiling module xil_defaultlib.glbl
Built simulation snapshot testbench_behav
