#
# A fatal error has been detected by the Java Runtime Environment:
#
#  EXCEPTION_ACCESS_VIOLATION (0xc0000005) at pc=0x00007ffcef0e79d4, pid=10532, tid=284
#
# JRE version: Java(TM) SE Runtime Environment (9.0+11) (build 9.0.4+11)
# Java VM: Java HotSpot(TM) 64-Bit Server VM (9.0.4+11, mixed mode, tiered, compressed oops, g1 gc, windows-amd64)
# Problematic frame:
# C  0x00007ffcef0e79d4
#
# No core dump will be written. Minidumps are not enabled by default on client versions of Windows
#
# If you would like to submit a bug report, please visit:
#   http://bugreport.java.com/bugreport/crash.jsp
# The crash happened outside the Java Virtual Machine in native code.
# See problematic frame for where to report the bug.
#

---------------  S U M M A R Y ------------

Command Line: -Dsun.java2d.pmoffscreen=false -Dsun.java2d.xrender=false -Dsun.java2d.d3d=false -Dsun.awt.nopixfmt=true -Dsun.java2d.dpiaware=true -Dsun.java2d.uiScale.enabled=false -Xverify:none -Dswing.aatext=true -XX:-UsePerfData -Djdk.map.althashing.threshold=512 -XX:StringTableSize=4072 --add-opens=java.base/java.nio=ALL-UNNAMED --add-opens=java.desktop/sun.swing=ALL-UNNAMED --add-opens=java.desktop/javax.swing=ALL-UNNAMED --add-opens=java.desktop/javax.swing.tree=ALL-UNNAMED --add-opens=java.desktop/javax.swing.plaf.basic=ALL-UNNAMED --add-opens=java.desktop/javax.swing.plaf.synth=ALL-UNNAMED --add-opens=java.desktop/com.sun.awt=ALL-UNNAMED -XX:NewSize=60m -XX:MaxNewSize=60m -Xms128m -Xmx3072m -Xss5m 

Host: Intel(R) Core(TM) i5-4200U CPU @ 1.60GHz, 4 cores, 3G,  Windows 10 , 64 bit Build 18362 (10.0.18362.329)
Time: Mon Dec 02 21:42:44 2019 China Standard Time elapsed time: 4059 seconds (0d 1h 7m 39s)

---------------  T H R E A D  ---------------

Current thread (0x0000021a9b4be000):  JavaThread "AWT-EventQueue-1" [_thread_in_native, id=284, stack(0x000000afb9900000,0x000000afb9e00000)]

Stack: [0x000000afb9900000,0x000000afb9e00000],  sp=0x000000afb9dfaf90,  free space=5099k
Native frames: (J=compiled Java code, j=interpreted, Vv=VM code, C=native code)
C  0x00007ffcef0e79d4
C  0x00007ffcef0e6d29
C  0x00007ffcef0ebdf7
C  0x00007ffcef0e5a0e
C  0x00007ffcef202c9a
C  0x00007ffcef2034c6
C  0x00007ffcef1ea63d
C  0x00007ffcef1e5207
C  [librdi_simdata.dll+0x2dc8a]
C  [librdi_simdata.dll+0x45507]
C  [librdi_simdata.dll+0x831dc]
C  0x0000021a8ee94c5c

Java frames: (J=compiled Java code, j=interpreted, Vv=VM code)
J 19209  ui.views.simulator.executive.simulationi.SimulationExecutive_getCodeTooltipValue(JLjava/lang/String;IZ)Ljava/lang/String; (0 bytes) @ 0x0000021a8ee94bbf [0x0000021a8ee94b60+0x000000000000005f]
J 22035 c2 ui.views.O.d.mouseMoved(Ljava/awt/event/MouseEvent;)V (13 bytes) @ 0x0000021a8fa02d78 [0x0000021a8fa029c0+0x00000000000003b8]
J 16546 c2 java.awt.AWTEventMulticaster.mouseMoved(Ljava/awt/event/MouseEvent;)V java.desktop@9.0.4 (27 bytes) @ 0x0000021a8eb862f4 [0x0000021a8eb86240+0x00000000000000b4]
J 16546 c2 java.awt.AWTEventMulticaster.mouseMoved(Ljava/awt/event/MouseEvent;)V java.desktop@9.0.4 (27 bytes) @ 0x0000021a8eb862b4 [0x0000021a8eb86240+0x0000000000000074]
J 16546 c2 java.awt.AWTEventMulticaster.mouseMoved(Ljava/awt/event/MouseEvent;)V java.desktop@9.0.4 (27 bytes) @ 0x0000021a8eb862b4 [0x0000021a8eb86240+0x0000000000000074]
J 20397 c2 javax.swing.JComponent.processMouseMotionEvent(Ljava/awt/event/MouseEvent;)V java.desktop@9.0.4 (46 bytes) @ 0x0000021a8f0e3f7c [0x0000021a8f0e3ec0+0x00000000000000bc]
J 17856 c2 java.awt.Container.processEvent(Ljava/awt/AWTEvent;)V java.desktop@9.0.4 (22 bytes) @ 0x0000021a8ed2d0a4 [0x0000021a8ed2cf20+0x0000000000000184]
J 17854 c2 java.awt.Component.dispatchEventImpl(Ljava/awt/AWTEvent;)V java.desktop@9.0.4 (739 bytes) @ 0x0000021a8ed2f0ac [0x0000021a8ed2dd40+0x000000000000136c]
J 15979 c2 java.awt.Container.dispatchEventImpl(Ljava/awt/AWTEvent;)V java.desktop@9.0.4 (129 bytes) @ 0x0000021a8f415a94 [0x0000021a8f415a40+0x0000000000000054]
J 13329 c2 java.awt.LightweightDispatcher.retargetMouseEvent(Ljava/awt/Component;ILjava/awt/event/MouseEvent;)V java.desktop@9.0.4 (350 bytes) @ 0x0000021a8f028494 [0x0000021a8f027ee0+0x00000000000005b4]
J 14129 c2 java.awt.LightweightDispatcher.dispatchEvent(Ljava/awt/AWTEvent;)Z java.desktop@9.0.4 (73 bytes) @ 0x0000021a8f1e4c68 [0x0000021a8f1e44c0+0x00000000000007a8]
J 17182 c2 java.awt.Window.dispatchEventImpl(Ljava/awt/AWTEvent;)V java.desktop@9.0.4 (23 bytes) @ 0x0000021a8f5d13e0 [0x0000021a8f5d1160+0x0000000000000280]
J 12113 c2 java.awt.EventQueue$3.run()Ljava/lang/Object; java.desktop@9.0.4 (5 bytes) @ 0x0000021a8ee67d54 [0x0000021a8ee67ba0+0x00000000000001b4]
v  ~StubRoutines::call_stub
J 3507  java.security.AccessController.doPrivileged(Ljava/security/PrivilegedAction;Ljava/security/AccessControlContext;)Ljava/lang/Object; java.base@9.0.4 (0 bytes) @ 0x0000021a8e7b83c6 [0x0000021a8e7b8360+0x0000000000000066]
J 13905 c2 java.awt.EventQueue$4.run()Ljava/lang/Object; java.desktop@9.0.4 (5 bytes) @ 0x0000021a8ea2c9c0 [0x0000021a8ea2c760+0x0000000000000260]
v  ~StubRoutines::call_stub
J 3507  java.security.AccessController.doPrivileged(Ljava/security/PrivilegedAction;Ljava/security/AccessControlContext;)Ljava/lang/Object; java.base@9.0.4 (0 bytes) @ 0x0000021a8e7b83c6 [0x0000021a8e7b8360+0x0000000000000066]
J 15829 c2 java.awt.EventQueue.dispatchEvent(Ljava/awt/AWTEvent;)V java.desktop@9.0.4 (80 bytes) @ 0x0000021a8f39e3c4 [0x0000021a8f39de40+0x0000000000000584]
J 23131 c2 java.awt.EventDispatchThread.pumpOneEventForFilters(I)V java.desktop@9.0.4 (218 bytes) @ 0x0000021a8f131360 [0x0000021a8f130740+0x0000000000000c20]
J 19195% c2 java.awt.EventDispatchThread.pumpEventsForFilter(ILjava/awt/Conditional;Ljava/awt/EventFilter;)V java.desktop@9.0.4 (47 bytes) @ 0x0000021a8f046958 [0x0000021a8f046840+0x0000000000000118]
j  java.awt.EventDispatchThread.pumpEventsForHierarchy(ILjava/awt/Conditional;Ljava/awt/Component;)V+11 java.desktop@9.0.4
j  java.awt.EventDispatchThread.pumpEvents(ILjava/awt/Conditional;)V+4 java.desktop@9.0.4
j  java.awt.EventDispatchThread.pumpEvents(Ljava/awt/Conditional;)V+3 java.desktop@9.0.4
j  java.awt.EventDispatchThread.run()V+9 java.desktop@9.0.4
v  ~StubRoutines::call_stub

siginfo: EXCEPTION_ACCESS_VIOLATION (0xc0000005), reading address 0x0000000000000008


Register to memory mapping:

RIP=0x00007ffcef0e79d4 is an unknown value
RAX=0x0000000000000000 is an unknown value
RBX=0x0000000000000008 is an unknown value
RCX=0x0000021ab34fa3c0 is an unknown value
RDX=0x0000021ab33b01e0 is an unknown value
RSP=0x000000afb9dfaf90 is pointing into the stack for thread: 0x0000021a9b4be000
RBP=0x0000021ab33b01e0 is an unknown value
RSI=0x0000000000000000 is an unknown value
RDI=0x0000021ab34fa3c0 is an unknown value
R8 =0x00000000a0000010 is an unknown value
R9 =0x0000000000002065 is an unknown value
R10=0x00007ffcef484528 is an unknown value
R11=0x000000afb9dfb030 is pointing into the stack for thread: 0x0000021a9b4be000
R12=0x0000021ab3279db0 is an unknown value
R13=0x0000021ab33b01e0 is an unknown value
R14=0x00000000a0000010 is an unknown value
R15=0x0000021ab5845468 is an unknown value


Registers:
RAX=0x0000000000000000, RBX=0x0000000000000008, RCX=0x0000021ab34fa3c0, RDX=0x0000021ab33b01e0
RSP=0x000000afb9dfaf90, RBP=0x0000021ab33b01e0, RSI=0x0000000000000000, RDI=0x0000021ab34fa3c0
R8 =0x00000000a0000010, R9 =0x0000000000002065, R10=0x00007ffcef484528, R11=0x000000afb9dfb030
R12=0x0000021ab3279db0, R13=0x0000021ab33b01e0, R14=0x00000000a0000010, R15=0x0000021ab5845468
RIP=0x00007ffcef0e79d4, EFLAGS=0x0000000000010256

Top of Stack: (sp=0x000000afb9dfaf90)
0x000000afb9dfaf90:   000000afb9dfb080 00007ffd5dfb2596
0x000000afb9dfafa0:   0000000000000002 0000000000000078
0x000000afb9dfafb0:   fffffffffffffffe 0000000000000000
0x000000afb9dfafc0:   0000000000000000 00007ffcef0d9883
0x000000afb9dfafd0:   0000000000000078 00006bb6807915a1
0x000000afb9dfafe0:   0000000000000000 0000000000000000
0x000000afb9dfaff0:   000000afb9dfb080 00007ffcef0e6d29
0x000000afb9dfb000:   0000021ab34fa3c0 0000000000000000
0x000000afb9dfb010:   0000021ab34fa3c0 000000afb9dfb1f0
0x000000afb9dfb020:   fffffffffffffffe 0000021ab33b01e0
0x000000afb9dfb030:   7961727241202a2a ff00206570795420
0x000000afb9dfb040:   000000000000000e 000000000000000f
0x000000afb9dfb050:   000000afb9dfb119 00007ffcef1fe7d4
0x000000afb9dfb060:   0000021ab60a5670 ffffffffa0000010
0x000000afb9dfb070:   00006bb680790a31 00007ffd5dfedddc
0x000000afb9dfb080:   0000021ab5845468 0000000000000000 

Instructions: (pc=0x00007ffcef0e79d4)
0x00007ffcef0e79b4:   89 44 24 48 48 8b ea 48 8b f9 48 83 81 88 00 00
0x00007ffcef0e79c4:   00 08 48 8b 99 88 00 00 00 48 83 c8 ff 48 ff c0
0x00007ffcef0e79d4:   80 3c 03 00 75 f7 48 ff c0 48 03 c3 48 89 81 88
0x00007ffcef0e79e4:   00 00 00 48 8b d3 48 8b cd e8 4e c8 ff ff 48 8b 



---------------  P R O C E S S  ---------------

Java Threads: ( => current thread )
  0x0000021ab5b18800 JavaThread "Thread-4649" [_thread_in_native, id=9804, stack(0x000000afbfd00000,0x000000afbfe00000)]
  0x0000021ab5b14800 JavaThread "Relaunch Simulation" [_thread_in_native, id=2928, stack(0x000000afbe800000,0x000000afbed00000)]
  0x0000021ab5b1a800 JavaThread "Thread-4567" [_thread_in_native, id=1664, stack(0x000000afbad00000,0x000000afbae00000)]
  0x0000021ab5b13000 JavaThread "Thread-4500" [_thread_in_native, id=16436, stack(0x000000afbe800000,0x000000afbe900000)]
  0x0000021ab5b0b800 JavaThread "Thread-4407" [_thread_in_native, id=16112, stack(0x000000afbad00000,0x000000afbae00000)]
  0x0000021ab5b12800 JavaThread "Thread-4386" [_thread_in_native, id=13836, stack(0x000000afbe800000,0x000000afbe900000)]
  0x0000021ab5b10000 JavaThread "Thread-4359" [_thread_in_native, id=10028, stack(0x000000afbad00000,0x000000afbae00000)]
  0x0000021ab5b0d000 JavaThread "Thread-4348" [_thread_in_native, id=6952, stack(0x000000afbe800000,0x000000afbe900000)]
  0x0000021a9b0d1800 JavaThread "Thread-4311" [_thread_in_native, id=15892, stack(0x000000afbad00000,0x000000afbae00000)]
  0x0000021ab38b3800 JavaThread "Thread-4277" [_thread_in_native, id=3656, stack(0x000000afbfd00000,0x000000afbfe00000)]
  0x0000021af65fb000 JavaThread "Thread-4272" [_thread_in_native, id=4976, stack(0x000000afbae00000,0x000000afbaf00000)]
  0x0000021aa07af800 JavaThread "Thread-3801" [_thread_in_native, id=15640, stack(0x000000afc1b00000,0x000000afc1c00000)]
  0x0000021a9b0d1000 JavaThread "Monitor File Timestamp Swing Worker" [_thread_blocked, id=13596, stack(0x000000afc1600000,0x000000afc1b00000)]
  0x0000021a9b0d5800 JavaThread "Timer-10" [_thread_blocked, id=16412, stack(0x000000afc1100000,0x000000afc1600000)]
  0x0000021ab38be000 JavaThread "Monitor File Timestamp Swing Worker" [_thread_blocked, id=14256, stack(0x000000afc0c00000,0x000000afc1100000)]
  0x0000021ab38b8800 JavaThread "Timer-9" [_thread_blocked, id=8936, stack(0x000000afc0700000,0x000000afc0c00000)]
  0x0000021ab38bd000 JavaThread "Monitor File Timestamp Swing Worker" [_thread_blocked, id=10952, stack(0x000000afbed00000,0x000000afbf200000)]
  0x0000021ab38bc800 JavaThread "Timer-8" [_thread_blocked, id=8028, stack(0x000000afbe200000,0x000000afbe700000)]
  0x0000021ab38bf800 JavaThread "SyntheticaAnimation 50" daemon [_thread_blocked, id=16864, stack(0x000000afc0200000,0x000000afc0700000)]
  0x0000021ab38b8000 JavaThread "Thread-3689" [_thread_in_native, id=1916, stack(0x000000afb2800000,0x000000afb2900000)]
  0x0000021ab38b5800 JavaThread "Thread-3379" [_thread_in_native, id=14952, stack(0x000000afbf200000,0x000000afbf300000)]
  0x0000021ab38b4000 JavaThread "Monitor File Timestamp Swing Worker" [_thread_blocked, id=17032, stack(0x000000afbf800000,0x000000afbfd00000)]
  0x0000021ab38b5000 JavaThread "Timer-3" [_thread_blocked, id=8704, stack(0x000000afbf300000,0x000000afbf800000)]
  0x0000021aa07b4800 JavaThread "Monitor File Timestamp Swing Worker" [_thread_blocked, id=4436, stack(0x000000afbdd00000,0x000000afbe200000)]
  0x0000021aa07b6000 JavaThread "Timer-1" [_thread_blocked, id=5752, stack(0x000000afbba00000,0x000000afbbf00000)]
  0x0000021a9b0d9000 JavaThread "Image Animator 3" daemon [_thread_blocked, id=16288, stack(0x000000afbd800000,0x000000afbdd00000)]
  0x0000021a9b0d7800 JavaThread "Monitor File Timestamp Swing Worker" [_thread_blocked, id=16236, stack(0x000000afbd300000,0x000000afbd800000)]
  0x0000021a9b0d6000 JavaThread "Timer-0" [_thread_blocked, id=16040, stack(0x000000afbce00000,0x000000afbd300000)]
  0x0000021a9b0d4800 JavaThread "SyntheticaAnimation 50" daemon [_thread_blocked, id=9612, stack(0x000000afb9e00000,0x000000afba300000)]
  0x0000021aa07b3000 JavaThread "hw_ila_monitor" [_thread_blocked, id=124, stack(0x000000afbc900000,0x000000afbce00000)]
  0x0000021aa07b1000 JavaThread "Update Runs Swing Worker" [_thread_blocked, id=7296, stack(0x000000afbc400000,0x000000afbc900000)]
  0x0000021aa07b2800 JavaThread "Refresh Filesets Swing Worker" [_thread_blocked, id=4112, stack(0x000000afb8a00000,0x000000afb8f00000)]
  0x0000021af6600800 JavaThread "SyntheticaAnimation 70" daemon [_thread_blocked, id=8908, stack(0x000000afbbf00000,0x000000afbc400000)]
  0x0000021af65fc000 JavaThread "SyntheticaAnimation 25" daemon [_thread_blocked, id=16608, stack(0x000000afba300000,0x000000afba800000)]
  0x0000021af65fa800 JavaThread "SyntheticaAnimation 50" daemon [_thread_blocked, id=7260, stack(0x000000afbb500000,0x000000afbba00000)]
  0x0000021af65fe000 JavaThread "Monitor HEventQueue" [_thread_blocked, id=14324, stack(0x000000afbb000000,0x000000afbb500000)]
  0x0000021af65ff800 JavaThread "Batik CleanerThread" daemon [_thread_blocked, id=14104, stack(0x000000afba800000,0x000000afbad00000)]
  0x0000021af65fd800 JavaThread "SyntheticaCleanerThread" daemon [_thread_blocked, id=14904, stack(0x000000afb7b00000,0x000000afb8000000)]
=>0x0000021a9b4be000 JavaThread "AWT-EventQueue-1" [_thread_in_native, id=284, stack(0x000000afb9900000,0x000000afb9e00000)]
  0x0000021a9b88f800 JavaThread "AWT-Shutdown" [_thread_blocked, id=15864, stack(0x000000afb9400000,0x000000afb9900000)]
  0x0000021a9b4bc800 JavaThread "Process Messages" [_thread_blocked, id=16768, stack(0x000000afb8f00000,0x000000afb9400000)]
  0x0000021a9b53c800 JavaThread "Thread-1" [_thread_in_native, id=14860, stack(0x000000afb2c00000,0x000000afb4000000)]
  0x0000021a9b188000 JavaThread "TimerQueue" daemon [_thread_blocked, id=10076, stack(0x000000afb8500000,0x000000afb8a00000)]
  0x0000021afa49b800 JavaThread "AWT-Windows" daemon [_thread_in_vm, id=10480, stack(0x000000afb8000000,0x000000afb8500000)]
  0x0000021af6af3800 JavaThread "Java2D Disposer" daemon [_thread_blocked, id=16552, stack(0x000000afb7600000,0x000000afb7b00000)]
  0x0000021af78a3800 JavaThread "Service Thread" daemon [_thread_blocked, id=16584, stack(0x000000afb7000000,0x000000afb7500000)]
  0x0000021af7ac8800 JavaThread "Common-Cleaner" daemon [_thread_blocked, id=3900, stack(0x000000afb6b00000,0x000000afb7000000)]
  0x0000021af65fc800 JavaThread "Sweeper thread" daemon [_thread_blocked, id=15648, stack(0x000000afb6600000,0x000000afb6b00000)]
  0x0000021af791d800 JavaThread "C1 CompilerThread2" daemon [_thread_blocked, id=3788, stack(0x000000afb6500000,0x000000afb6600000)]
  0x0000021afa7dc800 JavaThread "C2 CompilerThread1" daemon [_thread_blocked, id=7804, stack(0x000000afb6400000,0x000000afb6500000)]
  0x0000021af5d7e000 JavaThread "C2 CompilerThread0" daemon [_thread_blocked, id=13656, stack(0x000000afb6300000,0x000000afb6400000)]
  0x0000021af5d7d800 JavaThread "Attach Listener" daemon [_thread_blocked, id=14680, stack(0x000000afb5e00000,0x000000afb6300000)]
  0x0000021af78a9800 JavaThread "Signal Dispatcher" daemon [_thread_blocked, id=16780, stack(0x000000afb5900000,0x000000afb5e00000)]
  0x0000021af7bc3000 JavaThread "Finalizer" daemon [_thread_blocked, id=15040, stack(0x000000afb5400000,0x000000afb5900000)]
  0x0000021af7bc2800 JavaThread "Reference Handler" daemon [_thread_blocked, id=13988, stack(0x000000afb4f00000,0x000000afb5400000)]
  0x0000021afa5fd800 JavaThread "main" [_thread_blocked, id=15456, stack(0x000000afb2b00000,0x000000afb2c00000)]

Other Threads:
  0x0000021af5fa1800 VMThread "VM Thread" [stack: 0x000000afb4e00000,0x000000afb4f00000] [id=7336]
  0x0000021af78a4800 WatcherThread [stack: 0x000000afb7500000,0x000000afb7600000] [id=15056]
  0x0000021af1aac800 GCTaskThread "GC Thread#0" [stack: 0x000000afb4300000,0x000000afb4400000] [id=7896]
  0x0000021afa86c800 GCTaskThread "GC Thread#1" [stack: 0x000000afb4400000,0x000000afb4500000] [id=11980]
  0x0000021afa86d000 GCTaskThread "GC Thread#2" [stack: 0x000000afb4500000,0x000000afb4600000] [id=10796]
  0x0000021af5f42800 GCTaskThread "GC Thread#3" [stack: 0x000000afb4600000,0x000000afb4700000] [id=220]
  0x0000021af5d49000 ConcurrentGCThread "G1 Main Marker" [stack: 0x000000afb4c00000,0x000000afb4d00000] [id=8996]
  0x0000021afa793800 ConcurrentGCThread "G1 Marker#0" [stack: 0x000000afb4d00000,0x000000afb4e00000] [id=17384]
  0x0000021af6c3c000 ConcurrentGCThread "G1 Refine#0" [stack: 0x000000afb4a00000,0x000000afb4b00000] [id=3076]
  0x0000021af6c26000 ConcurrentGCThread "G1 Refine#1" [stack: 0x000000afb4900000,0x000000afb4a00000] [id=13284]
  0x0000021afa36e000 ConcurrentGCThread "G1 Refine#2" [stack: 0x000000afb4800000,0x000000afb4900000] [id=3764]
  0x0000021af5f43000 ConcurrentGCThread "G1 Refine#3" [stack: 0x000000afb4700000,0x000000afb4800000] [id=16648]
  0x0000021afa1b4800 ConcurrentGCThread "G1 Young RemSet Sampling" [stack: 0x000000afb4b00000,0x000000afb4c00000] [id=17288]

Threads with active compile tasks:

VM state:not at safepoint (normal execution)

VM Mutex/Monitor currently owned by a thread: None

Heap address: 0x0000000700000000, size: 3072 MB, Compressed Oops mode: Zero based, Oop shift amount: 3
Narrow klass base: 0x0000000000000000, Narrow klass shift: 3
Compressed class space size: 1073741824 Address: 0x00000007c0000000

Heap:
 garbage-first heap   total 297984K, used 141885K [0x0000000700000000, 0x0000000700100918, 0x00000007c0000000)
  region size 1024K, 52 young (53248K), 2 survivors (2048K)
 Metaspace       used 83716K, capacity 88688K, committed 90912K, reserved 1128448K
  class space    used 11233K, capacity 12148K, committed 12620K, reserved 1048576K
Heap Regions: E=young(eden), S=young(survivor), O=old, HS=humongous(starts), HC=humongous(continues), CS=collection set, F=free, A=archive, TS=gc time stamp, AC=allocation context, TAMS=top-at-mark-start (previous, next)
|   0|0x0000000700000000, 0x00000007000ffff8, 0x0000000700100000| 99%| O|  |TS  0|AC  0|TAMS 0x0000000700000000, 0x0000000700000000|
|   1|0x0000000700100000, 0x0000000700200000, 0x0000000700200000|100%|HS|  |TS  0|AC  0|TAMS 0x0000000700100000, 0x0000000700100000|
|   2|0x0000000700200000, 0x0000000700300000, 0x0000000700300000|100%|HC|  |TS  0|AC  0|TAMS 0x0000000700200000, 0x0000000700200000|
|   3|0x0000000700300000, 0x0000000700400000, 0x0000000700400000|100%|HS|  |TS  0|AC  0|TAMS 0x0000000700300000, 0x0000000700300000|
|   4|0x0000000700400000, 0x00000007004ffff0, 0x0000000700500000| 99%| O|  |TS  0|AC  0|TAMS 0x0000000700400000, 0x0000000700400000|
|   5|0x0000000700500000, 0x00000007005ffff0, 0x0000000700600000| 99%| O|  |TS  0|AC  0|TAMS 0x0000000700500000, 0x0000000700500000|
|   6|0x0000000700600000, 0x00000007006ffff8, 0x0000000700700000| 99%| O|  |TS  0|AC  0|TAMS 0x0000000700600000, 0x0000000700600000|
|   7|0x0000000700700000, 0x00000007007faf40, 0x0000000700800000| 98%| O|  |TS  0|AC  0|TAMS 0x0000000700700000, 0x0000000700700000|
|   8|0x0000000700800000, 0x00000007008a7548, 0x0000000700900000| 65%| O|  |TS  0|AC  0|TAMS 0x0000000700800000, 0x0000000700800000|
|   9|0x0000000700900000, 0x00000007009ffff8, 0x0000000700a00000| 99%| O|  |TS  0|AC  0|TAMS 0x0000000700900000, 0x0000000700900000|
|  10|0x0000000700a00000, 0x0000000700ae2938, 0x0000000700b00000| 88%| O|  |TS  0|AC  0|TAMS 0x0000000700a00000, 0x0000000700a00000|
|  11|0x0000000700b00000, 0x0000000700bfec40, 0x0000000700c00000| 99%| O|  |TS  0|AC  0|TAMS 0x0000000700b00000, 0x0000000700b00000|
|  12|0x0000000700c00000, 0x0000000700ceefa0, 0x0000000700d00000| 93%| O|  |TS  0|AC  0|TAMS 0x0000000700c00000, 0x0000000700c00000|
|  13|0x0000000700d00000, 0x0000000700debdf8, 0x0000000700e00000| 92%| O|  |TS  0|AC  0|TAMS 0x0000000700d00000, 0x0000000700d00000|
|  14|0x0000000700e00000, 0x0000000700ef5868, 0x0000000700f00000| 95%| O|  |TS  0|AC  0|TAMS 0x0000000700e00000, 0x0000000700e00000|
|  15|0x0000000700f00000, 0x0000000701000000, 0x0000000701000000|100%| O|  |TS  0|AC  0|TAMS 0x0000000700f00000, 0x0000000700f00000|
|  16|0x0000000701000000, 0x0000000701100000, 0x0000000701100000|100%| O|  |TS  0|AC  0|TAMS 0x0000000701000000, 0x0000000701000000|
|  17|0x0000000701100000, 0x0000000701200000, 0x0000000701200000|100%| O|  |TS  0|AC  0|TAMS 0x0000000701100000, 0x0000000701100000|
|  18|0x0000000701200000, 0x00000007012fffc8, 0x0000000701300000| 99%| O|  |TS  0|AC  0|TAMS 0x0000000701200000, 0x0000000701200000|
|  19|0x0000000701300000, 0x00000007013ffff8, 0x0000000701400000| 99%| O|  |TS  0|AC  0|TAMS 0x0000000701300000, 0x0000000701300000|
|  20|0x0000000701400000, 0x00000007014fff30, 0x0000000701500000| 99%| O|  |TS  0|AC  0|TAMS 0x0000000701400000, 0x0000000701400000|
|  21|0x0000000701500000, 0x0000000701600000, 0x0000000701600000|100%| O|  |TS  0|AC  0|TAMS 0x0000000701500000, 0x0000000701500000|
|  22|0x0000000701600000, 0x00000007016ffcb0, 0x0000000701700000| 99%| O|  |TS  0|AC  0|TAMS 0x0000000701600000, 0x0000000701600000|
|  23|0x0000000701700000, 0x0000000701800000, 0x0000000701800000|100%| O|  |TS  0|AC  0|TAMS 0x0000000701700000, 0x0000000701700000|
|  24|0x0000000701800000, 0x00000007018ffff8, 0x0000000701900000| 99%| O|  |TS  0|AC  0|TAMS 0x0000000701800000, 0x0000000701800000|
|  25|0x0000000701900000, 0x00000007019fffe8, 0x0000000701a00000| 99%| O|  |TS  0|AC  0|TAMS 0x0000000701900000, 0x0000000701900000|
|  26|0x0000000701a00000, 0x0000000701b00000, 0x0000000701b00000|100%| O|  |TS  0|AC  0|TAMS 0x0000000701a00000, 0x0000000701a00000|
|  27|0x0000000701b00000, 0x0000000701bffff8, 0x0000000701c00000| 99%| O|  |TS  0|AC  0|TAMS 0x0000000701b00000, 0x0000000701b00000|
|  28|0x0000000701c00000, 0x0000000701cfffe8, 0x0000000701d00000| 99%| O|  |TS  0|AC  0|TAMS 0x0000000701c00000, 0x0000000701c00000|
|  29|0x0000000701d00000, 0x0000000701e00000, 0x0000000701e00000|100%| O|  |TS  0|AC  0|TAMS 0x0000000701d00000, 0x0000000701d00000|
|  30|0x0000000701e00000, 0x0000000701effff8, 0x0000000701f00000| 99%| O|  |TS  0|AC  0|TAMS 0x0000000701e00000, 0x0000000701e00000|
|  31|0x0000000701f00000, 0x0000000701ffff60, 0x0000000702000000| 99%| O|  |TS  0|AC  0|TAMS 0x0000000701f00000, 0x0000000701f00000|
|  32|0x0000000702000000, 0x00000007020ffff8, 0x0000000702100000| 99%| O|  |TS  0|AC  0|TAMS 0x0000000702000000, 0x0000000702000000|
|  33|0x0000000702100000, 0x0000000702200000, 0x0000000702200000|100%| O|  |TS  0|AC  0|TAMS 0x0000000702100000, 0x0000000702100000|
|  34|0x0000000702200000, 0x00000007022f1b08, 0x0000000702300000| 94%| O|  |TS  0|AC  0|TAMS 0x0000000702200000, 0x0000000702200000|
|  35|0x0000000702300000, 0x00000007023fffe0, 0x0000000702400000| 99%| O|  |TS  0|AC  0|TAMS 0x0000000702300000, 0x0000000702300000|
|  36|0x0000000702400000, 0x00000007024ffe38, 0x0000000702500000| 99%| O|  |TS  0|AC  0|TAMS 0x0000000702400000, 0x0000000702400000|
|  37|0x0000000702500000, 0x00000007025fea78, 0x0000000702600000| 99%| O|  |TS  0|AC  0|TAMS 0x0000000702500000, 0x0000000702500000|
|  38|0x0000000702600000, 0x00000007026ffff8, 0x0000000702700000| 99%| O|  |TS  0|AC  0|TAMS 0x0000000702600000, 0x0000000702600000|
|  39|0x0000000702700000, 0x00000007027fffb0, 0x0000000702800000| 99%| O|  |TS  0|AC  0|TAMS 0x0000000702700000, 0x0000000702700000|
|  40|0x0000000702800000, 0x00000007028fffe8, 0x0000000702900000| 99%| O|  |TS  0|AC  0|TAMS 0x0000000702800000, 0x0000000702800000|
|  41|0x0000000702900000, 0x0000000702a00000, 0x0000000702a00000|100%| O|  |TS  0|AC  0|TAMS 0x0000000702900000, 0x0000000702900000|
|  42|0x0000000702a00000, 0x0000000702afe278, 0x0000000702b00000| 99%| O|  |TS  0|AC  0|TAMS 0x0000000702a00000, 0x0000000702a00000|
|  43|0x0000000702b00000, 0x0000000702c00000, 0x0000000702c00000|100%| O|  |TS  0|AC  0|TAMS 0x0000000702b00000, 0x0000000702b00000|
|  44|0x0000000702c00000, 0x0000000702cfffe8, 0x0000000702d00000| 99%| O|  |TS  0|AC  0|TAMS 0x0000000702c00000, 0x0000000702c00000|
|  45|0x0000000702d00000, 0x0000000702dffe18, 0x0000000702e00000| 99%| O|  |TS  0|AC  0|TAMS 0x0000000702d00000, 0x0000000702d00000|
|  46|0x0000000702e00000, 0x0000000702f00000, 0x0000000702f00000|100%| O|  |TS  0|AC  0|TAMS 0x0000000702e00000, 0x0000000702e00000|
|  47|0x0000000702f00000, 0x0000000702ffed58, 0x0000000703000000| 99%| O|  |TS  0|AC  0|TAMS 0x0000000702f00000, 0x0000000702f00000|
|  48|0x0000000703000000, 0x0000000703100000, 0x0000000703100000|100%| O|  |TS  0|AC  0|TAMS 0x0000000703000000, 0x0000000703000000|
|  49|0x0000000703100000, 0x00000007031ffec0, 0x0000000703200000| 99%| O|  |TS  0|AC  0|TAMS 0x0000000703100000, 0x0000000703100000|
|  50|0x0000000703200000, 0x00000007032ffff8, 0x0000000703300000| 99%| O|  |TS  0|AC  0|TAMS 0x0000000703200000, 0x0000000703200000|
|  51|0x0000000703300000, 0x00000007033fffe8, 0x0000000703400000| 99%| O|  |TS  0|AC  0|TAMS 0x0000000703300000, 0x0000000703300000|
|  52|0x0000000703400000, 0x00000007034fffe0, 0x0000000703500000| 99%| O|  |TS  0|AC  0|TAMS 0x0000000703400000, 0x0000000703400000|
|  53|0x0000000703500000, 0x0000000703600000, 0x0000000703600000|100%| O|  |TS  0|AC  0|TAMS 0x0000000703500000, 0x0000000703500000|
|  54|0x0000000703600000, 0x0000000703700000, 0x0000000703700000|100%| O|  |TS  0|AC  0|TAMS 0x0000000703600000, 0x0000000703600000|
|  55|0x0000000703700000, 0x00000007037fffe8, 0x0000000703800000| 99%| O|  |TS  0|AC  0|TAMS 0x0000000703700000, 0x0000000703700000|
|  56|0x0000000703800000, 0x00000007038ffec8, 0x0000000703900000| 99%| O|  |TS  0|AC  0|TAMS 0x0000000703800000, 0x0000000703800000|
|  57|0x0000000703900000, 0x00000007039ff348, 0x0000000703a00000| 99%| O|  |TS  0|AC  0|TAMS 0x0000000703900000, 0x0000000703900000|
|  58|0x0000000703a00000, 0x0000000703aff3e0, 0x0000000703b00000| 99%| O|  |TS  0|AC  0|TAMS 0x0000000703a00000, 0x0000000703a00000|
|  59|0x0000000703b00000, 0x0000000703bffff8, 0x0000000703c00000| 99%| O|  |TS  0|AC  0|TAMS 0x0000000703b00000, 0x0000000703b00000|
|  60|0x0000000703c00000, 0x0000000703cfffd8, 0x0000000703d00000| 99%| O|  |TS  0|AC  0|TAMS 0x0000000703c00000, 0x0000000703c00000|
|  61|0x0000000703d00000, 0x0000000703dfffc0, 0x0000000703e00000| 99%| O|  |TS  0|AC  0|TAMS 0x0000000703d00000, 0x0000000703d00000|
|  62|0x0000000703e00000, 0x0000000703efff38, 0x0000000703f00000| 99%| O|  |TS  0|AC  0|TAMS 0x0000000703e00000, 0x0000000703e00000|
|  63|0x0000000703f00000, 0x0000000703fff770, 0x0000000704000000| 99%| O|  |TS  0|AC  0|TAMS 0x0000000703f00000, 0x0000000703f00000|
|  64|0x0000000704000000, 0x00000007040ffff0, 0x0000000704100000| 99%| O|  |TS  0|AC  0|TAMS 0x0000000704000000, 0x0000000704000000|
|  65|0x0000000704100000, 0x00000007041fffe0, 0x0000000704200000| 99%| O|  |TS  0|AC  0|TAMS 0x0000000704100000, 0x0000000704100000|
|  66|0x0000000704200000, 0x00000007042ffff0, 0x0000000704300000| 99%| O|  |TS  0|AC  0|TAMS 0x0000000704200000, 0x0000000704200000|
|  67|0x0000000704300000, 0x0000000704400000, 0x0000000704400000|100%|HS|  |TS  0|AC  0|TAMS 0x0000000704300000, 0x0000000704300000|
|  68|0x0000000704400000, 0x00000007044ffff0, 0x0000000704500000| 99%| O|  |TS  0|AC  0|TAMS 0x0000000704400000, 0x0000000704400000|
|  69|0x0000000704500000, 0x00000007045ffff8, 0x0000000704600000| 99%| O|  |TS  0|AC  0|TAMS 0x0000000704500000, 0x0000000704500000|
|  70|0x0000000704600000, 0x00000007046fffd8, 0x0000000704700000| 99%| O|  |TS  0|AC  0|TAMS 0x0000000704600000, 0x0000000704600000|
|  71|0x0000000704700000, 0x00000007047ffe78, 0x0000000704800000| 99%| O|  |TS  0|AC  0|TAMS 0x0000000704700000, 0x0000000704700000|
|  72|0x0000000704800000, 0x00000007048ffff8, 0x0000000704900000| 99%| O|  |TS  0|AC  0|TAMS 0x0000000704800000, 0x0000000704800000|
|  73|0x0000000704900000, 0x00000007049fffc0, 0x0000000704a00000| 99%| O|  |TS  0|AC  0|TAMS 0x0000000704900000, 0x0000000704900000|
|  74|0x0000000704a00000, 0x0000000704afc700, 0x0000000704b00000| 98%| O|  |TS  0|AC  0|TAMS 0x0000000704a00000, 0x0000000704a00000|
|  75|0x0000000704b00000, 0x0000000704c00000, 0x0000000704c00000|100%| O|  |TS  0|AC  0|TAMS 0x0000000704b00000, 0x0000000704b00000|
|  76|0x0000000704c00000, 0x0000000704cb2020, 0x0000000704d00000| 69%| O|  |TS  0|AC  0|TAMS 0x0000000704c00000, 0x0000000704c00000|
|  77|0x0000000704d00000, 0x0000000704d21c00, 0x0000000704e00000| 13%| O|  |TS 41|AC  0|TAMS 0x0000000704d00000, 0x0000000704d00000|
|  78|0x0000000704e00000, 0x0000000704e00000, 0x0000000704f00000|  0%| F|  |TS  0|AC  0|TAMS 0x0000000704e00000, 0x0000000704e00000|
|  79|0x0000000704f00000, 0x0000000704f00000, 0x0000000705000000|  0%| F|  |TS  0|AC  0|TAMS 0x0000000704f00000, 0x0000000704f00000|
|  80|0x0000000705000000, 0x0000000705000000, 0x0000000705100000|  0%| F|  |TS  0|AC  0|TAMS 0x0000000705000000, 0x0000000705000000|
|  81|0x0000000705100000, 0x0000000705100000, 0x0000000705200000|  0%| F|  |TS  0|AC  0|TAMS 0x0000000705100000, 0x0000000705100000|
|  82|0x0000000705200000, 0x0000000705200000, 0x0000000705300000|  0%| F|  |TS  0|AC  0|TAMS 0x0000000705200000, 0x0000000705200000|
|  83|0x0000000705300000, 0x0000000705300000, 0x0000000705400000|  0%| F|  |TS  0|AC  0|TAMS 0x0000000705300000, 0x0000000705300000|
|  84|0x0000000705400000, 0x0000000705400000, 0x0000000705500000|  0%| F|  |TS  0|AC  0|TAMS 0x0000000705400000, 0x0000000705400000|
|  85|0x0000000705500000, 0x0000000705600000, 0x0000000705600000|100%|HS|  |TS  0|AC  0|TAMS 0x0000000705500000, 0x0000000705500000|
|  86|0x0000000705600000, 0x0000000705700000, 0x0000000705700000|100%|HC|  |TS  0|AC  0|TAMS 0x0000000705600000, 0x0000000705600000|
|  87|0x0000000705700000, 0x0000000705800000, 0x0000000705800000|100%|HC|  |TS  0|AC  0|TAMS 0x0000000705700000, 0x0000000705700000|
|  88|0x0000000705800000, 0x0000000705900000, 0x0000000705900000|100%|HC|  |TS  0|AC  0|TAMS 0x0000000705800000, 0x0000000705800000|
|  89|0x0000000705900000, 0x0000000705900000, 0x0000000705a00000|  0%| F|  |TS  0|AC  0|TAMS 0x0000000705900000, 0x0000000705900000|
|  90|0x0000000705a00000, 0x0000000705a00000, 0x0000000705b00000|  0%| F|  |TS  0|AC  0|TAMS 0x0000000705a00000, 0x0000000705a00000|
|  91|0x0000000705b00000, 0x0000000705b00000, 0x0000000705c00000|  0%| F|  |TS  0|AC  0|TAMS 0x0000000705b00000, 0x0000000705b00000|
|  92|0x0000000705c00000, 0x0000000705c00000, 0x0000000705d00000|  0%| F|  |TS  0|AC  0|TAMS 0x0000000705c00000, 0x0000000705c00000|
|  93|0x0000000705d00000, 0x0000000705d00000, 0x0000000705e00000|  0%| F|  |TS  0|AC  0|TAMS 0x0000000705d00000, 0x0000000705d00000|
|  94|0x0000000705e00000, 0x0000000705e00000, 0x0000000705f00000|  0%| F|  |TS  0|AC  0|TAMS 0x0000000705e00000, 0x0000000705e00000|
|  95|0x0000000705f00000, 0x0000000705f00000, 0x0000000706000000|  0%| F|  |TS  0|AC  0|TAMS 0x0000000705f00000, 0x0000000705f00000|
|  96|0x0000000706000000, 0x0000000706000000, 0x0000000706100000|  0%| F|  |TS  0|AC  0|TAMS 0x0000000706000000, 0x0000000706000000|
|  97|0x0000000706100000, 0x0000000706100000, 0x0000000706200000|  0%| F|  |TS  0|AC  0|TAMS 0x0000000706100000, 0x0000000706100000|
|  98|0x0000000706200000, 0x0000000706200000, 0x0000000706300000|  0%| F|  |TS  0|AC  0|TAMS 0x0000000706200000, 0x0000000706200000|
|  99|0x0000000706300000, 0x0000000706300000, 0x0000000706400000|  0%| F|  |TS  0|AC  0|TAMS 0x0000000706300000, 0x0000000706300000|
| 100|0x0000000706400000, 0x0000000706400000, 0x0000000706500000|  0%| F|  |TS  0|AC  0|TAMS 0x0000000706400000, 0x0000000706400000|
| 101|0x0000000706500000, 0x0000000706500000, 0x0000000706600000|  0%| F|  |TS  0|AC  0|TAMS 0x0000000706500000, 0x0000000706500000|
| 102|0x0000000706600000, 0x0000000706600000, 0x0000000706700000|  0%| F|  |TS  0|AC  0|TAMS 0x0000000706600000, 0x0000000706600000|
| 103|0x0000000706700000, 0x0000000706700000, 0x0000000706800000|  0%| F|  |TS  0|AC  0|TAMS 0x0000000706700000, 0x0000000706700000|
| 104|0x0000000706800000, 0x0000000706800000, 0x0000000706900000|  0%| F|  |TS  0|AC  0|TAMS 0x0000000706800000, 0x0000000706800000|
| 105|0x0000000706900000, 0x0000000706900000, 0x0000000706a00000|  0%| F|  |TS  0|AC  0|TAMS 0x0000000706900000, 0x0000000706900000|
| 106|0x0000000706a00000, 0x0000000706a00000, 0x0000000706b00000|  0%| F|  |TS  0|AC  0|TAMS 0x0000000706a00000, 0x0000000706a00000|
| 107|0x0000000706b00000, 0x0000000706c00000, 0x0000000706c00000|100%|HS|  |TS  0|AC  0|TAMS 0x0000000706b00000, 0x0000000706b00000|
| 108|0x0000000706c00000, 0x0000000706d00000, 0x0000000706d00000|100%|HC|  |TS  0|AC  0|TAMS 0x0000000706c00000, 0x0000000706c00000|
| 109|0x0000000706d00000, 0x0000000706e00000, 0x0000000706e00000|100%|HC|  |TS  0|AC  0|TAMS 0x0000000706d00000, 0x0000000706d00000|
| 110|0x0000000706e00000, 0x0000000706f00000, 0x0000000706f00000|100%|HC|  |TS  0|AC  0|TAMS 0x0000000706e00000, 0x0000000706e00000|
| 111|0x0000000706f00000, 0x0000000707000000, 0x0000000707000000|100%|HC|  |TS  0|AC  0|TAMS 0x0000000706f00000, 0x0000000706f00000|
| 112|0x0000000707000000, 0x0000000707100000, 0x0000000707100000|100%|HC|  |TS  0|AC  0|TAMS 0x0000000707000000, 0x0000000707000000|
| 113|0x0000000707100000, 0x0000000707200000, 0x0000000707200000|100%|HC|  |TS  0|AC  0|TAMS 0x0000000707100000, 0x0000000707100000|
| 114|0x0000000707200000, 0x0000000707300000, 0x0000000707300000|100%|HC|  |TS  0|AC  0|TAMS 0x0000000707200000, 0x0000000707200000|
| 115|0x0000000707300000, 0x0000000707300000, 0x0000000707400000|  0%| F|  |TS  0|AC  0|TAMS 0x0000000707300000, 0x0000000707300000|
| 116|0x0000000707400000, 0x0000000707400000, 0x0000000707500000|  0%| F|  |TS  0|AC  0|TAMS 0x0000000707400000, 0x0000000707400000|
| 117|0x0000000707500000, 0x0000000707500000, 0x0000000707600000|  0%| F|  |TS  0|AC  0|TAMS 0x0000000707500000, 0x0000000707500000|
| 118|0x0000000707600000, 0x0000000707600000, 0x0000000707700000|  0%| F|  |TS  0|AC  0|TAMS 0x0000000707600000, 0x0000000707600000|
| 119|0x0000000707700000, 0x0000000707700000, 0x0000000707800000|  0%| F|  |TS  0|AC  0|TAMS 0x0000000707700000, 0x0000000707700000|
| 120|0x0000000707800000, 0x0000000707800000, 0x0000000707900000|  0%| F|  |TS  0|AC  0|TAMS 0x0000000707800000, 0x0000000707800000|
| 121|0x0000000707900000, 0x0000000707900000, 0x0000000707a00000|  0%| F|  |TS  0|AC  0|TAMS 0x0000000707900000, 0x0000000707900000|
| 122|0x0000000707a00000, 0x0000000707a00000, 0x0000000707b00000|  0%| F|  |TS  0|AC  0|TAMS 0x0000000707a00000, 0x0000000707a00000|
| 123|0x0000000707b00000, 0x0000000707b00000, 0x0000000707c00000|  0%| F|  |TS  0|AC  0|TAMS 0x0000000707b00000, 0x0000000707b00000|
| 124|0x0000000707c00000, 0x0000000707c00000, 0x0000000707d00000|  0%| F|  |TS  0|AC  0|TAMS 0x0000000707c00000, 0x0000000707c00000|
| 125|0x0000000707d00000, 0x0000000707d00000, 0x0000000707e00000|  0%| F|  |TS  0|AC  0|TAMS 0x0000000707d00000, 0x0000000707d00000|
| 126|0x0000000707e00000, 0x0000000707e00000, 0x0000000707f00000|  0%| F|  |TS  0|AC  0|TAMS 0x0000000707e00000, 0x0000000707e00000|
| 127|0x0000000707f00000, 0x0000000707f00000, 0x0000000708000000|  0%| F|  |TS  0|AC  0|TAMS 0x0000000707f00000, 0x0000000707f00000|
| 128|0x0000000708000000, 0x0000000708000000, 0x0000000708100000|  0%| F|  |TS  0|AC  0|TAMS 0x0000000708000000, 0x0000000708000000|
| 129|0x0000000708100000, 0x0000000708100000, 0x0000000708200000|  0%| F|  |TS  0|AC  0|TAMS 0x0000000708100000, 0x0000000708100000|
| 130|0x0000000708200000, 0x0000000708200000, 0x0000000708300000|  0%| F|  |TS  0|AC  0|TAMS 0x0000000708200000, 0x0000000708200000|
| 131|0x0000000708300000, 0x0000000708300000, 0x0000000708400000|  0%| F|  |TS  0|AC  0|TAMS 0x0000000708300000, 0x0000000708300000|
| 132|0x0000000708400000, 0x0000000708400000, 0x0000000708500000|  0%| F|  |TS  0|AC  0|TAMS 0x0000000708400000, 0x0000000708400000|
| 133|0x0000000708500000, 0x0000000708500000, 0x0000000708600000|  0%| F|  |TS  0|AC  0|TAMS 0x0000000708500000, 0x0000000708500000|
| 134|0x0000000708600000, 0x0000000708600000, 0x0000000708700000|  0%| F|  |TS  0|AC  0|TAMS 0x0000000708600000, 0x0000000708600000|
| 135|0x0000000708700000, 0x0000000708700000, 0x0000000708800000|  0%| F|  |TS  0|AC  0|TAMS 0x0000000708700000, 0x0000000708700000|
| 136|0x0000000708800000, 0x0000000708800000, 0x0000000708900000|  0%| F|  |TS  0|AC  0|TAMS 0x0000000708800000, 0x0000000708800000|
| 137|0x0000000708900000, 0x0000000708900000, 0x0000000708a00000|  0%| F|  |TS  0|AC  0|TAMS 0x0000000708900000, 0x0000000708900000|
| 138|0x0000000708a00000, 0x0000000708a00000, 0x0000000708b00000|  0%| F|  |TS  0|AC  0|TAMS 0x0000000708a00000, 0x0000000708a00000|
| 139|0x0000000708b00000, 0x0000000708b00000, 0x0000000708c00000|  0%| F|  |TS  0|AC  0|TAMS 0x0000000708b00000, 0x0000000708b00000|
| 140|0x0000000708c00000, 0x0000000708c00000, 0x0000000708d00000|  0%| F|  |TS  0|AC  0|TAMS 0x0000000708c00000, 0x0000000708c00000|
| 141|0x0000000708d00000, 0x0000000708d00000, 0x0000000708e00000|  0%| F|  |TS  0|AC  0|TAMS 0x0000000708d00000, 0x0000000708d00000|
| 142|0x0000000708e00000, 0x0000000708e00000, 0x0000000708f00000|  0%| F|  |TS  0|AC  0|TAMS 0x0000000708e00000, 0x0000000708e00000|
| 143|0x0000000708f00000, 0x0000000708f00000, 0x0000000709000000|  0%| F|  |TS  0|AC  0|TAMS 0x0000000708f00000, 0x0000000708f00000|
| 144|0x0000000709000000, 0x0000000709000000, 0x0000000709100000|  0%| F|  |TS  0|AC  0|TAMS 0x0000000709000000, 0x0000000709000000|
| 145|0x0000000709100000, 0x0000000709100000, 0x0000000709200000|  0%| F|  |TS  0|AC  0|TAMS 0x0000000709100000, 0x0000000709100000|
| 146|0x0000000709200000, 0x0000000709200000, 0x0000000709300000|  0%| F|  |TS  0|AC  0|TAMS 0x0000000709200000, 0x0000000709200000|
| 147|0x0000000709300000, 0x0000000709300000, 0x0000000709400000|  0%| F|  |TS  0|AC  0|TAMS 0x0000000709300000, 0x0000000709300000|
| 148|0x0000000709400000, 0x0000000709400000, 0x0000000709500000|  0%| F|  |TS  0|AC  0|TAMS 0x0000000709400000, 0x0000000709400000|
| 149|0x0000000709500000, 0x0000000709500000, 0x0000000709600000|  0%| F|  |TS  0|AC  0|TAMS 0x0000000709500000, 0x0000000709500000|
| 150|0x0000000709600000, 0x0000000709600000, 0x0000000709700000|  0%| F|  |TS  0|AC  0|TAMS 0x0000000709600000, 0x0000000709600000|
| 151|0x0000000709700000, 0x0000000709700000, 0x0000000709800000|  0%| F|  |TS  0|AC  0|TAMS 0x0000000709700000, 0x0000000709700000|
| 152|0x0000000709800000, 0x0000000709800000, 0x0000000709900000|  0%| F|  |TS  0|AC  0|TAMS 0x0000000709800000, 0x0000000709800000|
| 153|0x0000000709900000, 0x0000000709900000, 0x0000000709a00000|  0%| F|  |TS  0|AC  0|TAMS 0x0000000709900000, 0x0000000709900000|
| 154|0x0000000709a00000, 0x0000000709a00000, 0x0000000709b00000|  0%| F|  |TS  0|AC  0|TAMS 0x0000000709a00000, 0x0000000709a00000|
| 155|0x0000000709b00000, 0x0000000709b00000, 0x0000000709c00000|  0%| F|  |TS  0|AC  0|TAMS 0x0000000709b00000, 0x0000000709b00000|
| 156|0x0000000709c00000, 0x0000000709c00000, 0x0000000709d00000|  0%| F|  |TS  0|AC  0|TAMS 0x0000000709c00000, 0x0000000709c00000|
| 157|0x0000000709d00000, 0x0000000709d00000, 0x0000000709e00000|  0%| F|  |TS  0|AC  0|TAMS 0x0000000709d00000, 0x0000000709d00000|
| 158|0x0000000709e00000, 0x0000000709e00000, 0x0000000709f00000|  0%| F|  |TS  0|AC  0|TAMS 0x0000000709e00000, 0x0000000709e00000|
| 159|0x0000000709f00000, 0x0000000709f00000, 0x000000070a000000|  0%| F|  |TS  0|AC  0|TAMS 0x0000000709f00000, 0x0000000709f00000|
| 160|0x000000070a000000, 0x000000070a000000, 0x000000070a100000|  0%| F|  |TS  0|AC  0|TAMS 0x000000070a000000, 0x000000070a000000|
| 161|0x000000070a100000, 0x000000070a100000, 0x000000070a200000|  0%| F|  |TS  0|AC  0|TAMS 0x000000070a100000, 0x000000070a100000|
| 162|0x000000070a200000, 0x000000070a200000, 0x000000070a300000|  0%| F|  |TS  0|AC  0|TAMS 0x000000070a200000, 0x000000070a200000|
| 163|0x000000070a300000, 0x000000070a300000, 0x000000070a400000|  0%| F|  |TS  0|AC  0|TAMS 0x000000070a300000, 0x000000070a300000|
| 164|0x000000070a400000, 0x000000070a400000, 0x000000070a500000|  0%| F|  |TS  0|AC  0|TAMS 0x000000070a400000, 0x000000070a400000|
| 165|0x000000070a500000, 0x000000070a500000, 0x000000070a600000|  0%| F|  |TS  0|AC  0|TAMS 0x000000070a500000, 0x000000070a500000|
| 166|0x000000070a600000, 0x000000070a600000, 0x000000070a700000|  0%| F|  |TS  0|AC  0|TAMS 0x000000070a600000, 0x000000070a600000|
| 167|0x000000070a700000, 0x000000070a700000, 0x000000070a800000|  0%| F|  |TS  0|AC  0|TAMS 0x000000070a700000, 0x000000070a700000|
| 168|0x000000070a800000, 0x000000070a800000, 0x000000070a900000|  0%| F|  |TS  0|AC  0|TAMS 0x000000070a800000, 0x000000070a800000|
| 169|0x000000070a900000, 0x000000070a900000, 0x000000070aa00000|  0%| F|  |TS  0|AC  0|TAMS 0x000000070a900000, 0x000000070a900000|
| 170|0x000000070aa00000, 0x000000070aa00000, 0x000000070ab00000|  0%| F|  |TS  0|AC  0|TAMS 0x000000070aa00000, 0x000000070aa00000|
| 171|0x000000070ab00000, 0x000000070ab00000, 0x000000070ac00000|  0%| F|  |TS  0|AC  0|TAMS 0x000000070ab00000, 0x000000070ab00000|
| 172|0x000000070ac00000, 0x000000070ac00000, 0x000000070ad00000|  0%| F|  |TS  0|AC  0|TAMS 0x000000070ac00000, 0x000000070ac00000|
| 173|0x000000070ad00000, 0x000000070ad00000, 0x000000070ae00000|  0%| F|  |TS  0|AC  0|TAMS 0x000000070ad00000, 0x000000070ad00000|
| 174|0x000000070ae00000, 0x000000070ae00000, 0x000000070af00000|  0%| F|  |TS  0|AC  0|TAMS 0x000000070ae00000, 0x000000070ae00000|
| 175|0x000000070af00000, 0x000000070af00000, 0x000000070b000000|  0%| F|  |TS  0|AC  0|TAMS 0x000000070af00000, 0x000000070af00000|
| 176|0x000000070b000000, 0x000000070b000000, 0x000000070b100000|  0%| F|  |TS  0|AC  0|TAMS 0x000000070b000000, 0x000000070b000000|
| 177|0x000000070b100000, 0x000000070b100000, 0x000000070b200000|  0%| F|  |TS  0|AC  0|TAMS 0x000000070b100000, 0x000000070b100000|
| 178|0x000000070b200000, 0x000000070b200000, 0x000000070b300000|  0%| F|  |TS  0|AC  0|TAMS 0x000000070b200000, 0x000000070b200000|
| 179|0x000000070b300000, 0x000000070b300000, 0x000000070b400000|  0%| F|  |TS  0|AC  0|TAMS 0x000000070b300000, 0x000000070b300000|
| 180|0x000000070b400000, 0x000000070b400000, 0x000000070b500000|  0%| F|  |TS  0|AC  0|TAMS 0x000000070b400000, 0x000000070b400000|
| 181|0x000000070b500000, 0x000000070b500000, 0x000000070b600000|  0%| F|  |TS  0|AC  0|TAMS 0x000000070b500000, 0x000000070b500000|
| 182|0x000000070b600000, 0x000000070b600000, 0x000000070b700000|  0%| F|  |TS  0|AC  0|TAMS 0x000000070b600000, 0x000000070b600000|
| 183|0x000000070b700000, 0x000000070b700000, 0x000000070b800000|  0%| F|  |TS  0|AC  0|TAMS 0x000000070b700000, 0x000000070b700000|
| 184|0x000000070b800000, 0x000000070b800000, 0x000000070b900000|  0%| F|  |TS  0|AC  0|TAMS 0x000000070b800000, 0x000000070b800000|
| 185|0x000000070b900000, 0x000000070b900000, 0x000000070ba00000|  0%| F|  |TS  0|AC  0|TAMS 0x000000070b900000, 0x000000070b900000|
| 186|0x000000070ba00000, 0x000000070ba00000, 0x000000070bb00000|  0%| F|  |TS  0|AC  0|TAMS 0x000000070ba00000, 0x000000070ba00000|
| 187|0x000000070bb00000, 0x000000070bb00000, 0x000000070bc00000|  0%| F|  |TS  0|AC  0|TAMS 0x000000070bb00000, 0x000000070bb00000|
| 188|0x000000070bc00000, 0x000000070bc00000, 0x000000070bd00000|  0%| F|  |TS  0|AC  0|TAMS 0x000000070bc00000, 0x000000070bc00000|
| 189|0x000000070bd00000, 0x000000070bd00000, 0x000000070be00000|  0%| F|  |TS  0|AC  0|TAMS 0x000000070bd00000, 0x000000070bd00000|
| 190|0x000000070be00000, 0x000000070be00000, 0x000000070bf00000|  0%| F|  |TS  0|AC  0|TAMS 0x000000070be00000, 0x000000070be00000|
| 191|0x000000070bf00000, 0x000000070bf00000, 0x000000070c000000|  0%| F|  |TS  0|AC  0|TAMS 0x000000070bf00000, 0x000000070bf00000|
| 192|0x000000070c000000, 0x000000070c000000, 0x000000070c100000|  0%| F|  |TS  0|AC  0|TAMS 0x000000070c000000, 0x000000070c000000|
| 193|0x000000070c100000, 0x000000070c100000, 0x000000070c200000|  0%| F|  |TS  0|AC  0|TAMS 0x000000070c100000, 0x000000070c100000|
| 194|0x000000070c200000, 0x000000070c200000, 0x000000070c300000|  0%| F|  |TS  0|AC  0|TAMS 0x000000070c200000, 0x000000070c200000|
| 195|0x000000070c300000, 0x000000070c300000, 0x000000070c400000|  0%| F|  |TS  0|AC  0|TAMS 0x000000070c300000, 0x000000070c300000|
| 196|0x000000070c400000, 0x000000070c400000, 0x000000070c500000|  0%| F|  |TS  0|AC  0|TAMS 0x000000070c400000, 0x000000070c400000|
| 197|0x000000070c500000, 0x000000070c500000, 0x000000070c600000|  0%| F|  |TS  0|AC  0|TAMS 0x000000070c500000, 0x000000070c500000|
| 198|0x000000070c600000, 0x000000070c600000, 0x000000070c700000|  0%| F|  |TS  0|AC  0|TAMS 0x000000070c600000, 0x000000070c600000|
| 199|0x000000070c700000, 0x000000070c700000, 0x000000070c800000|  0%| F|  |TS  0|AC  0|TAMS 0x000000070c700000, 0x000000070c700000|
| 200|0x000000070c800000, 0x000000070c800000, 0x000000070c900000|  0%| F|  |TS  0|AC  0|TAMS 0x000000070c800000, 0x000000070c800000|
| 201|0x000000070c900000, 0x000000070c900000, 0x000000070ca00000|  0%| F|  |TS  0|AC  0|TAMS 0x000000070c900000, 0x000000070c900000|
| 202|0x000000070ca00000, 0x000000070ca00000, 0x000000070cb00000|  0%| F|  |TS  0|AC  0|TAMS 0x000000070ca00000, 0x000000070ca00000|
| 203|0x000000070cb00000, 0x000000070cb00000, 0x000000070cc00000|  0%| F|  |TS  0|AC  0|TAMS 0x000000070cb00000, 0x000000070cb00000|
| 204|0x000000070cc00000, 0x000000070cc00000, 0x000000070cd00000|  0%| F|  |TS  0|AC  0|TAMS 0x000000070cc00000, 0x000000070cc00000|
| 205|0x000000070cd00000, 0x000000070cd00000, 0x000000070ce00000|  0%| F|  |TS  0|AC  0|TAMS 0x000000070cd00000, 0x000000070cd00000|
| 206|0x000000070ce00000, 0x000000070ce00000, 0x000000070cf00000|  0%| F|  |TS  0|AC  0|TAMS 0x000000070ce00000, 0x000000070ce00000|
| 207|0x000000070cf00000, 0x000000070cf00000, 0x000000070d000000|  0%| F|  |TS  0|AC  0|TAMS 0x000000070cf00000, 0x000000070cf00000|
| 208|0x000000070d000000, 0x000000070d000000, 0x000000070d100000|  0%| F|  |TS  0|AC  0|TAMS 0x000000070d000000, 0x000000070d000000|
| 209|0x000000070d100000, 0x000000070d100000, 0x000000070d200000|  0%| F|  |TS  0|AC  0|TAMS 0x000000070d100000, 0x000000070d100000|
| 210|0x000000070d200000, 0x000000070d200000, 0x000000070d300000|  0%| F|  |TS  0|AC  0|TAMS 0x000000070d200000, 0x000000070d200000|
| 211|0x000000070d300000, 0x000000070d300000, 0x000000070d400000|  0%| F|  |TS  0|AC  0|TAMS 0x000000070d300000, 0x000000070d300000|
| 212|0x000000070d400000, 0x000000070d400000, 0x000000070d500000|  0%| F|  |TS  0|AC  0|TAMS 0x000000070d400000, 0x000000070d400000|
| 213|0x000000070d500000, 0x000000070d500000, 0x000000070d600000|  0%| F|  |TS  0|AC  0|TAMS 0x000000070d500000, 0x000000070d500000|
| 214|0x000000070d600000, 0x000000070d600000, 0x000000070d700000|  0%| F|  |TS  0|AC  0|TAMS 0x000000070d600000, 0x000000070d600000|
| 215|0x000000070d700000, 0x000000070d700000, 0x000000070d800000|  0%| F|  |TS  0|AC  0|TAMS 0x000000070d700000, 0x000000070d700000|
| 216|0x000000070d800000, 0x000000070d800000, 0x000000070d900000|  0%| F|  |TS  0|AC  0|TAMS 0x000000070d800000, 0x000000070d800000|
| 217|0x000000070d900000, 0x000000070d900000, 0x000000070da00000|  0%| F|  |TS  0|AC  0|TAMS 0x000000070d900000, 0x000000070d900000|
| 218|0x000000070da00000, 0x000000070da00000, 0x000000070db00000|  0%| F|  |TS  0|AC  0|TAMS 0x000000070da00000, 0x000000070da00000|
| 219|0x000000070db00000, 0x000000070db00000, 0x000000070dc00000|  0%| F|  |TS  0|AC  0|TAMS 0x000000070db00000, 0x000000070db00000|
| 220|0x000000070dc00000, 0x000000070dc00000, 0x000000070dd00000|  0%| F|  |TS  0|AC  0|TAMS 0x000000070dc00000, 0x000000070dc00000|
| 221|0x000000070dd00000, 0x000000070dd00000, 0x000000070de00000|  0%| F|  |TS  0|AC  0|TAMS 0x000000070dd00000, 0x000000070dd00000|
| 222|0x000000070de00000, 0x000000070de00000, 0x000000070df00000|  0%| F|  |TS  0|AC  0|TAMS 0x000000070de00000, 0x000000070de00000|
| 223|0x000000070df00000, 0x000000070df00000, 0x000000070e000000|  0%| F|  |TS  0|AC  0|TAMS 0x000000070df00000, 0x000000070df00000|
| 224|0x000000070e000000, 0x000000070e000000, 0x000000070e100000|  0%| F|  |TS  0|AC  0|TAMS 0x000000070e000000, 0x000000070e000000|
| 225|0x000000070e100000, 0x000000070e100000, 0x000000070e200000|  0%| F|  |TS  0|AC  0|TAMS 0x000000070e100000, 0x000000070e100000|
| 226|0x000000070e200000, 0x000000070e200000, 0x000000070e300000|  0%| F|  |TS  0|AC  0|TAMS 0x000000070e200000, 0x000000070e200000|
| 227|0x000000070e300000, 0x000000070e300000, 0x000000070e400000|  0%| F|  |TS  0|AC  0|TAMS 0x000000070e300000, 0x000000070e300000|
| 228|0x000000070e400000, 0x000000070e400000, 0x000000070e500000|  0%| F|  |TS  0|AC  0|TAMS 0x000000070e400000, 0x000000070e400000|
| 229|0x000000070e500000, 0x000000070e500000, 0x000000070e600000|  0%| F|  |TS 41|AC  0|TAMS 0x000000070e500000, 0x000000070e500000|
| 230|0x000000070e600000, 0x000000070e6810b0, 0x000000070e700000| 50%| S|CS|TS 41|AC  0|TAMS 0x000000070e600000, 0x000000070e600000|
| 231|0x000000070e700000, 0x000000070e700000, 0x000000070e800000|  0%| F|  |TS 41|AC  0|TAMS 0x000000070e700000, 0x000000070e700000|
| 232|0x000000070e800000, 0x000000070e900000, 0x000000070e900000|100%| S|CS|TS 41|AC  0|TAMS 0x000000070e800000, 0x000000070e800000|
| 233|0x000000070e900000, 0x000000070e900000, 0x000000070ea00000|  0%| F|  |TS 41|AC  0|TAMS 0x000000070e900000, 0x000000070e900000|
| 234|0x000000070ea00000, 0x000000070ea00000, 0x000000070eb00000|  0%| F|  |TS 41|AC  0|TAMS 0x000000070ea00000, 0x000000070ea00000|
| 235|0x000000070eb00000, 0x000000070eb00000, 0x000000070ec00000|  0%| F|  |TS 41|AC  0|TAMS 0x000000070eb00000, 0x000000070eb00000|
| 236|0x000000070ec00000, 0x000000070ec00000, 0x000000070ed00000|  0%| F|  |TS 41|AC  0|TAMS 0x000000070ec00000, 0x000000070ec00000|
| 237|0x000000070ed00000, 0x000000070ed00000, 0x000000070ee00000|  0%| F|  |TS 41|AC  0|TAMS 0x000000070ed00000, 0x000000070ed00000|
| 238|0x000000070ee00000, 0x000000070ee00000, 0x000000070ef00000|  0%| F|  |TS 41|AC  0|TAMS 0x000000070ee00000, 0x000000070ee00000|
| 239|0x000000070ef00000, 0x000000070ef00000, 0x000000070f000000|  0%| F|  |TS 41|AC  0|TAMS 0x000000070ef00000, 0x000000070ef00000|
| 240|0x000000070f000000, 0x000000070f000000, 0x000000070f100000|  0%| F|  |TS 41|AC  0|TAMS 0x000000070f000000, 0x000000070f000000|
| 241|0x000000070f100000, 0x000000070f11f6d8, 0x000000070f200000| 12%| E|  |TS 41|AC  0|TAMS 0x000000070f100000, 0x000000070f100000|
| 242|0x000000070f200000, 0x000000070f300000, 0x000000070f300000|100%| E|CS|TS 41|AC  0|TAMS 0x000000070f200000, 0x000000070f200000|
| 243|0x000000070f300000, 0x000000070f400000, 0x000000070f400000|100%| E|CS|TS 41|AC  0|TAMS 0x000000070f300000, 0x000000070f300000|
| 244|0x000000070f400000, 0x000000070f500000, 0x000000070f500000|100%| E|CS|TS 41|AC  0|TAMS 0x000000070f400000, 0x000000070f400000|
| 245|0x000000070f500000, 0x000000070f600000, 0x000000070f600000|100%| E|CS|TS 41|AC  0|TAMS 0x000000070f500000, 0x000000070f500000|
| 246|0x000000070f600000, 0x000000070f700000, 0x000000070f700000|100%| E|CS|TS 41|AC  0|TAMS 0x000000070f600000, 0x000000070f600000|
| 247|0x000000070f700000, 0x000000070f800000, 0x000000070f800000|100%| E|CS|TS 41|AC  0|TAMS 0x000000070f700000, 0x000000070f700000|
| 248|0x000000070f800000, 0x000000070f900000, 0x000000070f900000|100%| E|CS|TS 41|AC  0|TAMS 0x000000070f800000, 0x000000070f800000|
| 249|0x000000070f900000, 0x000000070fa00000, 0x000000070fa00000|100%| E|CS|TS 41|AC  0|TAMS 0x000000070f900000, 0x000000070f900000|
| 250|0x000000070fa00000, 0x000000070fb00000, 0x000000070fb00000|100%| E|CS|TS 41|AC  0|TAMS 0x000000070fa00000, 0x000000070fa00000|
| 251|0x000000070fb00000, 0x000000070fc00000, 0x000000070fc00000|100%| E|CS|TS 41|AC  0|TAMS 0x000000070fb00000, 0x000000070fb00000|
| 252|0x000000070fc00000, 0x000000070fd00000, 0x000000070fd00000|100%| E|CS|TS 41|AC  0|TAMS 0x000000070fc00000, 0x000000070fc00000|
| 253|0x000000070fd00000, 0x000000070fe00000, 0x000000070fe00000|100%| E|CS|TS 41|AC  0|TAMS 0x000000070fd00000, 0x000000070fd00000|
| 254|0x000000070fe00000, 0x000000070ff00000, 0x000000070ff00000|100%| E|CS|TS 41|AC  0|TAMS 0x000000070fe00000, 0x000000070fe00000|
| 255|0x000000070ff00000, 0x0000000710000000, 0x0000000710000000|100%| E|CS|TS 41|AC  0|TAMS 0x000000070ff00000, 0x000000070ff00000|
| 256|0x0000000710000000, 0x0000000710100000, 0x0000000710100000|100%| E|CS|TS 41|AC  0|TAMS 0x0000000710000000, 0x0000000710000000|
| 257|0x0000000710100000, 0x0000000710200000, 0x0000000710200000|100%| E|CS|TS 41|AC  0|TAMS 0x0000000710100000, 0x0000000710100000|
| 258|0x0000000710200000, 0x0000000710300000, 0x0000000710300000|100%| E|CS|TS 41|AC  0|TAMS 0x0000000710200000, 0x0000000710200000|
| 259|0x0000000710300000, 0x0000000710400000, 0x0000000710400000|100%| E|CS|TS 41|AC  0|TAMS 0x0000000710300000, 0x0000000710300000|
| 260|0x0000000710400000, 0x0000000710500000, 0x0000000710500000|100%| E|CS|TS 41|AC  0|TAMS 0x0000000710400000, 0x0000000710400000|
| 261|0x0000000710500000, 0x0000000710600000, 0x0000000710600000|100%| E|CS|TS 41|AC  0|TAMS 0x0000000710500000, 0x0000000710500000|
| 262|0x0000000710600000, 0x0000000710700000, 0x0000000710700000|100%| E|CS|TS 41|AC  0|TAMS 0x0000000710600000, 0x0000000710600000|
| 263|0x0000000710700000, 0x0000000710800000, 0x0000000710800000|100%| E|CS|TS 41|AC  0|TAMS 0x0000000710700000, 0x0000000710700000|
| 264|0x0000000710800000, 0x0000000710900000, 0x0000000710900000|100%| E|CS|TS 41|AC  0|TAMS 0x0000000710800000, 0x0000000710800000|
| 265|0x0000000710900000, 0x0000000710a00000, 0x0000000710a00000|100%| E|CS|TS 41|AC  0|TAMS 0x0000000710900000, 0x0000000710900000|
| 266|0x0000000710a00000, 0x0000000710b00000, 0x0000000710b00000|100%| E|CS|TS 41|AC  0|TAMS 0x0000000710a00000, 0x0000000710a00000|
| 267|0x0000000710b00000, 0x0000000710c00000, 0x0000000710c00000|100%| E|CS|TS 41|AC  0|TAMS 0x0000000710b00000, 0x0000000710b00000|
| 268|0x0000000710c00000, 0x0000000710d00000, 0x0000000710d00000|100%| E|CS|TS 41|AC  0|TAMS 0x0000000710c00000, 0x0000000710c00000|
| 269|0x0000000710d00000, 0x0000000710e00000, 0x0000000710e00000|100%| E|CS|TS 41|AC  0|TAMS 0x0000000710d00000, 0x0000000710d00000|
| 270|0x0000000710e00000, 0x0000000710f00000, 0x0000000710f00000|100%| E|CS|TS 41|AC  0|TAMS 0x0000000710e00000, 0x0000000710e00000|
| 271|0x0000000710f00000, 0x0000000711000000, 0x0000000711000000|100%| E|CS|TS 41|AC  0|TAMS 0x0000000710f00000, 0x0000000710f00000|
| 272|0x0000000711000000, 0x0000000711100000, 0x0000000711100000|100%| E|CS|TS 41|AC  0|TAMS 0x0000000711000000, 0x0000000711000000|
| 273|0x0000000711100000, 0x0000000711200000, 0x0000000711200000|100%| E|CS|TS 41|AC  0|TAMS 0x0000000711100000, 0x0000000711100000|
| 274|0x0000000711200000, 0x0000000711300000, 0x0000000711300000|100%| E|CS|TS 41|AC  0|TAMS 0x0000000711200000, 0x0000000711200000|
| 275|0x0000000711300000, 0x0000000711400000, 0x0000000711400000|100%| E|CS|TS 41|AC  0|TAMS 0x0000000711300000, 0x0000000711300000|
| 276|0x0000000711400000, 0x0000000711500000, 0x0000000711500000|100%| E|CS|TS 41|AC  0|TAMS 0x0000000711400000, 0x0000000711400000|
| 277|0x0000000711500000, 0x0000000711600000, 0x0000000711600000|100%| E|CS|TS 41|AC  0|TAMS 0x0000000711500000, 0x0000000711500000|
| 278|0x0000000711600000, 0x0000000711700000, 0x0000000711700000|100%| E|CS|TS 41|AC  0|TAMS 0x0000000711600000, 0x0000000711600000|
| 279|0x0000000711700000, 0x0000000711800000, 0x0000000711800000|100%| E|CS|TS 41|AC  0|TAMS 0x0000000711700000, 0x0000000711700000|
| 280|0x0000000711800000, 0x0000000711900000, 0x0000000711900000|100%| E|CS|TS 41|AC  0|TAMS 0x0000000711800000, 0x0000000711800000|
| 281|0x0000000711900000, 0x0000000711a00000, 0x0000000711a00000|100%| E|CS|TS 41|AC  0|TAMS 0x0000000711900000, 0x0000000711900000|
| 282|0x0000000711a00000, 0x0000000711b00000, 0x0000000711b00000|100%| E|CS|TS 41|AC  0|TAMS 0x0000000711a00000, 0x0000000711a00000|
| 283|0x0000000711b00000, 0x0000000711c00000, 0x0000000711c00000|100%| E|CS|TS 41|AC  0|TAMS 0x0000000711b00000, 0x0000000711b00000|
| 284|0x0000000711c00000, 0x0000000711d00000, 0x0000000711d00000|100%| E|CS|TS 41|AC  0|TAMS 0x0000000711c00000, 0x0000000711c00000|
| 285|0x0000000711d00000, 0x0000000711e00000, 0x0000000711e00000|100%| E|CS|TS 41|AC  0|TAMS 0x0000000711d00000, 0x0000000711d00000|
| 286|0x0000000711e00000, 0x0000000711f00000, 0x0000000711f00000|100%| E|CS|TS 41|AC  0|TAMS 0x0000000711e00000, 0x0000000711e00000|
| 287|0x0000000711f00000, 0x0000000712000000, 0x0000000712000000|100%| E|CS|TS 41|AC  0|TAMS 0x0000000711f00000, 0x0000000711f00000|
| 288|0x0000000712000000, 0x0000000712100000, 0x0000000712100000|100%| E|CS|TS 41|AC  0|TAMS 0x0000000712000000, 0x0000000712000000|
| 289|0x0000000712100000, 0x0000000712200000, 0x0000000712200000|100%| E|CS|TS 41|AC  0|TAMS 0x0000000712100000, 0x0000000712100000|
| 290|0x0000000712200000, 0x0000000712300000, 0x0000000712300000|100%| E|CS|TS 41|AC  0|TAMS 0x0000000712200000, 0x0000000712200000|

Card table byte_map: [0x0000021af9430000,0x0000021af9a30000] byte_map_base: 0x0000021af5c30000

Marking Bits (Prev, Next): (CMBitMap*) 0x0000021af9ef97e8, (CMBitMap*) 0x0000021af9ef97b0
 Prev Bits: [0x0000021a95b40000, 0x0000021a98b40000)
 Next Bits: [0x0000021afc420000, 0x0000021aff420000)

Polling page: 0x0000021af1800000

CodeHeap 'non-profiled nmethods': size=120064Kb used=21188Kb max_used=21843Kb free=98875Kb
 bounds [0x0000021a8e600000, 0x0000021a8fb60000, 0x0000021a95b40000]
CodeHeap 'profiled nmethods': size=120000Kb used=41780Kb max_used=45890Kb free=78219Kb
 bounds [0x0000021a870d0000, 0x0000021a89de0000, 0x0000021a8e600000]
CodeHeap 'non-nmethods': size=5696Kb used=1829Kb max_used=1894Kb free=3866Kb
 bounds [0x0000021a86b40000, 0x0000021a86db0000, 0x0000021a870d0000]
 total_blobs=33065 nmethods=17404 adapters=1185
 compilation: enabled

Compilation events (10 events):
Event: 4053.281 Thread 0x0000021af791d800 23146       3       ui.views.x.b.e::getCaption (5 bytes)
Event: 4053.281 Thread 0x0000021af791d800 nmethod 23146 0x0000021a873cd090 code [0x0000021a873cd240, 0x0000021a873cd450]
Event: 4053.416 Thread 0x0000021af791d800 23147       3       com.jidesoft.utils.SystemInfo::isWindows (4 bytes)
Event: 4053.416 Thread 0x0000021af791d800 nmethod 23147 0x0000021a87231f90 code [0x0000021a87232140, 0x0000021a87232298]
Event: 4053.537 Thread 0x0000021af791d800 23148       3       ui.utils.o.c.a::getPreferredSize (43 bytes)
Event: 4053.538 Thread 0x0000021af791d800 nmethod 23148 0x0000021a874e1290 code [0x0000021a874e1480, 0x0000021a874e1950]
Event: 4057.993 Thread 0x0000021af791d800 23149       3       com.jidesoft.plaf.basic.BasicSidePaneUI::initButtonRects (107 bytes)
Event: 4057.994 Thread 0x0000021af791d800 nmethod 23149 0x0000021a87694210 code [0x0000021a87694440, 0x0000021a876950c0]
Event: 4059.857 Thread 0x0000021af5d7e000 23150   !   4       com.jidesoft.plaf.basic.BasicCommandBarUI::paint (303 bytes)
Event: 4059.860 Thread 0x0000021af5d7e000 nmethod 23150 0x0000021a8ee6bb10 code [0x0000021a8ee6bca0, 0x0000021a8ee6be78]

GC Heap History (10 events):
Event: 4005.139 GC heap before
{Heap before GC invocations=257 (full 10):
 garbage-first heap   total 297984K, used 150526K [0x0000000700000000, 0x0000000700100918, 0x00000007c0000000)
  region size 1024K, 60 young (61440K), 2 survivors (2048K)
 Metaspace       used 83691K, capacity 88688K, committed 90912K, reserved 1128448K
  class space    used 11233K, capacity 12148K, committed 12620K, reserved 1048576K
}
Event: 4005.145 GC heap after
{Heap after GC invocations=258 (full 10):
 garbage-first heap   total 297984K, used 91249K [0x0000000700000000, 0x0000000700100918, 0x00000007c0000000)
  region size 1024K, 2 young (2048K), 2 survivors (2048K)
 Metaspace       used 83691K, capacity 88688K, committed 90912K, reserved 1128448K
  class space    used 11233K, capacity 12148K, committed 12620K, reserved 1048576K
}
Event: 4027.266 GC heap before
{Heap before GC invocations=258 (full 10):
 garbage-first heap   total 297984K, used 150641K [0x0000000700000000, 0x0000000700100918, 0x00000007c0000000)
  region size 1024K, 60 young (61440K), 2 survivors (2048K)
 Metaspace       used 83695K, capacity 88688K, committed 90912K, reserved 1128448K
  class space    used 11233K, capacity 12148K, committed 12620K, reserved 1048576K
}
Event: 4027.275 GC heap after
{Heap after GC invocations=259 (full 10):
 garbage-first heap   total 297984K, used 91685K [0x0000000700000000, 0x0000000700100918, 0x00000007c0000000)
  region size 1024K, 2 young (2048K), 2 survivors (2048K)
 Metaspace       used 83695K, capacity 88688K, committed 90912K, reserved 1128448K
  class space    used 11233K, capacity 12148K, committed 12620K, reserved 1048576K
}
Event: 4027.745 GC heap before
{Heap before GC invocations=259 (full 10):
 garbage-first heap   total 297984K, used 151077K [0x0000000700000000, 0x0000000700100918, 0x00000007c0000000)
  region size 1024K, 60 young (61440K), 2 survivors (2048K)
 Metaspace       used 83696K, capacity 88688K, committed 90912K, reserved 1128448K
  class space    used 11233K, capacity 12148K, committed 12620K, reserved 1048576K
}
Event: 4027.752 GC heap after
{Heap after GC invocations=260 (full 10):
 garbage-first heap   total 297984K, used 91292K [0x0000000700000000, 0x0000000700100918, 0x00000007c0000000)
  region size 1024K, 2 young (2048K), 2 survivors (2048K)
 Metaspace       used 83696K, capacity 88688K, committed 90912K, reserved 1128448K
  class space    used 11233K, capacity 12148K, committed 12620K, reserved 1048576K
}
Event: 4046.708 GC heap before
{Heap before GC invocations=260 (full 10):
 garbage-first heap   total 297984K, used 150684K [0x0000000700000000, 0x0000000700100918, 0x00000007c0000000)
  region size 1024K, 60 young (61440K), 2 survivors (2048K)
 Metaspace       used 83702K, capacity 88688K, committed 90912K, reserved 1128448K
  class space    used 11233K, capacity 12148K, committed 12620K, reserved 1048576K
}
Event: 4046.717 GC heap after
{Heap after GC invocations=261 (full 10):
 garbage-first heap   total 297984K, used 91271K [0x0000000700000000, 0x0000000700100918, 0x00000007c0000000)
  region size 1024K, 2 young (2048K), 2 survivors (2048K)
 Metaspace       used 83702K, capacity 88688K, committed 90912K, reserved 1128448K
  class space    used 11233K, capacity 12148K, committed 12620K, reserved 1048576K
}
Event: 4053.305 GC heap before
{Heap before GC invocations=261 (full 10):
 garbage-first heap   total 297984K, used 150663K [0x0000000700000000, 0x0000000700100918, 0x00000007c0000000)
  region size 1024K, 60 young (61440K), 2 survivors (2048K)
 Metaspace       used 83715K, capacity 88688K, committed 90912K, reserved 1128448K
  class space    used 11233K, capacity 12148K, committed 12620K, reserved 1048576K
}
Event: 4053.313 GC heap after
{Heap after GC invocations=262 (full 10):
 garbage-first heap   total 297984K, used 91709K [0x0000000700000000, 0x0000000700100918, 0x00000007c0000000)
  region size 1024K, 2 young (2048K), 2 survivors (2048K)
 Metaspace       used 83715K, capacity 88688K, committed 90912K, reserved 1128448K
  class space    used 11233K, capacity 12148K, committed 12620K, reserved 1048576K
}

Deoptimization events (10 events):
Event: 3924.321 Thread 0x0000021a9b4be000 Uncommon trap: reason=unstable_if action=reinterpret pc=0x0000021a8f62b23c method=java.util.regex.Pattern.escape(ZZZ)I @ 1267 c2
Event: 3924.321 Thread 0x0000021a9b4be000 Uncommon trap: reason=unstable_if action=reinterpret pc=0x0000021a8f307da4 method=java.util.regex.Pattern.atom()Ljava/util/regex/Pattern$Node; @ 294 c2
Event: 3924.321 Thread 0x0000021a9b4be000 Uncommon trap: reason=bimorphic_or_optimized_type_check action=maybe_recompile pc=0x0000021a8f57e694 method=java.util.regex.Pattern$GroupHead.match(Ljava/util/regex/Matcher;ILjava/lang/CharSequence;)Z @ 28 c2
Event: 3924.321 Thread 0x0000021a9b4be000 Uncommon trap: reason=unstable_if action=reinterpret pc=0x0000021a8f2dcfd8 method=java.util.regex.Matcher.appendExpandedReplacement(Ljava/lang/String;Ljava/lang/StringBuilder;)Ljava/lang/StringBuilder; @ 69 c2
Event: 3924.321 Thread 0x0000021a9b4be000 Uncommon trap: reason=unstable_if action=reinterpret pc=0x0000021a8f57e8e0 method=java.util.regex.Pattern$BmpCharPropertyGreedy.match(Ljava/util/regex/Matcher;ILjava/lang/CharSequence;)Z @ 12 c2
Event: 3924.321 Thread 0x0000021a9b4be000 Uncommon trap: reason=unstable_if action=reinterpret pc=0x0000021a8f097e70 method=java.util.regex.Pattern$BmpCharPropertyGreedy.match(Ljava/util/regex/Matcher;ILjava/lang/CharSequence;)Z @ 12 c2
Event: 3924.321 Thread 0x0000021a9b4be000 Uncommon trap: reason=unstable_if action=reinterpret pc=0x0000021a8ec90e40 method=java.util.regex.Pattern$BmpCharProperty.match(Ljava/util/regex/Matcher;ILjava/lang/CharSequence;)Z @ 39 c2
Event: 3975.906 Thread 0x0000021a9b4be000 Uncommon trap: reason=unstable_if action=reinterpret pc=0x0000021a8f324a44 method=java.awt.Container.clearMostRecentFocusOwnerOnHide()V @ 66 c2
Event: 4011.478 Thread 0x0000021a9b4be000 Uncommon trap: reason=unstable_if action=reinterpret pc=0x0000021a8ef7275c method=java.util.concurrent.locks.AbstractQueuedSynchronizer.findNodeFromTail(Ljava/util/concurrent/locks/AbstractQueuedSynchronizer$Node;)Z @ 7 c2
Event: 4048.860 Thread 0x0000021a9b4be000 Uncommon trap: reason=unstable_if action=reinterpret pc=0x0000021a8ee9855c method=java.util.concurrent.locks.AbstractQueuedSynchronizer.unparkSuccessor(Ljava/util/concurrent/locks/AbstractQueuedSynchronizer$Node;)V @ 6 c2

Classes redefined (0 events):
No events

Internal exceptions (10 events):
Event: 3382.927 Thread 0x0000021a9b4be000 Exception <a 'sun/nio/fs/WindowsException'{0x000000070f7286a8}> (0x000000070f7286a8) thrown at [t:/workspace/hotspot/src/share/vm/prims/jni.cpp, line 604]
Event: 3382.927 Thread 0x0000021a9b4be000 Exception <a 'sun/nio/fs/WindowsException'{0x000000070f7289c8}> (0x000000070f7289c8) thrown at [t:/workspace/hotspot/src/share/vm/prims/jni.cpp, line 604]
Event: 3400.674 Thread 0x0000021a9b4be000 Exception <a 'sun/nio/fs/WindowsException'{0x0000000711263490}> (0x0000000711263490) thrown at [t:/workspace/hotspot/src/share/vm/prims/jni.cpp, line 604]
Event: 3400.674 Thread 0x0000021a9b4be000 Exception <a 'sun/nio/fs/WindowsException'{0x00000007112637b0}> (0x00000007112637b0) thrown at [t:/workspace/hotspot/src/share/vm/prims/jni.cpp, line 604]
Event: 3402.075 Thread 0x0000021a9b4be000 Exception <a 'sun/nio/fs/WindowsException'{0x00000007156a1910}> (0x00000007156a1910) thrown at [t:/workspace/hotspot/src/share/vm/prims/jni.cpp, line 604]
Event: 3402.075 Thread 0x0000021a9b4be000 Exception <a 'sun/nio/fs/WindowsException'{0x00000007156a1c30}> (0x00000007156a1c30) thrown at [t:/workspace/hotspot/src/share/vm/prims/jni.cpp, line 604]
Event: 3494.084 Thread 0x0000021a9b4be000 Implicit null exception at 0x0000021a8f1a1ed8 to 0x0000021a8f1a40e1
Event: 3746.487 Thread 0x0000021ab38b3800 Exception <a 'java/lang/InterruptedException'{0x000000070f800840}: sleep interrupted> (0x000000070f800840) thrown at [t:/workspace/hotspot/src/share/vm/prims/jvm.cpp, line 3023]
Event: 3913.236 Thread 0x0000021a9b4be000 Implicit null exception at 0x0000021a8f7bd5c3 to 0x0000021a8f7bf961
Event: 3942.896 Thread 0x0000021ab5b0f800 Exception <a 'ui/frmwork/CommandFailedException'{0x0000000710495068}> (0x0000000710495068) thrown at [t:/workspace/hotspot/src/share/vm/prims/jni.cpp, line 604]

Events (10 events):
Event: 4057.263 Thread 0x0000021ab5b15800 Thread added: 0x0000021ab5b15800
Event: 4057.266 Thread 0x0000021ab5b15800 Thread exited: 0x0000021ab5b15800
Event: 4058.264 Thread 0x0000021ab5b15800 Thread added: 0x0000021ab5b15800
Event: 4058.267 Thread 0x0000021ab5b15800 Thread exited: 0x0000021ab5b15800
Event: 4058.453 Thread 0x0000021ab5b15800 Thread added: 0x0000021ab5b15800
Event: 4059.266 Thread 0x0000021ab5b17000 Thread added: 0x0000021ab5b17000
Event: 4059.268 Thread 0x0000021ab5b17000 Thread exited: 0x0000021ab5b17000
Event: 4059.521 Thread 0x0000021ab5b15800 Thread exited: 0x0000021ab5b15800
Event: 4059.521 Executing VM operation: RevokeBias
Event: 4059.521 Executing VM operation: RevokeBias done


Dynamic libraries:
0x00007ff77cc60000 - 0x00007ff77cc90000 	C:\Xilinx\Vivado\2018.3\bin\unwrapped\win64.o\vivado.exe
0x00007ffd60840000 - 0x00007ffd60a30000 	C:\WINDOWS\SYSTEM32\ntdll.dll
0x00007ffd5ead0000 - 0x00007ffd5eb82000 	C:\WINDOWS\System32\KERNEL32.DLL
0x00007ffd5d910000 - 0x00007ffd5dbb3000 	C:\WINDOWS\System32\KERNELBASE.dll
0x00007ffd5dfa0000 - 0x00007ffd5e09a000 	C:\WINDOWS\System32\ucrtbase.dll
0x00007ffd35240000 - 0x00007ffd352db000 	C:\WINDOWS\SYSTEM32\MSVCP140.dll
0x00007ffd4cdd0000 - 0x00007ffd4cde4000 	C:\Xilinx\Vivado\2018.3\lib\win64.o\librdi_commonmain.dll
0x00007ffd4cdf0000 - 0x00007ffd4ce04000 	C:\Xilinx\Vivado\2018.3\lib\win64.o\libboost_signals.dll
0x00007ffd51ed0000 - 0x00007ffd51ee5000 	C:\WINDOWS\SYSTEM32\VCRUNTIME140.dll
0x00007ffd1ee50000 - 0x00007ffd1fce4000 	C:\Xilinx\Vivado\2018.3\lib\win64.o\librdi_common.dll
0x00007ffd5f760000 - 0x00007ffd5f8f4000 	C:\WINDOWS\System32\USER32.dll
0x00007ffd4cd20000 - 0x00007ffd4cd46000 	C:\Xilinx\Vivado\2018.3\lib\win64.o\libboost_filesystem.dll
0x00007ffd5d8e0000 - 0x00007ffd5d901000 	C:\WINDOWS\System32\win32u.dll
0x00007ffd5fa60000 - 0x00007ffd5fb03000 	C:\WINDOWS\System32\ADVAPI32.dll
0x00007ffd5f6c0000 - 0x00007ffd5f75e000 	C:\WINDOWS\System32\msvcrt.dll
0x00007ffd5fdc0000 - 0x00007ffd5fde6000 	C:\WINDOWS\System32\GDI32.dll
0x00007ffd5ecb0000 - 0x00007ffd5ed47000 	C:\WINDOWS\System32\sechost.dll
0x00007ffd35110000 - 0x00007ffd35231000 	C:\Xilinx\Vivado\2018.3\lib\win64.o\librdi_commonxillic.dll
0x00007ffd5de00000 - 0x00007ffd5df94000 	C:\WINDOWS\System32\gdi32full.dll
0x00007ffd5eb90000 - 0x00007ffd5ecb0000 	C:\WINDOWS\System32\RPCRT4.dll
0x00007ffd5dd60000 - 0x00007ffd5ddfe000 	C:\WINDOWS\System32\msvcp_win.dll
0x00007ffd60100000 - 0x00007ffd607e5000 	C:\WINDOWS\System32\SHELL32.dll
0x00000000560e0000 - 0x000000005620b000 	C:\Xilinx\Vivado\2018.3\lib\win64.o\tcl85t.dll
0x00007ffd5e820000 - 0x00007ffd5e86a000 	C:\WINDOWS\System32\cfgmgr32.dll
0x00007ffd5fc20000 - 0x00007ffd5fc8f000 	C:\WINDOWS\System32\WS2_32.dll
0x00007ffd5fd10000 - 0x00007ffd5fdb9000 	C:\WINDOWS\System32\shcore.dll
0x00007ffd25f70000 - 0x00007ffd262de000 	C:\Xilinx\Vivado\2018.3\lib\win64.o\libCOIN-all.dll
0x00007ffd5f380000 - 0x00007ffd5f6b6000 	C:\WINDOWS\System32\combase.dll
0x00007ffd56ef0000 - 0x00007ffd56efa000 	C:\Xilinx\Vivado\2018.3\lib\win64.o\librdi_commonversion.dll
0x00007ffd2ecc0000 - 0x00007ffd2ef75000 	C:\Xilinx\Vivado\2018.3\lib\win64.o\libXil_lmgr11.dll
0x00007ffd5e870000 - 0x00007ffd5e8f0000 	C:\WINDOWS\System32\bcryptPrimitives.dll
0x00007ffd5e0a0000 - 0x00007ffd5e81e000 	C:\WINDOWS\System32\windows.storage.dll
0x00007ffd5ffb0000 - 0x00007ffd60080000 	C:\WINDOWS\System32\COMDLG32.dll
0x00007ffd49ea0000 - 0x00007ffd49eb4000 	C:\Xilinx\Vivado\2018.3\lib\win64.o\libboost_date_time.dll
0x00007ffd5ee20000 - 0x00007ffd5ee72000 	C:\WINDOWS\System32\SHLWAPI.dll
0x00007ffd5d7b0000 - 0x00007ffd5d7cf000 	C:\WINDOWS\System32\profapi.dll
0x00007ffd5d760000 - 0x00007ffd5d7aa000 	C:\WINDOWS\System32\powrprof.dll
0x00007ffd5ed50000 - 0x00007ffd5ee14000 	C:\WINDOWS\System32\OLEAUT32.dll
0x00007ffd5d710000 - 0x00007ffd5d720000 	C:\WINDOWS\System32\UMPDC.dll
0x00007ffd35090000 - 0x00007ffd3510f000 	C:\Xilinx\Vivado\2018.3\lib\win64.o\libboost_program_options.dll
0x00007ffd5f900000 - 0x00007ffd5fa56000 	C:\WINDOWS\System32\ole32.dll
0x00007ffd5d740000 - 0x00007ffd5d751000 	C:\WINDOWS\System32\kernel.appcore.dll
0x00007ffd2d9c0000 - 0x00007ffd2dad4000 	C:\Xilinx\Vivado\2018.3\lib\win64.o\libboost_regex.dll
0x00007ffd5dbf0000 - 0x00007ffd5dc07000 	C:\WINDOWS\System32\cryptsp.dll
0x00007ffd5d7d0000 - 0x00007ffd5d82c000 	C:\WINDOWS\System32\WINTRUST.dll
0x00007ffd5d720000 - 0x00007ffd5d732000 	C:\WINDOWS\System32\MSASN1.dll
0x00007ffd51ec0000 - 0x00007ffd51ecb000 	C:\Xilinx\Vivado\2018.3\lib\win64.o\libboost_system.dll
0x00007ffd5dc10000 - 0x00007ffd5dd59000 	C:\WINDOWS\System32\CRYPT32.dll
0x00007ffd47a20000 - 0x00007ffd47a41000 	C:\Xilinx\Vivado\2018.3\lib\win64.o\libboost_thread.dll
0x00007ffd51b20000 - 0x00007ffd51b2f000 	C:\Xilinx\Vivado\2018.3\lib\win64.o\libboost_xilinx.dll
0x00007ffd34e50000 - 0x00007ffd34ed2000 	C:\Xilinx\Vivado\2018.3\lib\win64.o\libhdlpsolve.dll
0x00007ffd34b10000 - 0x00007ffd34bb5000 	C:\Xilinx\Vivado\2018.3\lib\win64.o\libhdxml.dll
0x00007ffd1e600000 - 0x00007ffd1ee4e600 	C:\Xilinx\Vivado\2018.3\lib\win64.o\libisl_iostreams.dll
0x00007ffd472f0000 - 0x00007ffd4731e000 	C:\Xilinx\Vivado\2018.3\lib\win64.o\libisl_sysinfo.dll
0x00007ffd34de0000 - 0x00007ffd34e45000 	C:\Xilinx\Vivado\2018.3\lib\win64.o\liblmx6.0.dll
0x00007ffd47f60000 - 0x00007ffd47f7a000 	C:\Xilinx\Vivado\2018.3\lib\win64.o\pthreadVC2.dll
0x00007ffd462c0000 - 0x00007ffd462dc000 	C:\Xilinx\Vivado\2018.3\lib\win64.o\librdiconfig.dll
0x00007ffd45940000 - 0x00007ffd45961000 	C:\Xilinx\Vivado\2018.3\lib\win64.o\librdizlib.dll
0x0000000012000000 - 0x0000000012272000 	C:\Xilinx\Vivado\2018.3\lib\win64.o\xerces-c_3_1.dll
0x00007ffd49f20000 - 0x00007ffd49f37000 	C:\WINDOWS\SYSTEM32\NETAPI32.dll
0x00007ffd493f0000 - 0x00007ffd498c6000 	C:\WINDOWS\SYSTEM32\WININET.dll
0x00007ffd51d40000 - 0x00007ffd51e30000 	C:\WINDOWS\SYSTEM32\WINHTTP.dll
0x00007ffd4f0d0000 - 0x00007ffd4f2a6000 	C:\WINDOWS\SYSTEM32\urlmon.dll
0x00007ffd30a90000 - 0x00007ffd30b39000 	C:\WINDOWS\WinSxS\amd64_microsoft.windows.common-controls_6595b64144ccf1df_5.82.18362.476_none_2a2a02a24667b734\COMCTL32.dll
0x00007ffd50980000 - 0x00007ffd50989000 	C:\WINDOWS\SYSTEM32\WSOCK32.dll
0x00007ffd53650000 - 0x00007ffd5366c000 	C:\WINDOWS\SYSTEM32\dhcpcsvc.DLL
0x00007ffd607f0000 - 0x00007ffd607f8000 	C:\WINDOWS\System32\NSI.dll
0x00007ffd40580000 - 0x00007ffd405a7000 	C:\WINDOWS\SYSTEM32\VCOMP140.DLL
0x00007ffd18970000 - 0x00007ffd19801000 	C:\Xilinx\Vivado\2018.3\lib\win64.o\gurobi65.dll
0x00007ffd50920000 - 0x00007ffd5092d000 	C:\Xilinx\Vivado\2018.3\lib\win64.o\libboost_chrono.dll
0x00007ffd40560000 - 0x00007ffd4057b000 	C:\Xilinx\Vivado\2018.3\lib\win64.o\libboost_iostreams.dll
0x00007ffd3dd40000 - 0x00007ffd3dd65000 	C:\Xilinx\Vivado\2018.3\lib\win64.o\libisl_iosutils.dll
0x00007ffd4f540000 - 0x00007ffd4f7e6000 	C:\WINDOWS\SYSTEM32\iertutil.dll
0x00007ffd5d150000 - 0x00007ffd5d15c000 	C:\WINDOWS\SYSTEM32\CRYPTBASE.DLL
0x00007ffd5cda0000 - 0x00007ffd5cdac000 	C:\WINDOWS\SYSTEM32\NETUTILS.DLL
0x00007ffd5e8f0000 - 0x00007ffd5e91e000 	C:\WINDOWS\System32\IMM32.DLL
0x00007ffd256a0000 - 0x00007ffd25b95000 	C:\Xilinx\Vivado\2018.3\lib\win64.o\librdi_commontasks.dll
0x00007ffd2a400000 - 0x00007ffd2a67f000 	C:\Xilinx\Vivado\2018.3\lib\win64.o\librdi_sio.dll
0x00000000556b0000 - 0x00000000560d5000 	C:\Xilinx\Vivado\2018.3\tps\win64\jre9.0.4\bin\server\jvm.dll
0x00007ffd53410000 - 0x00007ffd5341a000 	C:\WINDOWS\SYSTEM32\VERSION.dll
0x00007ffd5fdf0000 - 0x00007ffd5fdf8000 	C:\WINDOWS\System32\PSAPI.DLL
0x00007ffd5cc90000 - 0x00007ffd5ccca000 	C:\WINDOWS\SYSTEM32\IPHLPAPI.DLL
0x00007ffd5b850000 - 0x00007ffd5b874000 	C:\WINDOWS\SYSTEM32\WINMM.dll
0x00007ffd5b820000 - 0x00007ffd5b84d000 	C:\WINDOWS\SYSTEM32\winmmbase.dll
0x00007ffd2d540000 - 0x00007ffd2d62f000 	C:\Xilinx\Vivado\2018.3\tps\win64\jre9.0.4\bin\MSVCR120.dll
0x00007ffd5cf80000 - 0x00007ffd5cfe7000 	C:\WINDOWS\SYSTEM32\MSWSOCK.DLL
0x00007ffd134f0000 - 0x00007ffd158b2000 	C:\Xilinx\Vivado\2018.3\lib\win64.o\librdi_tcltasks.dll
0x00007ffd18590000 - 0x00007ffd1896c000 	C:\Xilinx\Vivado\2018.3\lib\win64.o\librdi_bitstream.dll
0x00007ffd28ac0000 - 0x00007ffd28c3e000 	C:\Xilinx\Vivado\2018.3\lib\win64.o\librdi_board.dll
0x00007ffd33170000 - 0x00007ffd331da000 	C:\Xilinx\Vivado\2018.3\lib\win64.o\librdi_boarddep.dll
0x00007ffd31ee0000 - 0x00007ffd31fbc000 	C:\Xilinx\Vivado\2018.3\lib\win64.o\librdi_chipscope.dll
0x00007ffd254e0000 - 0x00007ffd25699000 	C:\Xilinx\Vivado\2018.3\lib\win64.o\librdi_chipscopeimpl.dll
0x00007ffd28970000 - 0x00007ffd28ab8000 	C:\Xilinx\Vivado\2018.3\lib\win64.o\librdi_containers.dll
0x00007ffd11be0000 - 0x00007ffd134e5000 	C:\Xilinx\Vivado\2018.3\lib\win64.o\librdi_constraints.dll
0x00007ffd0fdc0000 - 0x00007ffd11bdf000 	C:\Xilinx\Vivado\2018.3\lib\win64.o\librdi_coregen.dll
0x00007ffd17eb0000 - 0x00007ffd1858a000 	C:\Xilinx\Vivado\2018.3\lib\win64.o\librdi_coregenipxact.dll
0x00007ffd17600000 - 0x00007ffd1791b000 	C:\Xilinx\Vivado\2018.3\lib\win64.o\librdi_dlyest.dll
0x00007ffd0bfc0000 - 0x00007ffd0fdbb000 	C:\Xilinx\Vivado\2018.3\lib\win64.o\librdi_designutils.dll
0x00007ffd170a0000 - 0x00007ffd17600000 	C:\Xilinx\Vivado\2018.3\lib\win64.o\librdi_drc.dll
0x00007ffd2aa90000 - 0x00007ffd2ab52000 	C:\Xilinx\Vivado\2018.3\lib\win64.o\librdi_dsp.dll
0x00007ffd16650000 - 0x00007ffd16c8f000 	C:\Xilinx\Vivado\2018.3\lib\win64.o\librdi_filemgmt.dll
0x00007ffd16dc0000 - 0x00007ffd1709a000 	C:\Xilinx\Vivado\2018.3\lib\win64.o\librdi_guitools.dll
0x00007ffd38580000 - 0x00007ffd385dd000 	C:\Xilinx\Vivado\2018.3\lib\win64.o\librdi_hdf.dll
0x00007ffcf9ec0000 - 0x00007ffcfb251000 	C:\Xilinx\Vivado\2018.3\lib\win64.o\librdi_implflow.dll
0x00007ffd16030000 - 0x00007ffd16645000 	C:\Xilinx\Vivado\2018.3\lib\win64.o\librdi_memdata.dll
0x00007ffd317e0000 - 0x00007ffd31851000 	C:\Xilinx\Vivado\2018.3\lib\win64.o\librdi_memoryarray.dll
0x00007ffcf5ed0000 - 0x00007ffcf650b000 	C:\Xilinx\Vivado\2018.3\lib\win64.o\librdi_netlist.dll
0x00007ffcfb260000 - 0x00007ffd0bfb2000 	C:\Xilinx\Vivado\2018.3\lib\win64.o\librdi_device.dll
0x00007ffcf6510000 - 0x00007ffcf9ebc000 	C:\Xilinx\Vivado\2018.3\lib\win64.o\librdi_mig.dll
0x00007ffd34ac0000 - 0x00007ffd34b10000 	C:\Xilinx\Vivado\2018.3\lib\win64.o\librdi_pfi.dll
0x00007ffcf39b0000 - 0x00007ffcf5ec4000 	C:\Xilinx\Vivado\2018.3\lib\win64.o\librdi_place.dll
0x00007ffcf2a40000 - 0x00007ffcf2d47000 	C:\Xilinx\Vivado\2018.3\lib\win64.o\librdi_platform.dll
0x00007ffcf32b0000 - 0x00007ffcf39a5000 	C:\Xilinx\Vivado\2018.3\lib\win64.o\librdi_power.dll
0x00007ffcf2d50000 - 0x00007ffcf32a6000 	C:\Xilinx\Vivado\2018.3\lib\win64.o\librdi_project.dll
0x00007ffcf2340000 - 0x00007ffcf2a33000 	C:\Xilinx\Vivado\2018.3\lib\win64.o\librdi_psta.dll
0x00007ffcf1880000 - 0x00007ffcf1c57000 	C:\Xilinx\Vivado\2018.3\lib\win64.o\librdi_runs.dll
0x00007ffcf1c60000 - 0x00007ffcf2339000 	C:\Xilinx\Vivado\2018.3\lib\win64.o\librdi_rsb.dll
0x00007ffd29830000 - 0x00007ffd29908000 	C:\Xilinx\Vivado\2018.3\lib\win64.o\librdi_runsbase.dll
0x00007ffd224f0000 - 0x00007ffd22718000 	C:\Xilinx\Vivado\2018.3\lib\win64.o\librdi_simdata.dll
0x00007ffcf0af0000 - 0x00007ffcf187d000 	C:\Xilinx\Vivado\2018.3\lib\win64.o\librdi_timing.dll
0x00007ffd234b0000 - 0x00007ffd23604000 	C:\Xilinx\Vivado\2018.3\lib\win64.o\librdi_advchipscopeimpl.dll
0x00007ffd30e50000 - 0x00007ffd30e9c000 	C:\Xilinx\Vivado\2018.3\lib\win64.o\libboost_serialization.dll
0x00007ffd25cd0000 - 0x00007ffd25d88000 	C:\Xilinx\Vivado\2018.3\lib\win64.o\librdi_hip_devdesign.dll
0x00007ffd2e370000 - 0x00007ffd2e41b000 	C:\Xilinx\Vivado\2018.3\lib\win64.o\librdi_ipconfig_readwrite.dll
0x00007ffd361b0000 - 0x00007ffd361e8000 	C:\Xilinx\Vivado\2018.3\lib\win64.o\librdi_noc_frameworks.dll
0x00007ffceffa0000 - 0x00007ffcf0ae7000 	C:\Xilinx\Vivado\2018.3\lib\win64.o\libverific.dll
0x00007ffd25440000 - 0x00007ffd254de000 	C:\Xilinx\Vivado\2018.3\lib\win64.o\libise.dll
0x00007ffcefbe0000 - 0x00007ffceff95000 	C:\Xilinx\Vivado\2018.3\lib\win64.o\librdi_hip_config.dll

VM Arguments:
jvm_args: -Dsun.java2d.pmoffscreen=false -Dsun.java2d.xrender=false -Dsun.java2d.d3d=false -Dsun.awt.nopixfmt=true -Dsun.java2d.dpiaware=true -Dsun.java2d.uiScale.enabled=false -Xverify:none -Dswing.aatext=true -XX:-UsePerfData -Djdk.map.althashing.threshold=512 -XX:StringTableSize=4072 --add-opens=java.base/java.nio=ALL-UNNAMED --add-opens=java.desktop/sun.swing=ALL-UNNAMED --add-opens=java.desktop/javax.swing=ALL-UNNAMED --add-opens=java.desktop/javax.swing.tree=ALL-UNNAMED --add-opens=java.desktop/javax.swing.plaf.basic=ALL-UNNAMED --add-opens=java.desktop/javax.swing.plaf.synth=ALL-UNNAMED --add-opens=java.desktop/com.sun.awt=ALL-UNNAMED -XX:NewSize=60m -XX:MaxNewSize=60m -Xms128m -Xmx3072m -Xss5m 
java_command: <unknown>
java_class_path (initial): C:/Xilinx/Vivado/2018.3\lib\classes\alloy.jar;C:/Xilinx/Vivado/2018.3\lib\classes\autopilot.scelaborator.jar;C:/Xilinx/Vivado/2018.3\lib\classes\autopilot.sourceprocessor.jar;C:/Xilinx/Vivado/2018.3\lib\classes\autopilot.tbprocessor.jar;C:/Xilinx/Vivado/2018.3\lib\classes\batik-anim.jar;C:/Xilinx/Vivado/2018.3\lib\classes\batik-awt-util.jar;C:/Xilinx/Vivado/2018.3\lib\classes\batik-bridge.jar;C:/Xilinx/Vivado/2018.3\lib\classes\batik-codec.jar;C:/Xilinx/Vivado/2018.3\lib\classes\batik-css.jar;C:/Xilinx/Vivado/2018.3\lib\classes\batik-dom.jar;C:/Xilinx/Vivado/2018.3\lib\classes\batik-ext.jar;C:/Xilinx/Vivado/2018.3\lib\classes\batik-gui-util.jar;C:/Xilinx/Vivado/2018.3\lib\classes\batik-gvt.jar;C:/Xilinx/Vivado/2018.3\lib\classes\batik-parser.jar;C:/Xilinx/Vivado/2018.3\lib\classes\batik-script.jar;C:/Xilinx/Vivado/2018.3\lib\classes\batik-svg-dom.jar;C:/Xilinx/Vivado/2018.3\lib\classes\batik-swing.jar;C:/Xilinx/Vivado/2018.3\lib\classes\batik-transcoder.jar;C:/Xilinx/Vivado/2018.3\lib\classes\batik-util.jar;C:/Xilinx/Vivado/2018.3\lib\classes\batik-xml.jar;C:/Xilinx/Vivado/2018.3\lib\classes\com.ibm.icu_4.4.2.v20110208.jar;C:/Xilinx/Vivado/2018.3\lib\classes\commons-collections4-4.1.jar;C:/Xilinx/Vivado/2018.3\lib\classes\commons-math-2.2.jar;C:/Xilinx/Vivado/2018.3\lib\classes\dom4j-1.6.1.jar;C:/Xilinx/Vivado/2018.3\lib\classes\guava-18.0.jar;C:/Xilinx/Vivado/2018.3\lib\classes\help.jar;C:/Xilinx/Vivado/2018.3\lib\classes\hsqldb.jar;C:/Xilinx/Vivado/2018.3\lib\classes\jargs.jar;C:/Xilinx/Vivado/2018.3\lib\classes\jaxb-api-2.3.0.jar;C:/Xilinx/Vivado/2018.3\lib\classes\jh.jar;C:/Xilinx/Vivado/2018.3\lib\classes\jide-action.jar;C:/Xilinx/Vivado/2018.3\lib\classes\jide-charts.jar;C:/Xilinx/Vivado/2018.3\lib\classes\jide-common.jar;C:/Xilinx/Vivado/2018.3\lib\classes\jide-components.jar;C:/Xilinx/Vivado/2018.3\lib\classes\jide-dashboard.jar;C:/Xilinx/Vivado/2018.3\lib\classes\jide-data.jar;C:/Xilinx/Vivado/2018.3\lib\classes\jide-dialogs.jar
Launcher Type: generic

Logging:
Log output configuration:
#0: stdout all=warning uptime,level,tags
#1: stderr all=off uptime,level,tags

Environment Variables:
PATH=C:/Xilinx/Vivado/2018.3/bin;C:/Xilinx/Vivado/2018.3/lib/win64.o;C:/Xilinx/Vivado/2018.3/tps/win64/jre9.0.4/bin/server;C:/Xilinx/Vivado/2018.3/tps/win64/jre9.0.4/bin;C:/Xilinx/SDK/2018.3/bin;C:/Xilinx/Vivado/2018.3/ids_lite/ISE/bin/nt64;C:/Xilinx/Vivado/2018.3/ids_lite/ISE/lib/nt64;C:\Python27;C:\WINDOWS\system32;C:\WINDOWS;C:\WINDOWS\System32\Wbem;C:\WINDOWS\System32\WindowsPowerShell\v1.0\;C:\WINDOWS\System32\OpenSSH\;C:\Program Files\Git\cmd;C:\Users\a\AppData\Local\Microsoft\WindowsApps;C:\Users\a\AppData\Local\atom\bin;C:\Users\a\AppData\Local\Programs\Microsoft VS Code\bin;C:\Python27\Scripts;;C:/Xilinx/Vivado/2018.3\tps\mingw\6.2.0\win64.o\nt\bin;C:/Xilinx/Vivado/2018.3\tps\mingw\6.2.0\win64.o\nt\libexec\gcc\x86_64-w64-mingw32\6.2.0
USERNAME=a
OS=Windows_NT
PROCESSOR_IDENTIFIER=Intel64 Family 6 Model 69 Stepping 1, GenuineIntel



---------------  S Y S T E M  ---------------

OS: Windows 10 , 64 bit Build 18362 (10.0.18362.329)

CPU:total 4 (initial active 4) (2 cores per cpu, 2 threads per core) family 6 model 69 stepping 1, cmov, cx8, fxsr, mmx, sse, sse2, sse3, ssse3, sse4.1, sse4.2, popcnt, avx, avx2, clmul, erms, lzcnt, ht, tsc, tscinvbit, bmi1, bmi2, fma

Memory: 4k page, physical 4108288k(917136k free), swap 8669820k(3306220k free)

vm_info: Java HotSpot(TM) 64-Bit Server VM (9.0.4+11) for windows-amd64 JRE (9.0.4+11), built on Dec 20 2017 02:18:54 by "mach5one" with MS VC++ 12.0 (VS2013)

END.
