#
# A fatal error has been detected by the Java Runtime Environment:
#
#  EXCEPTION_ACCESS_VIOLATION (0xc0000005) at pc=0x00007ffd11a6880f, pid=17660, tid=16720
#
# JRE version: Java(TM) SE Runtime Environment (9.0+11) (build 9.0.4+11)
# Java VM: Java HotSpot(TM) 64-Bit Server VM (9.0.4+11, mixed mode, tiered, compressed oops, g1 gc, windows-amd64)
# Problematic frame:
# C  [librdi_common.dll+0x17880f]
#
# No core dump will be written. Minidumps are not enabled by default on client versions of Windows
#
# If you would like to submit a bug report, please visit:
#   http://bugreport.java.com/bugreport/crash.jsp
# The crash happened outside the Java Virtual Machine in native code.
# See problematic frame for where to report the bug.
#

---------------  S U M M A R Y ------------

Command Line: -Dsun.java2d.pmoffscreen=false -Dsun.java2d.xrender=false -Dsun.java2d.d3d=false -Dsun.awt.nopixfmt=true -Dsun.java2d.dpiaware=true -Dsun.java2d.uiScale.enabled=false -Xverify:none -Dswing.aatext=true -XX:-UsePerfData -Djdk.map.althashing.threshold=512 -XX:StringTableSize=4072 --add-opens=java.base/java.nio=ALL-UNNAMED --add-opens=java.desktop/sun.swing=ALL-UNNAMED --add-opens=java.desktop/javax.swing=ALL-UNNAMED --add-opens=java.desktop/javax.swing.tree=ALL-UNNAMED --add-opens=java.desktop/javax.swing.plaf.basic=ALL-UNNAMED --add-opens=java.desktop/javax.swing.plaf.synth=ALL-UNNAMED --add-opens=java.desktop/com.sun.awt=ALL-UNNAMED -XX:NewSize=60m -XX:MaxNewSize=60m -Xms128m -Xmx3072m -Xss5m 

Host: Intel(R) Core(TM) i5-4200U CPU @ 1.60GHz, 4 cores, 3G,  Windows 10 , 64 bit Build 18362 (10.0.18362.329)
Time: Tue Dec 10 01:02:47 2019 China Standard Time elapsed time: 1589 seconds (0d 0h 26m 29s)

---------------  T H R E A D  ---------------

Current thread (0x000001caebe47800):  JavaThread "AWT-EventQueue-0" [_thread_in_native, id=16720, stack(0x000000133f700000,0x000000133fc00000)]

Stack: [0x000000133f700000,0x000000133fc00000],  sp=0x000000133fbfb000,  free space=5100k
Native frames: (J=compiled Java code, j=interpreted, Vv=VM code, C=native code)
C  [librdi_common.dll+0x17880f]
C  [librdi_common.dll+0x81bcd]
C  0x00007ffcea0b9e1e
C  0x00007ffcea136eaf
C  0x00007ffcea13e869
C  0x00007ffcea10f5bb
C  0x00007ffcea14b487
C  0x000001cadd99cdba

Java frames: (J=compiled Java code, j=interpreted, Vv=VM code)
J 20465  ui.views.waveform.waveformi.WVExecutive_getTooltipTextDelayed(J)Ljava/lang/String; (0 bytes) @ 0x000001cadd99cd21 [0x000001cadd99cce0+0x0000000000000041]
J 20459 c1 ui.views.waveform.b.a.bI(Ljava/awt/event/MouseEvent;)V (135 bytes) @ 0x000001cad79760a4 [0x000001cad7975a00+0x00000000000006a4]
J 20472 c1 ui.views.waveform.b.a.mouseMoved(Ljava/awt/event/MouseEvent;)V (32 bytes) @ 0x000001cad797ebcc [0x000001cad797e6a0+0x000000000000052c]
J 14949 c2 java.awt.AWTEventMulticaster.mouseMoved(Ljava/awt/event/MouseEvent;)V java.desktop@9.0.4 (27 bytes) @ 0x000001cadcbecdf4 [0x000001cadcbecd40+0x00000000000000b4]
J 14949 c2 java.awt.AWTEventMulticaster.mouseMoved(Ljava/awt/event/MouseEvent;)V java.desktop@9.0.4 (27 bytes) @ 0x000001cadcbecdb4 [0x000001cadcbecd40+0x0000000000000074]
J 22475 c2 javax.swing.JComponent.processMouseMotionEvent(Ljava/awt/event/MouseEvent;)V java.desktop@9.0.4 (46 bytes) @ 0x000001caddbee394 [0x000001caddbee2e0+0x00000000000000b4]
J 20412 c1 ui.frmwork.c.i.processMouseMotionEvent(Ljava/awt/event/MouseEvent;)V (131 bytes) @ 0x000001cad795d0c4 [0x000001cad795c200+0x0000000000000ec4]
J 20921 c2 java.awt.Container.processEvent(Ljava/awt/AWTEvent;)V java.desktop@9.0.4 (22 bytes) @ 0x000001cadcf0f6a0 [0x000001cadcf0f520+0x0000000000000180]
J 21577 c2 java.awt.Component.dispatchEventImpl(Ljava/awt/AWTEvent;)V java.desktop@9.0.4 (739 bytes) @ 0x000001cadda52a9c [0x000001cadda521a0+0x00000000000008fc]
J 15066 c2 java.awt.Container.dispatchEventImpl(Ljava/awt/AWTEvent;)V java.desktop@9.0.4 (129 bytes) @ 0x000001cadcf06ee0 [0x000001cadcf06520+0x00000000000009c0]
J 20528 c2 java.awt.LightweightDispatcher.retargetMouseEvent(Ljava/awt/Component;ILjava/awt/event/MouseEvent;)V java.desktop@9.0.4 (350 bytes) @ 0x000001cadd9c5a28 [0x000001cadd9c5520+0x0000000000000508]
J 15042 c2 java.awt.Window.dispatchEventImpl(Ljava/awt/AWTEvent;)V java.desktop@9.0.4 (23 bytes) @ 0x000001cadcf0b410 [0x000001cadcf0ab40+0x00000000000008d0]
J 14104 c2 java.awt.EventQueue$3.run()Ljava/lang/Object; java.desktop@9.0.4 (5 bytes) @ 0x000001cadd2cc694 [0x000001cadd2cc080+0x0000000000000614]
v  ~StubRoutines::call_stub
J 3565  java.security.AccessController.doPrivileged(Ljava/security/PrivilegedAction;Ljava/security/AccessControlContext;)Ljava/lang/Object; java.base@9.0.4 (0 bytes) @ 0x000001cadc8bba46 [0x000001cadc8bb9e0+0x0000000000000066]
J 14783 c2 java.awt.EventQueue$4.run()Ljava/lang/Object; java.desktop@9.0.4 (5 bytes) @ 0x000001cadcbe09b4 [0x000001cadcbe0760+0x0000000000000254]
v  ~StubRoutines::call_stub
J 3565  java.security.AccessController.doPrivileged(Ljava/security/PrivilegedAction;Ljava/security/AccessControlContext;)Ljava/lang/Object; java.base@9.0.4 (0 bytes) @ 0x000001cadc8bba46 [0x000001cadc8bb9e0+0x0000000000000066]
J 12700 c2 ui.frmwork.b.d.dispatchEvent(Ljava/awt/AWTEvent;)V (34 bytes) @ 0x000001cadd0eeb1c [0x000001cadd0ee7a0+0x000000000000037c]
J 14639 c2 java.awt.EventDispatchThread.pumpOneEventForFilters(I)V java.desktop@9.0.4 (218 bytes) @ 0x000001cadcb9e8d4 [0x000001cadcb9e520+0x00000000000003b4]
J 21119% c2 java.awt.EventDispatchThread.pumpEventsForFilter(ILjava/awt/Conditional;Ljava/awt/EventFilter;)V java.desktop@9.0.4 (47 bytes) @ 0x000001cadd2551f8 [0x000001cadd2550e0+0x0000000000000118]
j  java.awt.EventDispatchThread.pumpEventsForHierarchy(ILjava/awt/Conditional;Ljava/awt/Component;)V+11 java.desktop@9.0.4
j  java.awt.EventDispatchThread.pumpEvents(ILjava/awt/Conditional;)V+4 java.desktop@9.0.4
j  java.awt.EventDispatchThread.pumpEvents(Ljava/awt/Conditional;)V+3 java.desktop@9.0.4
j  java.awt.EventDispatchThread.run()V+9 java.desktop@9.0.4
v  ~StubRoutines::call_stub

siginfo: EXCEPTION_ACCESS_VIOLATION (0xc0000005), reading address 0xffffffffffffffff


Register to memory mapping:

RIP=0x00007ffd11a6880f librdi_common.dll
RAX=0x000001cac2f2df01 is an unknown value
RBX=0x000000133fbfb0c0 is pointing into the stack for thread: 0x000001caebe47800
RCX=0x000001cac2f2df40 is an unknown value
RDX=0x90016a00ba28b0e7 is an unknown value
RSP=0x000000133fbfb000 is pointing into the stack for thread: 0x000001caebe47800
RBP=0x000000133fbfb250 is pointing into the stack for thread: 0x000001caebe47800
RSI=0x0000000000000000 is an unknown value
RDI=0x90016a00ba28b0e7 is an unknown value
R8 =0x00007ffcea3237dc is an unknown value
R9 =0x0000000000000000 is an unknown value
R10=0x0000000000000001 is an unknown value
R11=0x000000133fbfb088 is pointing into the stack for thread: 0x000001caebe47800
R12=0x0000000000000000 is an unknown value
R13=0x0000000000000000 is an unknown value
R14=0x000001ca849ffe80 is an unknown value
R15=0x00000000019bfcc0 is an unknown value


Registers:
RAX=0x000001cac2f2df01, RBX=0x000000133fbfb0c0, RCX=0x000001cac2f2df40, RDX=0x90016a00ba28b0e7
RSP=0x000000133fbfb000, RBP=0x000000133fbfb250, RSI=0x0000000000000000, RDI=0x90016a00ba28b0e7
R8 =0x00007ffcea3237dc, R9 =0x0000000000000000, R10=0x0000000000000001, R11=0x000000133fbfb088
R12=0x0000000000000000, R13=0x0000000000000000, R14=0x000001ca849ffe80, R15=0x00000000019bfcc0
RIP=0x00007ffd11a6880f, EFLAGS=0x0000000000010202

Top of Stack: (sp=0x000000133fbfb000)
0x000000133fbfb000:   0000000000000000 000000000000000f
0x000000133fbfb010:   000001ca836daa00 000000133fbfb0c0
0x000000133fbfb020:   0000000000000000 fffffffffffffffe
0x000000133fbfb030:   00007ffcea336500 00007ffd469a43c8
0x000000133fbfb040:   0000000000000000 000000000000000f
0x000000133fbfb050:   0000000065757200 0000000000000000
0x000000133fbfb060:   0000000000000000 000000000000000f
0x000000133fbfb070:   0000085d0b59f2f0 00007ffd469a43a0
0x000000133fbfb080:   000000133fbfb238 00007ffd11971bcd
0x000000133fbfb090:   00007ffcea323798 000001ca849ffe80
0x000000133fbfb0a0:   000001ca849ffe80 000001ca82b1b7e0
0x000000133fbfb0b0:   000001ca849ffe80 fffffffffffffffe
0x000000133fbfb0c0:   0000000000000000 00007ffcea0b8c87
0x000000133fbfb0d0:   00000000019bfcc0 000001ca849ffe80
0x000000133fbfb0e0:   0000085d0b59f260 0000000000000000
0x000000133fbfb0f0:   0000000000000000 00007ffcea0b9e1e 

Instructions: (pc=0x00007ffd11a6880f)
0x00007ffd11a687ef:   6e 00 cc 48 83 f9 27 76 07 ff 15 e2 64 6e 00 cc
0x00007ffd11a687ff:   48 8b c8 e8 c9 b4 5a 00 48 8b c3 e9 1c 01 00 00
0x00007ffd11a6880f:   48 8b 4f 50 48 85 c9 0f 84 ff 00 00 00 48 8d 54
0x00007ffd11a6881f:   24 50 e8 ba e3 04 00 48 8b d0 48 8d 4c 24 30 e8 



---------------  P R O C E S S  ---------------

Java Threads: ( => current thread )
  0x000001caf44fa000 JavaThread "Relaunch Simulation" [_thread_blocked, id=3300, stack(0x0000001346500000,0x0000001346a00000)]
  0x000001ca8613c000 JavaThread "Thread-1815" [_thread_in_native, id=15356, stack(0x000000133f200000,0x000000133f300000)]
  0x000001ca8613f800 JavaThread "Thread-1804" [_thread_in_native, id=13636, stack(0x0000001342000000,0x0000001342100000)]
  0x000001ca8613c800 JavaThread "Thread-1763" [_thread_in_native, id=12832, stack(0x000000133f200000,0x000000133f300000)]
  0x000001ca8613b000 JavaThread "Thread-1726" [_thread_in_native, id=17556, stack(0x0000001342000000,0x0000001342100000)]
  0x000001ca86136000 JavaThread "Thread-557" [_thread_in_native, id=19836, stack(0x000000133a700000,0x000000133a800000)]
  0x000001ca86136800 JavaThread "Thread-543" [_thread_in_native, id=18152, stack(0x000000133f200000,0x000000133f300000)]
  0x000001ca86137800 JavaThread "Thread-519" [_thread_in_native, id=10624, stack(0x0000001347000000,0x0000001347100000)]
  0x000001caf44f2800 JavaThread "Swing-Shell" daemon [_thread_blocked, id=19148, stack(0x0000001344700000,0x0000001344c00000)]
  0x000001caf44f1000 JavaThread "Monitor File Timestamp Swing Worker" [_thread_blocked, id=21052, stack(0x0000001346000000,0x0000001346500000)]
  0x000001caed579000 JavaThread "Timer-4" [_thread_blocked, id=10100, stack(0x0000001345b00000,0x0000001346000000)]
  0x000001caec476000 JavaThread "Monitor File Timestamp Swing Worker" [_thread_blocked, id=20968, stack(0x0000001345600000,0x0000001345b00000)]
  0x000001caec477800 JavaThread "Timer-3" [_thread_blocked, id=9272, stack(0x0000001345100000,0x0000001345600000)]
  0x000001caec46a800 JavaThread "Monitor File Timestamp Swing Worker" [_thread_blocked, id=6248, stack(0x0000001343d00000,0x0000001344200000)]
  0x000001caec46f000 JavaThread "Timer-2" [_thread_blocked, id=18956, stack(0x0000001343300000,0x0000001343800000)]
  0x000001caec476800 JavaThread "SyntheticaAnimation 50" daemon [_thread_blocked, id=11748, stack(0x0000001344200000,0x0000001344700000)]
  0x000001caec473800 JavaThread "SyntheticaAnimation 50" daemon [_thread_blocked, id=15960, stack(0x0000001344c00000,0x0000001345100000)]
  0x000001caec46d800 JavaThread "Image Animator 1" daemon [_thread_blocked, id=19580, stack(0x0000001343800000,0x0000001343d00000)]
  0x000001caec46a000 JavaThread "hw_ila_monitor" [_thread_blocked, id=20384, stack(0x0000001342e00000,0x0000001343300000)]
  0x000001caec46c000 JavaThread "Update Runs Swing Worker" [_thread_blocked, id=15400, stack(0x0000001342900000,0x0000001342e00000)]
  0x000001caec46e800 JavaThread "Refresh Filesets Swing Worker" [_thread_blocked, id=13280, stack(0x0000001341a00000,0x0000001341f00000)]
  0x000001caed57b000 JavaThread "SyntheticaAnimation 70" daemon [_thread_blocked, id=17528, stack(0x0000001342400000,0x0000001342900000)]
  0x000001caed57c000 JavaThread "SyntheticaAnimation 25" daemon [_thread_blocked, id=18104, stack(0x0000001341500000,0x0000001341a00000)]
  0x000001caed576800 JavaThread "SyntheticaAnimation 50" daemon [_thread_blocked, id=13552, stack(0x0000001340b00000,0x0000001341000000)]
  0x000001caed577800 JavaThread "Monitor HEventQueue" [_thread_blocked, id=17908, stack(0x000000133fc00000,0x0000001340100000)]
  0x000001caed579800 JavaThread "Batik CleanerThread" daemon [_thread_blocked, id=12016, stack(0x0000001341000000,0x0000001341500000)]
  0x000001caed57a800 JavaThread "SyntheticaCleanerThread" daemon [_thread_blocked, id=1888, stack(0x0000001340600000,0x0000001340b00000)]
  0x000001caebe5d000 JavaThread "Process Messages" [_thread_blocked, id=7404, stack(0x0000001340100000,0x0000001340600000)]
  0x000001caebe60000 JavaThread "Thread-1" [_thread_in_native, id=11208, stack(0x0000001339300000,0x000000133a700000)]
=>0x000001caebe47800 JavaThread "AWT-EventQueue-0" [_thread_in_native, id=16720, stack(0x000000133f700000,0x000000133fc00000)]
  0x000001caecb4d800 JavaThread "AWT-Shutdown" [_thread_blocked, id=19716, stack(0x000000133e300000,0x000000133e800000)]
  0x000001caec112000 JavaThread "TimerQueue" daemon [_thread_blocked, id=19824, stack(0x000000133ed00000,0x000000133f200000)]
  0x000001cac8c90000 JavaThread "AWT-Windows" daemon [_thread_in_native, id=696, stack(0x000000133e800000,0x000000133ed00000)]
  0x000001caebcae800 JavaThread "Java2D Disposer" daemon [_thread_blocked, id=8888, stack(0x000000133de00000,0x000000133e300000)]
  0x000001cac8617000 JavaThread "Service Thread" daemon [_thread_blocked, id=17844, stack(0x000000133d800000,0x000000133dd00000)]
  0x000001cacd554000 JavaThread "Common-Cleaner" daemon [_thread_blocked, id=8604, stack(0x000000133d300000,0x000000133d800000)]
  0x000001cac75e2000 JavaThread "Sweeper thread" daemon [_thread_blocked, id=6000, stack(0x000000133ce00000,0x000000133d300000)]
  0x000001cac75e1000 JavaThread "C1 CompilerThread2" daemon [_thread_blocked, id=14720, stack(0x000000133cd00000,0x000000133ce00000)]
  0x000001cac75e0000 JavaThread "C2 CompilerThread1" daemon [_thread_blocked, id=10480, stack(0x000000133cc00000,0x000000133cd00000)]
  0x000001cacd7f9000 JavaThread "C2 CompilerThread0" daemon [_thread_blocked, id=8244, stack(0x000000133cb00000,0x000000133cc00000)]
  0x000001cacd3eb000 JavaThread "Attach Listener" daemon [_thread_blocked, id=12740, stack(0x000000133c600000,0x000000133cb00000)]
  0x000001cacd7f8800 JavaThread "Signal Dispatcher" daemon [_thread_blocked, id=18216, stack(0x000000133c100000,0x000000133c600000)]
  0x000001cac853e800 JavaThread "Finalizer" daemon [_thread_blocked, id=16648, stack(0x000000133bc00000,0x000000133c100000)]
  0x000001cac853d000 JavaThread "Reference Handler" daemon [_thread_blocked, id=14040, stack(0x000000133b700000,0x000000133bc00000)]
  0x000001cacb288000 JavaThread "main" [_thread_blocked, id=13696, stack(0x0000001339200000,0x0000001339300000)]

Other Threads:
  0x000001cacac52800 VMThread "VM Thread" [stack: 0x000000133b600000,0x000000133b700000] [id=15852]
  0x000001cac8618800 WatcherThread [stack: 0x000000133dd00000,0x000000133de00000] [id=6216]
  0x000001cacd6c1000 GCTaskThread "GC Thread#0" [stack: 0x000000133ab00000,0x000000133ac00000] [id=15284]
  0x000001cacd6c1800 GCTaskThread "GC Thread#1" [stack: 0x000000133ac00000,0x000000133ad00000] [id=13132]
  0x000001cac7c69800 GCTaskThread "GC Thread#2" [stack: 0x000000133ad00000,0x000000133ae00000] [id=20296]
  0x000001caca69f800 GCTaskThread "GC Thread#3" [stack: 0x000000133ae00000,0x000000133af00000] [id=10556]
  0x000001cac7b86000 ConcurrentGCThread "G1 Main Marker" [stack: 0x000000133b400000,0x000000133b500000] [id=2044]
  0x000001cacd647800 ConcurrentGCThread "G1 Marker#0" [stack: 0x000000133b500000,0x000000133b600000] [id=9172]
  0x000001caca3ee800 ConcurrentGCThread "G1 Refine#0" [stack: 0x000000133b200000,0x000000133b300000] [id=17896]
  0x000001cacd326800 ConcurrentGCThread "G1 Refine#1" [stack: 0x000000133b100000,0x000000133b200000] [id=3528]
  0x000001cac776f800 ConcurrentGCThread "G1 Refine#2" [stack: 0x000000133b000000,0x000000133b100000] [id=9476]
  0x000001caca6a0000 ConcurrentGCThread "G1 Refine#3" [stack: 0x000000133af00000,0x000000133b000000] [id=17412]
  0x000001caca46d000 ConcurrentGCThread "G1 Young RemSet Sampling" [stack: 0x000000133b300000,0x000000133b400000] [id=19536]

Threads with active compile tasks:

VM state:not at safepoint (normal execution)

VM Mutex/Monitor currently owned by a thread: None

Heap address: 0x0000000700000000, size: 3072 MB, Compressed Oops mode: Zero based, Oop shift amount: 3
Narrow klass base: 0x0000000000000000, Narrow klass shift: 3
Compressed class space size: 1073741824 Address: 0x00000007c0000000

Heap:
 garbage-first heap   total 295936K, used 97462K [0x0000000700000000, 0x0000000700100908, 0x00000007c0000000)
  region size 1024K, 9 young (9216K), 2 survivors (2048K)
 Metaspace       used 86570K, capacity 93292K, committed 93488K, reserved 1130496K
  class space    used 11865K, capacity 13042K, committed 13104K, reserved 1048576K
Heap Regions: E=young(eden), S=young(survivor), O=old, HS=humongous(starts), HC=humongous(continues), CS=collection set, F=free, A=archive, TS=gc time stamp, AC=allocation context, TAMS=top-at-mark-start (previous, next)
|   0|0x0000000700000000, 0x00000007000fbd10, 0x0000000700100000| 98%| O|  |TS  0|AC  0|TAMS 0x0000000700000000, 0x0000000700000000|
|   1|0x0000000700100000, 0x0000000700200000, 0x0000000700200000|100%|HS|  |TS  0|AC  0|TAMS 0x0000000700100000, 0x0000000700100000|
|   2|0x0000000700200000, 0x0000000700300000, 0x0000000700300000|100%|HC|  |TS  0|AC  0|TAMS 0x0000000700200000, 0x0000000700200000|
|   3|0x0000000700300000, 0x0000000700400000, 0x0000000700400000|100%|HS|  |TS  0|AC  0|TAMS 0x0000000700300000, 0x0000000700300000|
|   4|0x0000000700400000, 0x00000007004ffff8, 0x0000000700500000| 99%| O|  |TS  0|AC  0|TAMS 0x0000000700400000, 0x0000000700400000|
|   5|0x0000000700500000, 0x0000000700600000, 0x0000000700600000|100%| O|  |TS  0|AC  0|TAMS 0x0000000700500000, 0x0000000700500000|
|   6|0x0000000700600000, 0x00000007006fffe0, 0x0000000700700000| 99%| O|  |TS  0|AC  0|TAMS 0x0000000700600000, 0x0000000700600000|
|   7|0x0000000700700000, 0x00000007007ffff8, 0x0000000700800000| 99%| O|  |TS  0|AC  0|TAMS 0x0000000700700000, 0x0000000700700000|
|   8|0x0000000700800000, 0x00000007008b39a8, 0x0000000700900000| 70%| O|  |TS  0|AC  0|TAMS 0x0000000700800000, 0x0000000700800000|
|   9|0x0000000700900000, 0x00000007009fff10, 0x0000000700a00000| 99%| O|  |TS  0|AC  0|TAMS 0x0000000700900000, 0x0000000700900000|
|  10|0x0000000700a00000, 0x0000000700ad2890, 0x0000000700b00000| 82%| O|  |TS  0|AC  0|TAMS 0x0000000700a00000, 0x0000000700a00000|
|  11|0x0000000700b00000, 0x0000000700bfeef0, 0x0000000700c00000| 99%| O|  |TS  0|AC  0|TAMS 0x0000000700b00000, 0x0000000700b00000|
|  12|0x0000000700c00000, 0x0000000700cf2340, 0x0000000700d00000| 94%| O|  |TS  0|AC  0|TAMS 0x0000000700c00000, 0x0000000700c00000|
|  13|0x0000000700d00000, 0x0000000700dfcc10, 0x0000000700e00000| 98%| O|  |TS  0|AC  0|TAMS 0x0000000700d00000, 0x0000000700d00000|
|  14|0x0000000700e00000, 0x0000000700efca38, 0x0000000700f00000| 98%| O|  |TS  0|AC  0|TAMS 0x0000000700e00000, 0x0000000700e00000|
|  15|0x0000000700f00000, 0x0000000700fffff0, 0x0000000701000000| 99%| O|  |TS  0|AC  0|TAMS 0x0000000700f00000, 0x0000000700f00000|
|  16|0x0000000701000000, 0x00000007010fffc0, 0x0000000701100000| 99%| O|  |TS  0|AC  0|TAMS 0x0000000701000000, 0x0000000701000000|
|  17|0x0000000701100000, 0x0000000701200000, 0x0000000701200000|100%| O|  |TS  0|AC  0|TAMS 0x0000000701100000, 0x0000000701100000|
|  18|0x0000000701200000, 0x00000007012ffff8, 0x0000000701300000| 99%| O|  |TS  0|AC  0|TAMS 0x0000000701200000, 0x0000000701200000|
|  19|0x0000000701300000, 0x00000007013fffe8, 0x0000000701400000| 99%| O|  |TS  0|AC  0|TAMS 0x0000000701300000, 0x0000000701300000|
|  20|0x0000000701400000, 0x0000000701500000, 0x0000000701500000|100%| O|  |TS  0|AC  0|TAMS 0x0000000701400000, 0x0000000701400000|
|  21|0x0000000701500000, 0x00000007015ffff0, 0x0000000701600000| 99%| O|  |TS  0|AC  0|TAMS 0x0000000701500000, 0x0000000701500000|
|  22|0x0000000701600000, 0x00000007016ffff0, 0x0000000701700000| 99%| O|  |TS  0|AC  0|TAMS 0x0000000701600000, 0x0000000701600000|
|  23|0x0000000701700000, 0x00000007017fffc8, 0x0000000701800000| 99%| O|  |TS  0|AC  0|TAMS 0x0000000701700000, 0x0000000701700000|
|  24|0x0000000701800000, 0x00000007018fffd8, 0x0000000701900000| 99%| O|  |TS  0|AC  0|TAMS 0x0000000701800000, 0x0000000701800000|
|  25|0x0000000701900000, 0x00000007019ffff8, 0x0000000701a00000| 99%| O|  |TS  0|AC  0|TAMS 0x0000000701900000, 0x0000000701900000|
|  26|0x0000000701a00000, 0x0000000701b00000, 0x0000000701b00000|100%| O|  |TS  0|AC  0|TAMS 0x0000000701a00000, 0x0000000701a00000|
|  27|0x0000000701b00000, 0x0000000701bffff8, 0x0000000701c00000| 99%| O|  |TS  0|AC  0|TAMS 0x0000000701b00000, 0x0000000701b00000|
|  28|0x0000000701c00000, 0x0000000701d00000, 0x0000000701d00000|100%| O|  |TS  0|AC  0|TAMS 0x0000000701c00000, 0x0000000701c00000|
|  29|0x0000000701d00000, 0x0000000701dffff0, 0x0000000701e00000| 99%| O|  |TS  0|AC  0|TAMS 0x0000000701d00000, 0x0000000701d00000|
|  30|0x0000000701e00000, 0x0000000701effee0, 0x0000000701f00000| 99%| O|  |TS  0|AC  0|TAMS 0x0000000701e00000, 0x0000000701e00000|
|  31|0x0000000701f00000, 0x0000000702000000, 0x0000000702000000|100%| O|  |TS  0|AC  0|TAMS 0x0000000701f00000, 0x0000000701f00000|
|  32|0x0000000702000000, 0x00000007020fffe0, 0x0000000702100000| 99%| O|  |TS  0|AC  0|TAMS 0x0000000702000000, 0x0000000702000000|
|  33|0x0000000702100000, 0x00000007021ffff0, 0x0000000702200000| 99%| O|  |TS  0|AC  0|TAMS 0x0000000702100000, 0x0000000702100000|
|  34|0x0000000702200000, 0x00000007022ffff0, 0x0000000702300000| 99%| O|  |TS  0|AC  0|TAMS 0x0000000702200000, 0x0000000702200000|
|  35|0x0000000702300000, 0x00000007023ffff0, 0x0000000702400000| 99%| O|  |TS  0|AC  0|TAMS 0x0000000702300000, 0x0000000702300000|
|  36|0x0000000702400000, 0x00000007024fffe8, 0x0000000702500000| 99%| O|  |TS  0|AC  0|TAMS 0x0000000702400000, 0x0000000702400000|
|  37|0x0000000702500000, 0x00000007025fff98, 0x0000000702600000| 99%| O|  |TS  0|AC  0|TAMS 0x0000000702500000, 0x0000000702500000|
|  38|0x0000000702600000, 0x00000007026ffc68, 0x0000000702700000| 99%| O|  |TS  0|AC  0|TAMS 0x0000000702600000, 0x0000000702600000|
|  39|0x0000000702700000, 0x0000000702800000, 0x0000000702800000|100%| O|  |TS  0|AC  0|TAMS 0x0000000702700000, 0x0000000702700000|
|  40|0x0000000702800000, 0x00000007028ffff0, 0x0000000702900000| 99%| O|  |TS  0|AC  0|TAMS 0x0000000702800000, 0x0000000702800000|
|  41|0x0000000702900000, 0x00000007029fffe0, 0x0000000702a00000| 99%| O|  |TS  0|AC  0|TAMS 0x0000000702900000, 0x0000000702900000|
|  42|0x0000000702a00000, 0x0000000702b00000, 0x0000000702b00000|100%| O|  |TS  0|AC  0|TAMS 0x0000000702a00000, 0x0000000702a00000|
|  43|0x0000000702b00000, 0x0000000702bffff8, 0x0000000702c00000| 99%| O|  |TS  0|AC  0|TAMS 0x0000000702b00000, 0x0000000702b00000|
|  44|0x0000000702c00000, 0x0000000702cfffe0, 0x0000000702d00000| 99%| O|  |TS  0|AC  0|TAMS 0x0000000702c00000, 0x0000000702c00000|
|  45|0x0000000702d00000, 0x0000000702dffff0, 0x0000000702e00000| 99%| O|  |TS  0|AC  0|TAMS 0x0000000702d00000, 0x0000000702d00000|
|  46|0x0000000702e00000, 0x0000000702effff0, 0x0000000702f00000| 99%| O|  |TS  0|AC  0|TAMS 0x0000000702e00000, 0x0000000702e00000|
|  47|0x0000000702f00000, 0x0000000702fff088, 0x0000000703000000| 99%| O|  |TS  0|AC  0|TAMS 0x0000000702f00000, 0x0000000702f00000|
|  48|0x0000000703000000, 0x00000007030ff300, 0x0000000703100000| 99%| O|  |TS  0|AC  0|TAMS 0x0000000703000000, 0x0000000703000000|
|  49|0x0000000703100000, 0x00000007031ffff0, 0x0000000703200000| 99%| O|  |TS  0|AC  0|TAMS 0x0000000703100000, 0x0000000703100000|
|  50|0x0000000703200000, 0x0000000703300000, 0x0000000703300000|100%| O|  |TS  0|AC  0|TAMS 0x0000000703200000, 0x0000000703200000|
|  51|0x0000000703300000, 0x00000007033ffff0, 0x0000000703400000| 99%| O|  |TS  0|AC  0|TAMS 0x0000000703300000, 0x0000000703300000|
|  52|0x0000000703400000, 0x00000007034fff08, 0x0000000703500000| 99%| O|  |TS  0|AC  0|TAMS 0x0000000703400000, 0x0000000703400000|
|  53|0x0000000703500000, 0x00000007035ff698, 0x0000000703600000| 99%| O|  |TS  0|AC  0|TAMS 0x0000000703500000, 0x0000000703500000|
|  54|0x0000000703600000, 0x00000007036fffe8, 0x0000000703700000| 99%| O|  |TS  0|AC  0|TAMS 0x0000000703600000, 0x0000000703600000|
|  55|0x0000000703700000, 0x00000007037ffff0, 0x0000000703800000| 99%| O|  |TS  0|AC  0|TAMS 0x0000000703700000, 0x0000000703700000|
|  56|0x0000000703800000, 0x00000007038ffd38, 0x0000000703900000| 99%| O|  |TS  0|AC  0|TAMS 0x0000000703800000, 0x0000000703800000|
|  57|0x0000000703900000, 0x00000007039ffff8, 0x0000000703a00000| 99%| O|  |TS  0|AC  0|TAMS 0x0000000703900000, 0x0000000703900000|
|  58|0x0000000703a00000, 0x0000000703afffe8, 0x0000000703b00000| 99%| O|  |TS  0|AC  0|TAMS 0x0000000703a00000, 0x0000000703a00000|
|  59|0x0000000703b00000, 0x0000000703bfeb68, 0x0000000703c00000| 99%| O|  |TS  0|AC  0|TAMS 0x0000000703b00000, 0x0000000703b00000|
|  60|0x0000000703c00000, 0x0000000703cfeee0, 0x0000000703d00000| 99%| O|  |TS  0|AC  0|TAMS 0x0000000703c00000, 0x0000000703c00000|
|  61|0x0000000703d00000, 0x0000000703e00000, 0x0000000703e00000|100%| O|  |TS  0|AC  0|TAMS 0x0000000703d00000, 0x0000000703d00000|
|  62|0x0000000703e00000, 0x0000000703efffe8, 0x0000000703f00000| 99%| O|  |TS  0|AC  0|TAMS 0x0000000703e00000, 0x0000000703e00000|
|  63|0x0000000703f00000, 0x0000000703f35bc8, 0x0000000704000000| 20%| O|  |TS  0|AC  0|TAMS 0x0000000703f00000, 0x0000000703f00000|
|  64|0x0000000704000000, 0x0000000704100000, 0x0000000704100000|100%| O|  |TS 61|AC  0|TAMS 0x0000000704000000, 0x0000000704000000|
|  65|0x0000000704100000, 0x0000000704200000, 0x0000000704200000|100%|HS|  |TS  0|AC  0|TAMS 0x0000000704100000, 0x0000000704100000|
|  66|0x0000000704200000, 0x000000070420fa00, 0x0000000704300000|  6%| O|  |TS 61|AC  0|TAMS 0x0000000704200000, 0x0000000704200000|
|  67|0x0000000704300000, 0x0000000704300000, 0x0000000704400000|  0%| F|  |TS  0|AC  0|TAMS 0x0000000704300000, 0x0000000704300000|
|  68|0x0000000704400000, 0x0000000704400000, 0x0000000704500000|  0%| F|  |TS  0|AC  0|TAMS 0x0000000704400000, 0x0000000704400000|
|  69|0x0000000704500000, 0x0000000704500000, 0x0000000704600000|  0%| F|  |TS  0|AC  0|TAMS 0x0000000704500000, 0x0000000704500000|
|  70|0x0000000704600000, 0x0000000704600000, 0x0000000704700000|  0%| F|  |TS  0|AC  0|TAMS 0x0000000704600000, 0x0000000704600000|
|  71|0x0000000704700000, 0x0000000704700000, 0x0000000704800000|  0%| F|  |TS  0|AC  0|TAMS 0x0000000704700000, 0x0000000704700000|
|  72|0x0000000704800000, 0x0000000704800000, 0x0000000704900000|  0%| F|  |TS  0|AC  0|TAMS 0x0000000704800000, 0x0000000704800000|
|  73|0x0000000704900000, 0x0000000704a00000, 0x0000000704a00000|100%|HS|  |TS  0|AC  0|TAMS 0x0000000704900000, 0x0000000704900000|
|  74|0x0000000704a00000, 0x0000000704b00000, 0x0000000704b00000|100%|HC|  |TS  0|AC  0|TAMS 0x0000000704a00000, 0x0000000704a00000|
|  75|0x0000000704b00000, 0x0000000704c00000, 0x0000000704c00000|100%|HC|  |TS  0|AC  0|TAMS 0x0000000704b00000, 0x0000000704b00000|
|  76|0x0000000704c00000, 0x0000000704d00000, 0x0000000704d00000|100%|HC|  |TS  0|AC  0|TAMS 0x0000000704c00000, 0x0000000704c00000|
|  77|0x0000000704d00000, 0x0000000704e00000, 0x0000000704e00000|100%|HS|  |TS  0|AC  0|TAMS 0x0000000704d00000, 0x0000000704d00000|
|  78|0x0000000704e00000, 0x0000000704f00000, 0x0000000704f00000|100%|HC|  |TS  0|AC  0|TAMS 0x0000000704e00000, 0x0000000704e00000|
|  79|0x0000000704f00000, 0x0000000705000000, 0x0000000705000000|100%|HC|  |TS  0|AC  0|TAMS 0x0000000704f00000, 0x0000000704f00000|
|  80|0x0000000705000000, 0x0000000705000000, 0x0000000705100000|  0%| F|  |TS  0|AC  0|TAMS 0x0000000705000000, 0x0000000705000000|
|  81|0x0000000705100000, 0x0000000705100000, 0x0000000705200000|  0%| F|  |TS  0|AC  0|TAMS 0x0000000705100000, 0x0000000705100000|
|  82|0x0000000705200000, 0x0000000705200000, 0x0000000705300000|  0%| F|  |TS  0|AC  0|TAMS 0x0000000705200000, 0x0000000705200000|
|  83|0x0000000705300000, 0x0000000705300000, 0x0000000705400000|  0%| F|  |TS  0|AC  0|TAMS 0x0000000705300000, 0x0000000705300000|
|  84|0x0000000705400000, 0x0000000705400000, 0x0000000705500000|  0%| F|  |TS  0|AC  0|TAMS 0x0000000705400000, 0x0000000705400000|
|  85|0x0000000705500000, 0x0000000705500000, 0x0000000705600000|  0%| F|  |TS  0|AC  0|TAMS 0x0000000705500000, 0x0000000705500000|
|  86|0x0000000705600000, 0x0000000705700000, 0x0000000705700000|100%|HS|  |TS  0|AC  0|TAMS 0x0000000705600000, 0x0000000705600000|
|  87|0x0000000705700000, 0x0000000705800000, 0x0000000705800000|100%|HC|  |TS  0|AC  0|TAMS 0x0000000705700000, 0x0000000705700000|
|  88|0x0000000705800000, 0x0000000705900000, 0x0000000705900000|100%|HC|  |TS  0|AC  0|TAMS 0x0000000705800000, 0x0000000705800000|
|  89|0x0000000705900000, 0x0000000705a00000, 0x0000000705a00000|100%|HC|  |TS  0|AC  0|TAMS 0x0000000705900000, 0x0000000705900000|
|  90|0x0000000705a00000, 0x0000000705b00000, 0x0000000705b00000|100%|HC|  |TS  0|AC  0|TAMS 0x0000000705a00000, 0x0000000705a00000|
|  91|0x0000000705b00000, 0x0000000705c00000, 0x0000000705c00000|100%|HC|  |TS  0|AC  0|TAMS 0x0000000705b00000, 0x0000000705b00000|
|  92|0x0000000705c00000, 0x0000000705d00000, 0x0000000705d00000|100%|HC|  |TS  0|AC  0|TAMS 0x0000000705c00000, 0x0000000705c00000|
|  93|0x0000000705d00000, 0x0000000705e00000, 0x0000000705e00000|100%|HC|  |TS  0|AC  0|TAMS 0x0000000705d00000, 0x0000000705d00000|
|  94|0x0000000705e00000, 0x0000000705e00000, 0x0000000705f00000|  0%| F|  |TS  0|AC  0|TAMS 0x0000000705e00000, 0x0000000705e00000|
|  95|0x0000000705f00000, 0x0000000705f00000, 0x0000000706000000|  0%| F|  |TS  0|AC  0|TAMS 0x0000000705f00000, 0x0000000705f00000|
|  96|0x0000000706000000, 0x0000000706000000, 0x0000000706100000|  0%| F|  |TS  0|AC  0|TAMS 0x0000000706000000, 0x0000000706000000|
|  97|0x0000000706100000, 0x0000000706100000, 0x0000000706200000|  0%| F|  |TS  0|AC  0|TAMS 0x0000000706100000, 0x0000000706100000|
|  98|0x0000000706200000, 0x0000000706200000, 0x0000000706300000|  0%| F|  |TS  0|AC  0|TAMS 0x0000000706200000, 0x0000000706200000|
|  99|0x0000000706300000, 0x0000000706300000, 0x0000000706400000|  0%| F|  |TS  0|AC  0|TAMS 0x0000000706300000, 0x0000000706300000|
| 100|0x0000000706400000, 0x0000000706400000, 0x0000000706500000|  0%| F|  |TS  0|AC  0|TAMS 0x0000000706400000, 0x0000000706400000|
| 101|0x0000000706500000, 0x0000000706500000, 0x0000000706600000|  0%| F|  |TS  0|AC  0|TAMS 0x0000000706500000, 0x0000000706500000|
| 102|0x0000000706600000, 0x0000000706600000, 0x0000000706700000|  0%| F|  |TS  0|AC  0|TAMS 0x0000000706600000, 0x0000000706600000|
| 103|0x0000000706700000, 0x0000000706700000, 0x0000000706800000|  0%| F|  |TS  0|AC  0|TAMS 0x0000000706700000, 0x0000000706700000|
| 104|0x0000000706800000, 0x0000000706800000, 0x0000000706900000|  0%| F|  |TS  0|AC  0|TAMS 0x0000000706800000, 0x0000000706800000|
| 105|0x0000000706900000, 0x0000000706900000, 0x0000000706a00000|  0%| F|  |TS  0|AC  0|TAMS 0x0000000706900000, 0x0000000706900000|
| 106|0x0000000706a00000, 0x0000000706a00000, 0x0000000706b00000|  0%| F|  |TS  0|AC  0|TAMS 0x0000000706a00000, 0x0000000706a00000|
| 107|0x0000000706b00000, 0x0000000706b00000, 0x0000000706c00000|  0%| F|  |TS  0|AC  0|TAMS 0x0000000706b00000, 0x0000000706b00000|
| 108|0x0000000706c00000, 0x0000000706c00000, 0x0000000706d00000|  0%| F|  |TS  0|AC  0|TAMS 0x0000000706c00000, 0x0000000706c00000|
| 109|0x0000000706d00000, 0x0000000706d00000, 0x0000000706e00000|  0%| F|  |TS  0|AC  0|TAMS 0x0000000706d00000, 0x0000000706d00000|
| 110|0x0000000706e00000, 0x0000000706f00000, 0x0000000706f00000|100%|HS|  |TS  0|AC  0|TAMS 0x0000000706e00000, 0x0000000706e00000|
| 111|0x0000000706f00000, 0x0000000707000000, 0x0000000707000000|100%|HC|  |TS  0|AC  0|TAMS 0x0000000706f00000, 0x0000000706f00000|
| 112|0x0000000707000000, 0x0000000707100000, 0x0000000707100000|100%|HC|  |TS  0|AC  0|TAMS 0x0000000707000000, 0x0000000707000000|
| 113|0x0000000707100000, 0x0000000707200000, 0x0000000707200000|100%|HC|  |TS  0|AC  0|TAMS 0x0000000707100000, 0x0000000707100000|
| 114|0x0000000707200000, 0x0000000707300000, 0x0000000707300000|100%|HC|  |TS  0|AC  0|TAMS 0x0000000707200000, 0x0000000707200000|
| 115|0x0000000707300000, 0x0000000707400000, 0x0000000707400000|100%|HC|  |TS  0|AC  0|TAMS 0x0000000707300000, 0x0000000707300000|
| 116|0x0000000707400000, 0x0000000707500000, 0x0000000707500000|100%|HC|  |TS  0|AC  0|TAMS 0x0000000707400000, 0x0000000707400000|
| 117|0x0000000707500000, 0x0000000707600000, 0x0000000707600000|100%|HC|  |TS  0|AC  0|TAMS 0x0000000707500000, 0x0000000707500000|
| 118|0x0000000707600000, 0x0000000707600000, 0x0000000707700000|  0%| F|  |TS  0|AC  0|TAMS 0x0000000707600000, 0x0000000707600000|
| 119|0x0000000707700000, 0x0000000707700000, 0x0000000707800000|  0%| F|  |TS  0|AC  0|TAMS 0x0000000707700000, 0x0000000707700000|
| 120|0x0000000707800000, 0x0000000707800000, 0x0000000707900000|  0%| F|  |TS  0|AC  0|TAMS 0x0000000707800000, 0x0000000707800000|
| 121|0x0000000707900000, 0x0000000707900000, 0x0000000707a00000|  0%| F|  |TS  0|AC  0|TAMS 0x0000000707900000, 0x0000000707900000|
| 122|0x0000000707a00000, 0x0000000707a00000, 0x0000000707b00000|  0%| F|  |TS  0|AC  0|TAMS 0x0000000707a00000, 0x0000000707a00000|
| 123|0x0000000707b00000, 0x0000000707b00000, 0x0000000707c00000|  0%| F|  |TS  0|AC  0|TAMS 0x0000000707b00000, 0x0000000707b00000|
| 124|0x0000000707c00000, 0x0000000707c00000, 0x0000000707d00000|  0%| F|  |TS  0|AC  0|TAMS 0x0000000707c00000, 0x0000000707c00000|
| 125|0x0000000707d00000, 0x0000000707d00000, 0x0000000707e00000|  0%| F|  |TS  0|AC  0|TAMS 0x0000000707d00000, 0x0000000707d00000|
| 126|0x0000000707e00000, 0x0000000707e00000, 0x0000000707f00000|  0%| F|  |TS  0|AC  0|TAMS 0x0000000707e00000, 0x0000000707e00000|
| 127|0x0000000707f00000, 0x0000000707f00000, 0x0000000708000000|  0%| F|  |TS  0|AC  0|TAMS 0x0000000707f00000, 0x0000000707f00000|
| 128|0x0000000708000000, 0x0000000708000000, 0x0000000708100000|  0%| F|  |TS  0|AC  0|TAMS 0x0000000708000000, 0x0000000708000000|
| 129|0x0000000708100000, 0x0000000708100000, 0x0000000708200000|  0%| F|  |TS  0|AC  0|TAMS 0x0000000708100000, 0x0000000708100000|
| 130|0x0000000708200000, 0x0000000708200000, 0x0000000708300000|  0%| F|  |TS  0|AC  0|TAMS 0x0000000708200000, 0x0000000708200000|
| 131|0x0000000708300000, 0x0000000708300000, 0x0000000708400000|  0%| F|  |TS  0|AC  0|TAMS 0x0000000708300000, 0x0000000708300000|
| 132|0x0000000708400000, 0x0000000708400000, 0x0000000708500000|  0%| F|  |TS  0|AC  0|TAMS 0x0000000708400000, 0x0000000708400000|
| 133|0x0000000708500000, 0x0000000708500000, 0x0000000708600000|  0%| F|  |TS  0|AC  0|TAMS 0x0000000708500000, 0x0000000708500000|
| 134|0x0000000708600000, 0x0000000708600000, 0x0000000708700000|  0%| F|  |TS  0|AC  0|TAMS 0x0000000708600000, 0x0000000708600000|
| 135|0x0000000708700000, 0x0000000708700000, 0x0000000708800000|  0%| F|  |TS  0|AC  0|TAMS 0x0000000708700000, 0x0000000708700000|
| 136|0x0000000708800000, 0x0000000708800000, 0x0000000708900000|  0%| F|  |TS  0|AC  0|TAMS 0x0000000708800000, 0x0000000708800000|
| 137|0x0000000708900000, 0x0000000708900000, 0x0000000708a00000|  0%| F|  |TS  0|AC  0|TAMS 0x0000000708900000, 0x0000000708900000|
| 138|0x0000000708a00000, 0x0000000708a00000, 0x0000000708b00000|  0%| F|  |TS  0|AC  0|TAMS 0x0000000708a00000, 0x0000000708a00000|
| 139|0x0000000708b00000, 0x0000000708b00000, 0x0000000708c00000|  0%| F|  |TS  0|AC  0|TAMS 0x0000000708b00000, 0x0000000708b00000|
| 140|0x0000000708c00000, 0x0000000708c00000, 0x0000000708d00000|  0%| F|  |TS  0|AC  0|TAMS 0x0000000708c00000, 0x0000000708c00000|
| 141|0x0000000708d00000, 0x0000000708d00000, 0x0000000708e00000|  0%| F|  |TS  0|AC  0|TAMS 0x0000000708d00000, 0x0000000708d00000|
| 142|0x0000000708e00000, 0x0000000708e00000, 0x0000000708f00000|  0%| F|  |TS  0|AC  0|TAMS 0x0000000708e00000, 0x0000000708e00000|
| 143|0x0000000708f00000, 0x0000000708f00000, 0x0000000709000000|  0%| F|  |TS  0|AC  0|TAMS 0x0000000708f00000, 0x0000000708f00000|
| 144|0x0000000709000000, 0x0000000709000000, 0x0000000709100000|  0%| F|  |TS  0|AC  0|TAMS 0x0000000709000000, 0x0000000709000000|
| 145|0x0000000709100000, 0x0000000709100000, 0x0000000709200000|  0%| F|  |TS  0|AC  0|TAMS 0x0000000709100000, 0x0000000709100000|
| 146|0x0000000709200000, 0x0000000709200000, 0x0000000709300000|  0%| F|  |TS  0|AC  0|TAMS 0x0000000709200000, 0x0000000709200000|
| 147|0x0000000709300000, 0x0000000709300000, 0x0000000709400000|  0%| F|  |TS  0|AC  0|TAMS 0x0000000709300000, 0x0000000709300000|
| 148|0x0000000709400000, 0x0000000709400000, 0x0000000709500000|  0%| F|  |TS  0|AC  0|TAMS 0x0000000709400000, 0x0000000709400000|
| 149|0x0000000709500000, 0x0000000709500000, 0x0000000709600000|  0%| F|  |TS  0|AC  0|TAMS 0x0000000709500000, 0x0000000709500000|
| 150|0x0000000709600000, 0x0000000709600000, 0x0000000709700000|  0%| F|  |TS  0|AC  0|TAMS 0x0000000709600000, 0x0000000709600000|
| 151|0x0000000709700000, 0x0000000709700000, 0x0000000709800000|  0%| F|  |TS  0|AC  0|TAMS 0x0000000709700000, 0x0000000709700000|
| 152|0x0000000709800000, 0x0000000709800000, 0x0000000709900000|  0%| F|  |TS  0|AC  0|TAMS 0x0000000709800000, 0x0000000709800000|
| 153|0x0000000709900000, 0x0000000709900000, 0x0000000709a00000|  0%| F|  |TS  0|AC  0|TAMS 0x0000000709900000, 0x0000000709900000|
| 154|0x0000000709a00000, 0x0000000709a00000, 0x0000000709b00000|  0%| F|  |TS  0|AC  0|TAMS 0x0000000709a00000, 0x0000000709a00000|
| 155|0x0000000709b00000, 0x0000000709b00000, 0x0000000709c00000|  0%| F|  |TS  0|AC  0|TAMS 0x0000000709b00000, 0x0000000709b00000|
| 156|0x0000000709c00000, 0x0000000709c00000, 0x0000000709d00000|  0%| F|  |TS  0|AC  0|TAMS 0x0000000709c00000, 0x0000000709c00000|
| 157|0x0000000709d00000, 0x0000000709d00000, 0x0000000709e00000|  0%| F|  |TS  0|AC  0|TAMS 0x0000000709d00000, 0x0000000709d00000|
| 158|0x0000000709e00000, 0x0000000709e00000, 0x0000000709f00000|  0%| F|  |TS  0|AC  0|TAMS 0x0000000709e00000, 0x0000000709e00000|
| 159|0x0000000709f00000, 0x0000000709f00000, 0x000000070a000000|  0%| F|  |TS  0|AC  0|TAMS 0x0000000709f00000, 0x0000000709f00000|
| 160|0x000000070a000000, 0x000000070a000000, 0x000000070a100000|  0%| F|  |TS  0|AC  0|TAMS 0x000000070a000000, 0x000000070a000000|
| 161|0x000000070a100000, 0x000000070a100000, 0x000000070a200000|  0%| F|  |TS  0|AC  0|TAMS 0x000000070a100000, 0x000000070a100000|
| 162|0x000000070a200000, 0x000000070a200000, 0x000000070a300000|  0%| F|  |TS  0|AC  0|TAMS 0x000000070a200000, 0x000000070a200000|
| 163|0x000000070a300000, 0x000000070a300000, 0x000000070a400000|  0%| F|  |TS  0|AC  0|TAMS 0x000000070a300000, 0x000000070a300000|
| 164|0x000000070a400000, 0x000000070a400000, 0x000000070a500000|  0%| F|  |TS  0|AC  0|TAMS 0x000000070a400000, 0x000000070a400000|
| 165|0x000000070a500000, 0x000000070a500000, 0x000000070a600000|  0%| F|  |TS  0|AC  0|TAMS 0x000000070a500000, 0x000000070a500000|
| 166|0x000000070a600000, 0x000000070a600000, 0x000000070a700000|  0%| F|  |TS  0|AC  0|TAMS 0x000000070a600000, 0x000000070a600000|
| 167|0x000000070a700000, 0x000000070a700000, 0x000000070a800000|  0%| F|  |TS  0|AC  0|TAMS 0x000000070a700000, 0x000000070a700000|
| 168|0x000000070a800000, 0x000000070a800000, 0x000000070a900000|  0%| F|  |TS  0|AC  0|TAMS 0x000000070a800000, 0x000000070a800000|
| 169|0x000000070a900000, 0x000000070a900000, 0x000000070aa00000|  0%| F|  |TS  0|AC  0|TAMS 0x000000070a900000, 0x000000070a900000|
| 170|0x000000070aa00000, 0x000000070aa00000, 0x000000070ab00000|  0%| F|  |TS  0|AC  0|TAMS 0x000000070aa00000, 0x000000070aa00000|
| 171|0x000000070ab00000, 0x000000070ab00000, 0x000000070ac00000|  0%| F|  |TS  0|AC  0|TAMS 0x000000070ab00000, 0x000000070ab00000|
| 172|0x000000070ac00000, 0x000000070ac00000, 0x000000070ad00000|  0%| F|  |TS  0|AC  0|TAMS 0x000000070ac00000, 0x000000070ac00000|
| 173|0x000000070ad00000, 0x000000070ad00000, 0x000000070ae00000|  0%| F|  |TS  0|AC  0|TAMS 0x000000070ad00000, 0x000000070ad00000|
| 174|0x000000070ae00000, 0x000000070ae00000, 0x000000070af00000|  0%| F|  |TS  0|AC  0|TAMS 0x000000070ae00000, 0x000000070ae00000|
| 175|0x000000070af00000, 0x000000070af00000, 0x000000070b000000|  0%| F|  |TS  0|AC  0|TAMS 0x000000070af00000, 0x000000070af00000|
| 176|0x000000070b000000, 0x000000070b000000, 0x000000070b100000|  0%| F|  |TS  0|AC  0|TAMS 0x000000070b000000, 0x000000070b000000|
| 177|0x000000070b100000, 0x000000070b100000, 0x000000070b200000|  0%| F|  |TS  0|AC  0|TAMS 0x000000070b100000, 0x000000070b100000|
| 178|0x000000070b200000, 0x000000070b200000, 0x000000070b300000|  0%| F|  |TS  0|AC  0|TAMS 0x000000070b200000, 0x000000070b200000|
| 179|0x000000070b300000, 0x000000070b300000, 0x000000070b400000|  0%| F|  |TS  0|AC  0|TAMS 0x000000070b300000, 0x000000070b300000|
| 180|0x000000070b400000, 0x000000070b400000, 0x000000070b500000|  0%| F|  |TS  0|AC  0|TAMS 0x000000070b400000, 0x000000070b400000|
| 181|0x000000070b500000, 0x000000070b500000, 0x000000070b600000|  0%| F|  |TS  0|AC  0|TAMS 0x000000070b500000, 0x000000070b500000|
| 182|0x000000070b600000, 0x000000070b600000, 0x000000070b700000|  0%| F|  |TS  0|AC  0|TAMS 0x000000070b600000, 0x000000070b600000|
| 183|0x000000070b700000, 0x000000070b700000, 0x000000070b800000|  0%| F|  |TS  0|AC  0|TAMS 0x000000070b700000, 0x000000070b700000|
| 184|0x000000070b800000, 0x000000070b800000, 0x000000070b900000|  0%| F|  |TS  0|AC  0|TAMS 0x000000070b800000, 0x000000070b800000|
| 185|0x000000070b900000, 0x000000070b900000, 0x000000070ba00000|  0%| F|  |TS  0|AC  0|TAMS 0x000000070b900000, 0x000000070b900000|
| 186|0x000000070ba00000, 0x000000070ba00000, 0x000000070bb00000|  0%| F|  |TS  0|AC  0|TAMS 0x000000070ba00000, 0x000000070ba00000|
| 187|0x000000070bb00000, 0x000000070bb00000, 0x000000070bc00000|  0%| F|  |TS  0|AC  0|TAMS 0x000000070bb00000, 0x000000070bb00000|
| 188|0x000000070bc00000, 0x000000070bc00000, 0x000000070bd00000|  0%| F|  |TS  0|AC  0|TAMS 0x000000070bc00000, 0x000000070bc00000|
| 189|0x000000070bd00000, 0x000000070bd00000, 0x000000070be00000|  0%| F|  |TS  0|AC  0|TAMS 0x000000070bd00000, 0x000000070bd00000|
| 190|0x000000070be00000, 0x000000070be00000, 0x000000070bf00000|  0%| F|  |TS  0|AC  0|TAMS 0x000000070be00000, 0x000000070be00000|
| 191|0x000000070bf00000, 0x000000070bf00000, 0x000000070c000000|  0%| F|  |TS  0|AC  0|TAMS 0x000000070bf00000, 0x000000070bf00000|
| 192|0x000000070c000000, 0x000000070c000000, 0x000000070c100000|  0%| F|  |TS  0|AC  0|TAMS 0x000000070c000000, 0x000000070c000000|
| 193|0x000000070c100000, 0x000000070c100000, 0x000000070c200000|  0%| F|  |TS  0|AC  0|TAMS 0x000000070c100000, 0x000000070c100000|
| 194|0x000000070c200000, 0x000000070c200000, 0x000000070c300000|  0%| F|  |TS  0|AC  0|TAMS 0x000000070c200000, 0x000000070c200000|
| 195|0x000000070c300000, 0x000000070c300000, 0x000000070c400000|  0%| F|  |TS  0|AC  0|TAMS 0x000000070c300000, 0x000000070c300000|
| 196|0x000000070c400000, 0x000000070c400000, 0x000000070c500000|  0%| F|  |TS  0|AC  0|TAMS 0x000000070c400000, 0x000000070c400000|
| 197|0x000000070c500000, 0x000000070c500000, 0x000000070c600000|  0%| F|  |TS  0|AC  0|TAMS 0x000000070c500000, 0x000000070c500000|
| 198|0x000000070c600000, 0x000000070c600000, 0x000000070c700000|  0%| F|  |TS  0|AC  0|TAMS 0x000000070c600000, 0x000000070c600000|
| 199|0x000000070c700000, 0x000000070c700000, 0x000000070c800000|  0%| F|  |TS  0|AC  0|TAMS 0x000000070c700000, 0x000000070c700000|
| 200|0x000000070c800000, 0x000000070c800000, 0x000000070c900000|  0%| F|  |TS  0|AC  0|TAMS 0x000000070c800000, 0x000000070c800000|
| 201|0x000000070c900000, 0x000000070c900000, 0x000000070ca00000|  0%| F|  |TS  0|AC  0|TAMS 0x000000070c900000, 0x000000070c900000|
| 202|0x000000070ca00000, 0x000000070ca00000, 0x000000070cb00000|  0%| F|  |TS  0|AC  0|TAMS 0x000000070ca00000, 0x000000070ca00000|
| 203|0x000000070cb00000, 0x000000070cb00000, 0x000000070cc00000|  0%| F|  |TS  0|AC  0|TAMS 0x000000070cb00000, 0x000000070cb00000|
| 204|0x000000070cc00000, 0x000000070cc00000, 0x000000070cd00000|  0%| F|  |TS  0|AC  0|TAMS 0x000000070cc00000, 0x000000070cc00000|
| 205|0x000000070cd00000, 0x000000070cd00000, 0x000000070ce00000|  0%| F|  |TS  0|AC  0|TAMS 0x000000070cd00000, 0x000000070cd00000|
| 206|0x000000070ce00000, 0x000000070ce00000, 0x000000070cf00000|  0%| F|  |TS  0|AC  0|TAMS 0x000000070ce00000, 0x000000070ce00000|
| 207|0x000000070cf00000, 0x000000070cf00000, 0x000000070d000000|  0%| F|  |TS  0|AC  0|TAMS 0x000000070cf00000, 0x000000070cf00000|
| 208|0x000000070d000000, 0x000000070d000000, 0x000000070d100000|  0%| F|  |TS  0|AC  0|TAMS 0x000000070d000000, 0x000000070d000000|
| 209|0x000000070d100000, 0x000000070d100000, 0x000000070d200000|  0%| F|  |TS  0|AC  0|TAMS 0x000000070d100000, 0x000000070d100000|
| 210|0x000000070d200000, 0x000000070d200000, 0x000000070d300000|  0%| F|  |TS  0|AC  0|TAMS 0x000000070d200000, 0x000000070d200000|
| 211|0x000000070d300000, 0x000000070d300000, 0x000000070d400000|  0%| F|  |TS  0|AC  0|TAMS 0x000000070d300000, 0x000000070d300000|
| 212|0x000000070d400000, 0x000000070d400000, 0x000000070d500000|  0%| F|  |TS  0|AC  0|TAMS 0x000000070d400000, 0x000000070d400000|
| 213|0x000000070d500000, 0x000000070d500000, 0x000000070d600000|  0%| F|  |TS  0|AC  0|TAMS 0x000000070d500000, 0x000000070d500000|
| 214|0x000000070d600000, 0x000000070d600000, 0x000000070d700000|  0%| F|  |TS  0|AC  0|TAMS 0x000000070d600000, 0x000000070d600000|
| 215|0x000000070d700000, 0x000000070d700000, 0x000000070d800000|  0%| F|  |TS  0|AC  0|TAMS 0x000000070d700000, 0x000000070d700000|
| 216|0x000000070d800000, 0x000000070d800000, 0x000000070d900000|  0%| F|  |TS  0|AC  0|TAMS 0x000000070d800000, 0x000000070d800000|
| 217|0x000000070d900000, 0x000000070d900000, 0x000000070da00000|  0%| F|  |TS  0|AC  0|TAMS 0x000000070d900000, 0x000000070d900000|
| 218|0x000000070da00000, 0x000000070da00000, 0x000000070db00000|  0%| F|  |TS  0|AC  0|TAMS 0x000000070da00000, 0x000000070da00000|
| 219|0x000000070db00000, 0x000000070db00000, 0x000000070dc00000|  0%| F|  |TS  0|AC  0|TAMS 0x000000070db00000, 0x000000070db00000|
| 220|0x000000070dc00000, 0x000000070dc00000, 0x000000070dd00000|  0%| F|  |TS  0|AC  0|TAMS 0x000000070dc00000, 0x000000070dc00000|
| 221|0x000000070dd00000, 0x000000070dd00000, 0x000000070de00000|  0%| F|  |TS  0|AC  0|TAMS 0x000000070dd00000, 0x000000070dd00000|
| 222|0x000000070de00000, 0x000000070de00000, 0x000000070df00000|  0%| F|  |TS  0|AC  0|TAMS 0x000000070de00000, 0x000000070de00000|
| 223|0x000000070df00000, 0x000000070df00000, 0x000000070e000000|  0%| F|  |TS  0|AC  0|TAMS 0x000000070df00000, 0x000000070df00000|
| 224|0x000000070e000000, 0x000000070e000000, 0x000000070e100000|  0%| F|  |TS  0|AC  0|TAMS 0x000000070e000000, 0x000000070e000000|
| 225|0x000000070e100000, 0x000000070e100000, 0x000000070e200000|  0%| F|  |TS  0|AC  0|TAMS 0x000000070e100000, 0x000000070e100000|
| 226|0x000000070e200000, 0x000000070e200000, 0x000000070e300000|  0%| F|  |TS 55|AC  0|TAMS 0x000000070e200000, 0x000000070e200000|
| 227|0x000000070e300000, 0x000000070e3815b8, 0x000000070e400000| 50%| S|CS|TS 61|AC  0|TAMS 0x000000070e300000, 0x000000070e300000|
| 228|0x000000070e400000, 0x000000070e500000, 0x000000070e500000|100%| S|CS|TS 61|AC  0|TAMS 0x000000070e400000, 0x000000070e400000|
| 229|0x000000070e500000, 0x000000070e500000, 0x000000070e600000|  0%| F|  |TS 61|AC  0|TAMS 0x000000070e500000, 0x000000070e500000|
| 230|0x000000070e600000, 0x000000070e600000, 0x000000070e700000|  0%| F|  |TS 61|AC  0|TAMS 0x000000070e600000, 0x000000070e600000|
| 231|0x000000070e700000, 0x000000070e700000, 0x000000070e800000|  0%| F|  |TS 61|AC  0|TAMS 0x000000070e700000, 0x000000070e700000|
| 232|0x000000070e800000, 0x000000070e800000, 0x000000070e900000|  0%| F|  |TS 61|AC  0|TAMS 0x000000070e800000, 0x000000070e800000|
| 233|0x000000070e900000, 0x000000070e900000, 0x000000070ea00000|  0%| F|  |TS 61|AC  0|TAMS 0x000000070e900000, 0x000000070e900000|
| 234|0x000000070ea00000, 0x000000070ea00000, 0x000000070eb00000|  0%| F|  |TS 61|AC  0|TAMS 0x000000070ea00000, 0x000000070ea00000|
| 235|0x000000070eb00000, 0x000000070eb00000, 0x000000070ec00000|  0%| F|  |TS 61|AC  0|TAMS 0x000000070eb00000, 0x000000070eb00000|
| 236|0x000000070ec00000, 0x000000070ec00000, 0x000000070ed00000|  0%| F|  |TS 61|AC  0|TAMS 0x000000070ec00000, 0x000000070ec00000|
| 237|0x000000070ed00000, 0x000000070ed00000, 0x000000070ee00000|  0%| F|  |TS 61|AC  0|TAMS 0x000000070ed00000, 0x000000070ed00000|
| 238|0x000000070ee00000, 0x000000070ee00000, 0x000000070ef00000|  0%| F|  |TS 61|AC  0|TAMS 0x000000070ee00000, 0x000000070ee00000|
| 239|0x000000070ef00000, 0x000000070ef00000, 0x000000070f000000|  0%| F|  |TS 61|AC  0|TAMS 0x000000070ef00000, 0x000000070ef00000|
| 240|0x000000070f000000, 0x000000070f000000, 0x000000070f100000|  0%| F|  |TS 61|AC  0|TAMS 0x000000070f000000, 0x000000070f000000|
| 241|0x000000070f100000, 0x000000070f100000, 0x000000070f200000|  0%| F|  |TS 61|AC  0|TAMS 0x000000070f100000, 0x000000070f100000|
| 242|0x000000070f200000, 0x000000070f200000, 0x000000070f300000|  0%| F|  |TS 61|AC  0|TAMS 0x000000070f200000, 0x000000070f200000|
| 243|0x000000070f300000, 0x000000070f300000, 0x000000070f400000|  0%| F|  |TS 61|AC  0|TAMS 0x000000070f300000, 0x000000070f300000|
| 244|0x000000070f400000, 0x000000070f400000, 0x000000070f500000|  0%| F|  |TS 61|AC  0|TAMS 0x000000070f400000, 0x000000070f400000|
| 245|0x000000070f500000, 0x000000070f500000, 0x000000070f600000|  0%| F|  |TS 61|AC  0|TAMS 0x000000070f500000, 0x000000070f500000|
| 246|0x000000070f600000, 0x000000070f600000, 0x000000070f700000|  0%| F|  |TS 61|AC  0|TAMS 0x000000070f600000, 0x000000070f600000|
| 247|0x000000070f700000, 0x000000070f700000, 0x000000070f800000|  0%| F|  |TS 61|AC  0|TAMS 0x000000070f700000, 0x000000070f700000|
| 248|0x000000070f800000, 0x000000070f800000, 0x000000070f900000|  0%| F|  |TS 61|AC  0|TAMS 0x000000070f800000, 0x000000070f800000|
| 249|0x000000070f900000, 0x000000070f900000, 0x000000070fa00000|  0%| F|  |TS 61|AC  0|TAMS 0x000000070f900000, 0x000000070f900000|
| 250|0x000000070fa00000, 0x000000070fa00000, 0x000000070fb00000|  0%| F|  |TS 61|AC  0|TAMS 0x000000070fa00000, 0x000000070fa00000|
| 251|0x000000070fb00000, 0x000000070fb00000, 0x000000070fc00000|  0%| F|  |TS 61|AC  0|TAMS 0x000000070fb00000, 0x000000070fb00000|
| 252|0x000000070fc00000, 0x000000070fc00000, 0x000000070fd00000|  0%| F|  |TS 61|AC  0|TAMS 0x000000070fc00000, 0x000000070fc00000|
| 253|0x000000070fd00000, 0x000000070fd00000, 0x000000070fe00000|  0%| F|  |TS 61|AC  0|TAMS 0x000000070fd00000, 0x000000070fd00000|
| 254|0x000000070fe00000, 0x000000070fe00000, 0x000000070ff00000|  0%| F|  |TS 61|AC  0|TAMS 0x000000070fe00000, 0x000000070fe00000|
| 255|0x000000070ff00000, 0x000000070ff00000, 0x0000000710000000|  0%| F|  |TS 61|AC  0|TAMS 0x000000070ff00000, 0x000000070ff00000|
| 256|0x0000000710000000, 0x0000000710000000, 0x0000000710100000|  0%| F|  |TS 61|AC  0|TAMS 0x0000000710000000, 0x0000000710000000|
| 257|0x0000000710100000, 0x0000000710100000, 0x0000000710200000|  0%| F|  |TS 61|AC  0|TAMS 0x0000000710100000, 0x0000000710100000|
| 258|0x0000000710200000, 0x0000000710200000, 0x0000000710300000|  0%| F|  |TS 61|AC  0|TAMS 0x0000000710200000, 0x0000000710200000|
| 259|0x0000000710300000, 0x0000000710300000, 0x0000000710400000|  0%| F|  |TS 61|AC  0|TAMS 0x0000000710300000, 0x0000000710300000|
| 260|0x0000000710400000, 0x0000000710400000, 0x0000000710500000|  0%| F|  |TS 61|AC  0|TAMS 0x0000000710400000, 0x0000000710400000|
| 261|0x0000000710500000, 0x0000000710500000, 0x0000000710600000|  0%| F|  |TS 61|AC  0|TAMS 0x0000000710500000, 0x0000000710500000|
| 262|0x0000000710600000, 0x0000000710600000, 0x0000000710700000|  0%| F|  |TS 61|AC  0|TAMS 0x0000000710600000, 0x0000000710600000|
| 263|0x0000000710700000, 0x0000000710700000, 0x0000000710800000|  0%| F|  |TS 61|AC  0|TAMS 0x0000000710700000, 0x0000000710700000|
| 264|0x0000000710800000, 0x0000000710800000, 0x0000000710900000|  0%| F|  |TS 61|AC  0|TAMS 0x0000000710800000, 0x0000000710800000|
| 265|0x0000000710900000, 0x0000000710900000, 0x0000000710a00000|  0%| F|  |TS 61|AC  0|TAMS 0x0000000710900000, 0x0000000710900000|
| 266|0x0000000710a00000, 0x0000000710a00000, 0x0000000710b00000|  0%| F|  |TS 61|AC  0|TAMS 0x0000000710a00000, 0x0000000710a00000|
| 267|0x0000000710b00000, 0x0000000710b00000, 0x0000000710c00000|  0%| F|  |TS 61|AC  0|TAMS 0x0000000710b00000, 0x0000000710b00000|
| 268|0x0000000710c00000, 0x0000000710c00000, 0x0000000710d00000|  0%| F|  |TS 61|AC  0|TAMS 0x0000000710c00000, 0x0000000710c00000|
| 269|0x0000000710d00000, 0x0000000710d00000, 0x0000000710e00000|  0%| F|  |TS 61|AC  0|TAMS 0x0000000710d00000, 0x0000000710d00000|
| 270|0x0000000710e00000, 0x0000000710e00000, 0x0000000710f00000|  0%| F|  |TS 61|AC  0|TAMS 0x0000000710e00000, 0x0000000710e00000|
| 271|0x0000000710f00000, 0x0000000710f00000, 0x0000000711000000|  0%| F|  |TS 61|AC  0|TAMS 0x0000000710f00000, 0x0000000710f00000|
| 272|0x0000000711000000, 0x0000000711000000, 0x0000000711100000|  0%| F|  |TS 61|AC  0|TAMS 0x0000000711000000, 0x0000000711000000|
| 273|0x0000000711100000, 0x0000000711100000, 0x0000000711200000|  0%| F|  |TS 61|AC  0|TAMS 0x0000000711100000, 0x0000000711100000|
| 274|0x0000000711200000, 0x0000000711200000, 0x0000000711300000|  0%| F|  |TS 61|AC  0|TAMS 0x0000000711200000, 0x0000000711200000|
| 275|0x0000000711300000, 0x0000000711300000, 0x0000000711400000|  0%| F|  |TS 61|AC  0|TAMS 0x0000000711300000, 0x0000000711300000|
| 276|0x0000000711400000, 0x0000000711400000, 0x0000000711500000|  0%| F|  |TS 61|AC  0|TAMS 0x0000000711400000, 0x0000000711400000|
| 277|0x0000000711500000, 0x0000000711500000, 0x0000000711600000|  0%| F|  |TS 61|AC  0|TAMS 0x0000000711500000, 0x0000000711500000|
| 278|0x0000000711600000, 0x0000000711600000, 0x0000000711700000|  0%| F|  |TS 61|AC  0|TAMS 0x0000000711600000, 0x0000000711600000|
| 279|0x0000000711700000, 0x0000000711700000, 0x0000000711800000|  0%| F|  |TS 61|AC  0|TAMS 0x0000000711700000, 0x0000000711700000|
| 280|0x0000000711800000, 0x0000000711800000, 0x0000000711900000|  0%| F|  |TS 61|AC  0|TAMS 0x0000000711800000, 0x0000000711800000|
| 281|0x0000000711900000, 0x0000000711900000, 0x0000000711a00000|  0%| F|  |TS 61|AC  0|TAMS 0x0000000711900000, 0x0000000711900000|
| 282|0x0000000711a00000, 0x0000000711a2fb08, 0x0000000711b00000| 18%| E|  |TS 61|AC  0|TAMS 0x0000000711a00000, 0x0000000711a00000|
| 283|0x0000000711b00000, 0x0000000711c00000, 0x0000000711c00000|100%| E|CS|TS 61|AC  0|TAMS 0x0000000711b00000, 0x0000000711b00000|
| 284|0x0000000711c00000, 0x0000000711d00000, 0x0000000711d00000|100%| E|CS|TS 61|AC  0|TAMS 0x0000000711c00000, 0x0000000711c00000|
| 285|0x0000000711d00000, 0x0000000711e00000, 0x0000000711e00000|100%| E|CS|TS 61|AC  0|TAMS 0x0000000711d00000, 0x0000000711d00000|
| 286|0x0000000711e00000, 0x0000000711f00000, 0x0000000711f00000|100%| E|CS|TS 61|AC  0|TAMS 0x0000000711e00000, 0x0000000711e00000|
| 287|0x0000000711f00000, 0x0000000712000000, 0x0000000712000000|100%| E|CS|TS 61|AC  0|TAMS 0x0000000711f00000, 0x0000000711f00000|
| 288|0x0000000712000000, 0x0000000712100000, 0x0000000712100000|100%| E|CS|TS 61|AC  0|TAMS 0x0000000712000000, 0x0000000712000000|

Card table byte_map: [0x000001cacb2a0000,0x000001cacb8a0000] byte_map_base: 0x000001cac7aa0000

Marking Bits (Prev, Next): (CMBitMap*) 0x000001cacade16f8, (CMBitMap*) 0x000001cacade16c0
 Prev Bits: [0x000001cae6c10000, 0x000001cae9c10000)
 Next Bits: [0x000001cae3c10000, 0x000001cae6c10000)

Polling page: 0x000001cac2bd0000

CodeHeap 'non-profiled nmethods': size=120064Kb used=22238Kb max_used=22238Kb free=97825Kb
 bounds [0x000001cadc6d0000, 0x000001caddc90000, 0x000001cae3c10000]
CodeHeap 'profiled nmethods': size=120000Kb used=44766Kb max_used=44766Kb free=75233Kb
 bounds [0x000001cad51a0000, 0x000001cad7da0000, 0x000001cadc6d0000]
CodeHeap 'non-nmethods': size=5696Kb used=1842Kb max_used=1917Kb free=3853Kb
 bounds [0x000001cad4c10000, 0x000001cad4e80000, 0x000001cad51a0000]
 total_blobs=33155 nmethods=17740 adapters=1208
 compilation: enabled

Compilation events (10 events):
Event: 1587.714 Thread 0x000001cac75e1000 22894       3       sun.java2d.ScreenUpdateManager::dropScreenSurface (1 bytes)
Event: 1587.714 Thread 0x000001cac75e1000 nmethod 22894 0x000001cad6d03010 code [0x000001cad6d031c0, 0x000001cad6d03318]
Event: 1587.714 Thread 0x000001cac75e1000 22895       3       sun.java2d.windows.GDIWindowSurfaceData::invalidate (16 bytes)
Event: 1587.715 Thread 0x000001cac75e1000 nmethod 22895 0x000001cad7d99a10 code [0x000001cad7d99be0, 0x000001cad7d99fd0]
Event: 1587.715 Thread 0x000001cac75e1000 22897       3       sun.java2d.SurfaceData::invalidate (13 bytes)
Event: 1587.715 Thread 0x000001cac75e1000 nmethod 22897 0x000001cad7d9a110 code [0x000001cad7d9a2c0, 0x000001cad7d9a538]
Event: 1587.749 Thread 0x000001cac75e1000 22898       3       ui.views.c.s.a.i::bo (47 bytes)
Event: 1587.751 Thread 0x000001cac75e1000 nmethod 22898 0x000001cad7d9a610 code [0x000001cad7d9a9c0, 0x000001cad7d9caa0]
Event: 1587.751 Thread 0x000001cac75e1000 22899  s    3       java.util.Vector::remove (81 bytes)
Event: 1587.752 Thread 0x000001cac75e1000 nmethod 22899 0x000001cad7d9d290 code [0x000001cad7d9d480, 0x000001cad7d9dbe0]

GC Heap History (10 events):
Event: 1582.288 GC heap before
{Heap before GC invocations=234 (full 59):
 garbage-first heap   total 295936K, used 150707K [0x0000000700000000, 0x0000000700100908, 0x00000007c0000000)
  region size 1024K, 60 young (61440K), 2 survivors (2048K)
 Metaspace       used 86530K, capacity 93292K, committed 93488K, reserved 1130496K
  class space    used 11865K, capacity 13042K, committed 13104K, reserved 1048576K
}
Event: 1582.299 GC heap after
{Heap after GC invocations=235 (full 59):
 garbage-first heap   total 295936K, used 91709K [0x0000000700000000, 0x0000000700100908, 0x00000007c0000000)
  region size 1024K, 3 young (3072K), 3 survivors (3072K)
 Metaspace       used 86530K, capacity 93292K, committed 93488K, reserved 1130496K
  class space    used 11865K, capacity 13042K, committed 13104K, reserved 1048576K
}
Event: 1582.864 GC heap before
{Heap before GC invocations=235 (full 59):
 garbage-first heap   total 295936K, used 150077K [0x0000000700000000, 0x0000000700100908, 0x00000007c0000000)
  region size 1024K, 60 young (61440K), 3 survivors (3072K)
 Metaspace       used 86530K, capacity 93292K, committed 93488K, reserved 1130496K
  class space    used 11865K, capacity 13042K, committed 13104K, reserved 1048576K
}
Event: 1582.871 GC heap after
{Heap after GC invocations=236 (full 59):
 garbage-first heap   total 295936K, used 91251K [0x0000000700000000, 0x0000000700100908, 0x00000007c0000000)
  region size 1024K, 2 young (2048K), 2 survivors (2048K)
 Metaspace       used 86530K, capacity 93292K, committed 93488K, reserved 1130496K
  class space    used 11865K, capacity 13042K, committed 13104K, reserved 1048576K
}
Event: 1585.378 GC heap before
{Heap before GC invocations=236 (full 59):
 garbage-first heap   total 295936K, used 150643K [0x0000000700000000, 0x0000000700100908, 0x00000007c0000000)
  region size 1024K, 60 young (61440K), 2 survivors (2048K)
 Metaspace       used 86565K, capacity 93292K, committed 93488K, reserved 1130496K
  class space    used 11865K, capacity 13042K, committed 13104K, reserved 1048576K
}
Event: 1585.385 GC heap after
{Heap after GC invocations=237 (full 59):
 garbage-first heap   total 295936K, used 91343K [0x0000000700000000, 0x0000000700100908, 0x00000007c0000000)
  region size 1024K, 2 young (2048K), 2 survivors (2048K)
 Metaspace       used 86565K, capacity 93292K, committed 93488K, reserved 1130496K
  class space    used 11865K, capacity 13042K, committed 13104K, reserved 1048576K
}
Event: 1585.724 GC heap before
{Heap before GC invocations=237 (full 59):
 garbage-first heap   total 295936K, used 150735K [0x0000000700000000, 0x0000000700100908, 0x00000007c0000000)
  region size 1024K, 60 young (61440K), 2 survivors (2048K)
 Metaspace       used 86568K, capacity 93292K, committed 93488K, reserved 1130496K
  class space    used 11865K, capacity 13042K, committed 13104K, reserved 1048576K
}
Event: 1585.737 GC heap after
{Heap after GC invocations=238 (full 59):
 garbage-first heap   total 295936K, used 91341K [0x0000000700000000, 0x0000000700100908, 0x00000007c0000000)
  region size 1024K, 2 young (2048K), 2 survivors (2048K)
 Metaspace       used 86568K, capacity 93292K, committed 93488K, reserved 1130496K
  class space    used 11865K, capacity 13042K, committed 13104K, reserved 1048576K
}
Event: 1588.950 GC heap before
{Heap before GC invocations=238 (full 59):
 garbage-first heap   total 295936K, used 150733K [0x0000000700000000, 0x0000000700100908, 0x00000007c0000000)
  region size 1024K, 60 young (61440K), 2 survivors (2048K)
 Metaspace       used 86570K, capacity 93292K, committed 93488K, reserved 1130496K
  class space    used 11865K, capacity 13042K, committed 13104K, reserved 1048576K
}
Event: 1588.958 GC heap after
{Heap after GC invocations=239 (full 59):
 garbage-first heap   total 295936K, used 91318K [0x0000000700000000, 0x0000000700100908, 0x00000007c0000000)
  region size 1024K, 2 young (2048K), 2 survivors (2048K)
 Metaspace       used 86570K, capacity 93292K, committed 93488K, reserved 1130496K
  class space    used 11865K, capacity 13042K, committed 13104K, reserved 1048576K
}

Deoptimization events (10 events):
Event: 1496.423 Thread 0x000001caebe47800 Uncommon trap: reason=bimorphic_or_optimized_type_check action=maybe_recompile pc=0x000001caddb5d224 method=javax.swing.plaf.basic.BasicListUI.convertModelToRow(I)I @ 7 c2
Event: 1496.423 Thread 0x000001caebe47800 Uncommon trap: reason=bimorphic_or_optimized_type_check action=maybe_recompile pc=0x000001caddb5d224 method=javax.swing.plaf.basic.BasicListUI.convertModelToRow(I)I @ 7 c2
Event: 1496.570 Thread 0x000001caebe47800 Uncommon trap: reason=bimorphic_or_optimized_type_check action=maybe_recompile pc=0x000001caddaf9b8c method=javax.swing.DefaultListCellRenderer.getListCellRendererComponent(Ljavax/swing/JList;Ljava/lang/Object;IZZ)Ljava/awt/Component; @ 169 c2
Event: 1518.210 Thread 0x000001caebe47800 Uncommon trap: reason=unstable_if action=reinterpret pc=0x000001cadd362ec8 method=com.jidesoft.editor.highlight.DefaultHighlighter.paintLayeredHighlights(Ljava/awt/Graphics;IILjava/awt/Shape;Lcom/jidesoft/editor/CodeEditor;)V @ 107 c2
Event: 1518.215 Thread 0x000001caebe47800 Uncommon trap: reason=unstable_if action=reinterpret pc=0x000001cadd6c18c4 method=com.jidesoft.editor.highlight.DefaultHighlighter.paintLayeredHighlights(Ljava/awt/Graphics;IILjava/awt/Shape;Lcom/jidesoft/editor/CodeEditor;)V @ 107 c2
Event: 1518.342 Thread 0x000001caebe47800 Uncommon trap: reason=unstable_if action=reinterpret pc=0x000001cadd391d80 method=com.jidesoft.editor.highlight.DefaultHighlighter.paintLayeredHighlights(Ljava/awt/Graphics;IILjava/awt/Shape;Lcom/jidesoft/editor/CodeEditor;)V @ 107 c2
Event: 1538.506 Thread 0x000001caebe47800 Uncommon trap: reason=unstable_if action=reinterpret pc=0x000001cadd234064 method=javax.swing.text.GapContent.getPositionsInRange(Ljava/util/Vector;II)Ljava/util/Vector; @ 20 c2
Event: 1580.070 Thread 0x000001caebe47800 Uncommon trap: reason=bimorphic_or_optimized_type_check action=maybe_recompile pc=0x000001cadd9f281c method=javax.swing.JComponent._paintImmediately(IIII)V @ 218 c2
Event: 1581.375 Thread 0x000001caebe47800 Uncommon trap: reason=bimorphic_or_optimized_type_check action=maybe_recompile pc=0x000001cadd9f281c method=javax.swing.JComponent._paintImmediately(IIII)V @ 218 c2
Event: 1582.896 Thread 0x000001caebe47800 Uncommon trap: reason=bimorphic_or_optimized_type_check action=maybe_recompile pc=0x000001cadd9f281c method=javax.swing.JComponent._paintImmediately(IIII)V @ 218 c2

Classes redefined (0 events):
No events

Internal exceptions (10 events):
Event: 977.108 Thread 0x000001caebe47800 Exception <a 'de/concept/nlview/NlviewException'{0x000000070c2f64a8}> (0x000000070c2f64a8) thrown at [t:/workspace/hotspot/src/share/vm/prims/jni.cpp, line 604]
Event: 977.108 Thread 0x000001caebe47800 Exception <a 'de/concept/nlview/NlviewException'{0x000000070c2f9e50}> (0x000000070c2f9e50) thrown at [t:/workspace/hotspot/src/share/vm/prims/jni.cpp, line 604]
Event: 977.109 Thread 0x000001caebe47800 Exception <a 'de/concept/nlview/NlviewException'{0x000000070c2faa68}> (0x000000070c2faa68) thrown at [t:/workspace/hotspot/src/share/vm/prims/jni.cpp, line 604]
Event: 977.109 Thread 0x000001caebe47800 Exception <a 'de/concept/nlview/NlviewException'{0x000000070c2fb678}> (0x000000070c2fb678) thrown at [t:/workspace/hotspot/src/share/vm/prims/jni.cpp, line 604]
Event: 1471.010 Thread 0x000001ca8613e000 Exception <a 'java/lang/InterruptedException'{0x000000070f681d80}: sleep interrupted> (0x000000070f681d80) thrown at [t:/workspace/hotspot/src/share/vm/prims/jvm.cpp, line 3023]
Event: 1474.207 Thread 0x000001ca8613f000 Exception <a 'java/lang/InterruptedException'{0x0000000711ceaac0}: sleep interrupted> (0x0000000711ceaac0) thrown at [t:/workspace/hotspot/src/share/vm/prims/jvm.cpp, line 2984]
Event: 1494.173 Thread 0x000001ca8613c000 Exception <a 'ui/frmwork/CommandFailedException'{0x0000000711c9bf48}> (0x0000000711c9bf48) thrown at [t:/workspace/hotspot/src/share/vm/prims/jni.cpp, line 604]
Event: 1504.302 Thread 0x000001ca8613d800 Exception <a 'java/lang/InterruptedException'{0x000000071159f138}: sleep interrupted> (0x000000071159f138) thrown at [t:/workspace/hotspot/src/share/vm/prims/jvm.cpp, line 2984]
Event: 1556.256 Thread 0x000001ca8613e000 Exception <a 'java/lang/InterruptedException'{0x0000000711b82968}: sleep interrupted> (0x0000000711b82968) thrown at [t:/workspace/hotspot/src/share/vm/prims/jvm.cpp, line 2984]
Event: 1582.282 Thread 0x000001caf44fa000 Exception <a 'java/lang/InterruptedException'{0x000000070f200cb8}: sleep interrupted> (0x000000070f200cb8) thrown at [t:/workspace/hotspot/src/share/vm/prims/jvm.cpp, line 2984]

Events (10 events):
Event: 1587.282 Thread 0x000001caf44fa000 Thread exited: 0x000001caf44fa000
Event: 1587.684 Thread 0x000001caf44fa000 Thread added: 0x000001caf44fa000
Event: 1587.689 Executing VM operation: RevokeBias
Event: 1587.689 Executing VM operation: RevokeBias done
Event: 1587.691 Executing VM operation: RevokeBias
Event: 1587.691 Executing VM operation: RevokeBias done
Event: 1588.047 Thread 0x000001caf44fa800 Thread added: 0x000001caf44fa800
Event: 1588.050 Thread 0x000001caf44fa800 Thread exited: 0x000001caf44fa800
Event: 1588.950 Executing VM operation: G1IncCollectionPause
Event: 1588.958 Executing VM operation: G1IncCollectionPause done


Dynamic libraries:
0x00007ff799870000 - 0x00007ff7998a0000 	C:\Xilinx\Vivado\2018.3\bin\unwrapped\win64.o\vivado.exe
0x00007ffd60840000 - 0x00007ffd60a30000 	C:\WINDOWS\SYSTEM32\ntdll.dll
0x00007ffd5ead0000 - 0x00007ffd5eb82000 	C:\WINDOWS\System32\KERNEL32.DLL
0x00007ffd5d910000 - 0x00007ffd5dbb3000 	C:\WINDOWS\System32\KERNELBASE.dll
0x00007ffd5dfa0000 - 0x00007ffd5e09a000 	C:\WINDOWS\System32\ucrtbase.dll
0x00007ffd118f0000 - 0x00007ffd12784000 	C:\Xilinx\Vivado\2018.3\lib\win64.o\librdi_common.dll
0x00007ffd462c0000 - 0x00007ffd462d4000 	C:\Xilinx\Vivado\2018.3\lib\win64.o\libboost_signals.dll
0x00007ffd5f760000 - 0x00007ffd5f8f4000 	C:\WINDOWS\System32\USER32.dll
0x00007ffd5d8e0000 - 0x00007ffd5d901000 	C:\WINDOWS\System32\win32u.dll
0x00007ffd5fdc0000 - 0x00007ffd5fde6000 	C:\WINDOWS\System32\GDI32.dll
0x00007ffd40530000 - 0x00007ffd40544000 	C:\Xilinx\Vivado\2018.3\lib\win64.o\librdi_commonmain.dll
0x00007ffd5de00000 - 0x00007ffd5df94000 	C:\WINDOWS\System32\gdi32full.dll
0x00007ffd5dd60000 - 0x00007ffd5ddfe000 	C:\WINDOWS\System32\msvcp_win.dll
0x00007ffd32070000 - 0x00007ffd3210b000 	C:\WINDOWS\SYSTEM32\MSVCP140.dll
0x00007ffd5fa60000 - 0x00007ffd5fb03000 	C:\WINDOWS\System32\ADVAPI32.dll
0x00007ffd5f6c0000 - 0x00007ffd5f75e000 	C:\WINDOWS\System32\msvcrt.dll
0x00007ffd469a0000 - 0x00007ffd469b5000 	C:\WINDOWS\SYSTEM32\VCRUNTIME140.dll
0x00007ffd5ecb0000 - 0x00007ffd5ed47000 	C:\WINDOWS\System32\sechost.dll
0x00007ffd5eb90000 - 0x00007ffd5ecb0000 	C:\WINDOWS\System32\RPCRT4.dll
0x00007ffd60100000 - 0x00007ffd607e5000 	C:\WINDOWS\System32\SHELL32.dll
0x00007ffd5e820000 - 0x00007ffd5e86a000 	C:\WINDOWS\System32\cfgmgr32.dll
0x00007ffd5fd10000 - 0x00007ffd5fdb9000 	C:\WINDOWS\System32\shcore.dll
0x00007ffd1eb50000 - 0x00007ffd1eebe000 	C:\Xilinx\Vivado\2018.3\lib\win64.o\libCOIN-all.dll
0x00007ffd5f380000 - 0x00007ffd5f6b6000 	C:\WINDOWS\System32\combase.dll
0x00007ffd5e870000 - 0x00007ffd5e8f0000 	C:\WINDOWS\System32\bcryptPrimitives.dll
0x00007ffd5e0a0000 - 0x00007ffd5e81e000 	C:\WINDOWS\System32\windows.storage.dll
0x00007ffd5d7b0000 - 0x00007ffd5d7cf000 	C:\WINDOWS\System32\profapi.dll
0x00007ffd25cb0000 - 0x00007ffd25f65000 	C:\Xilinx\Vivado\2018.3\lib\win64.o\libXil_lmgr11.dll
0x00007ffd5d760000 - 0x00007ffd5d7aa000 	C:\WINDOWS\System32\powrprof.dll
0x00007ffd5ffb0000 - 0x00007ffd60080000 	C:\WINDOWS\System32\COMDLG32.dll
0x00007ffd5d710000 - 0x00007ffd5d720000 	C:\WINDOWS\System32\UMPDC.dll
0x00007ffd5ee20000 - 0x00007ffd5ee72000 	C:\WINDOWS\System32\SHLWAPI.dll
0x00007ffd5d740000 - 0x00007ffd5d751000 	C:\WINDOWS\System32\kernel.appcore.dll
0x00007ffd5dbf0000 - 0x00007ffd5dc07000 	C:\WINDOWS\System32\cryptsp.dll
0x00007ffd5ed50000 - 0x00007ffd5ee14000 	C:\WINDOWS\System32\OLEAUT32.dll
0x00007ffd5f900000 - 0x00007ffd5fa56000 	C:\WINDOWS\System32\ole32.dll
0x00007ffd5fc20000 - 0x00007ffd5fc8f000 	C:\WINDOWS\System32\WS2_32.dll
0x00007ffd37d40000 - 0x00007ffd37d54000 	C:\Xilinx\Vivado\2018.3\lib\win64.o\libboost_date_time.dll
0x00007ffd5d7d0000 - 0x00007ffd5d82c000 	C:\WINDOWS\System32\WINTRUST.dll
0x00007ffd5d720000 - 0x00007ffd5d732000 	C:\WINDOWS\System32\MSASN1.dll
0x00007ffd5dc10000 - 0x00007ffd5dd59000 	C:\WINDOWS\System32\CRYPT32.dll
0x00007ffd3dd40000 - 0x00007ffd3dd66000 	C:\Xilinx\Vivado\2018.3\lib\win64.o\libboost_filesystem.dll
0x00007ffd32350000 - 0x00007ffd323cf000 	C:\Xilinx\Vivado\2018.3\lib\win64.o\libboost_program_options.dll
0x00007ffd25f70000 - 0x00007ffd26084000 	C:\Xilinx\Vivado\2018.3\lib\win64.o\libboost_regex.dll
0x00007ffd4ce60000 - 0x00007ffd4ce6b000 	C:\Xilinx\Vivado\2018.3\lib\win64.o\libboost_system.dll
0x00007ffd36a20000 - 0x00007ffd36a41000 	C:\Xilinx\Vivado\2018.3\lib\win64.o\libboost_thread.dll
0x00007ffd4ccf0000 - 0x00007ffd4ccff000 	C:\Xilinx\Vivado\2018.3\lib\win64.o\libboost_xilinx.dll
0x00007ffd31f10000 - 0x00007ffd31f92000 	C:\Xilinx\Vivado\2018.3\lib\win64.o\libhdlpsolve.dll
0x00007ffd2dc60000 - 0x00007ffd2dd05000 	C:\Xilinx\Vivado\2018.3\lib\win64.o\libhdxml.dll
0x00007ffd184f0000 - 0x00007ffd18d3e600 	C:\Xilinx\Vivado\2018.3\lib\win64.o\libisl_iostreams.dll
0x00007ffd351b0000 - 0x00007ffd351de000 	C:\Xilinx\Vivado\2018.3\lib\win64.o\libisl_sysinfo.dll
0x00007ffd33170000 - 0x00007ffd331d5000 	C:\Xilinx\Vivado\2018.3\lib\win64.o\liblmx6.0.dll
0x00007ffd35520000 - 0x00007ffd3553a000 	C:\Xilinx\Vivado\2018.3\lib\win64.o\pthreadVC2.dll
0x00007ffd298f0000 - 0x00007ffd29a11000 	C:\Xilinx\Vivado\2018.3\lib\win64.o\librdi_commonxillic.dll
0x00007ffd34fe0000 - 0x00007ffd34ffc000 	C:\Xilinx\Vivado\2018.3\lib\win64.o\librdiconfig.dll
0x00007ffd34fb0000 - 0x00007ffd34fd1000 	C:\Xilinx\Vivado\2018.3\lib\win64.o\librdizlib.dll
0x00000000567a0000 - 0x00000000568cb000 	C:\Xilinx\Vivado\2018.3\lib\win64.o\tcl85t.dll
0x0000000012000000 - 0x0000000012272000 	C:\Xilinx\Vivado\2018.3\lib\win64.o\xerces-c_3_1.dll
0x00007ffd4ea80000 - 0x00007ffd4ea8a000 	C:\Xilinx\Vivado\2018.3\lib\win64.o\librdi_commonversion.dll
0x00007ffd49f20000 - 0x00007ffd49f37000 	C:\WINDOWS\SYSTEM32\NETAPI32.dll
0x00007ffd493f0000 - 0x00007ffd498c6000 	C:\WINDOWS\SYSTEM32\WININET.dll
0x00007ffd51d40000 - 0x00007ffd51e30000 	C:\WINDOWS\SYSTEM32\WINHTTP.dll
0x00007ffd4f0d0000 - 0x00007ffd4f2a6000 	C:\WINDOWS\SYSTEM32\urlmon.dll
0x00007ffd30a90000 - 0x00007ffd30b39000 	C:\WINDOWS\WinSxS\amd64_microsoft.windows.common-controls_6595b64144ccf1df_5.82.18362.476_none_2a2a02a24667b734\COMCTL32.dll
0x00007ffd4b8f0000 - 0x00007ffd4b8f9000 	C:\WINDOWS\SYSTEM32\WSOCK32.dll
0x00007ffd10a50000 - 0x00007ffd118e1000 	C:\Xilinx\Vivado\2018.3\lib\win64.o\gurobi65.dll
0x00007ffd53650000 - 0x00007ffd5366c000 	C:\WINDOWS\SYSTEM32\dhcpcsvc.DLL
0x00007ffd607f0000 - 0x00007ffd607f8000 	C:\WINDOWS\System32\NSI.dll
0x00007ffd34a50000 - 0x00007ffd34a77000 	C:\WINDOWS\SYSTEM32\VCOMP140.DLL
0x00007ffd4ae60000 - 0x00007ffd4ae6d000 	C:\Xilinx\Vivado\2018.3\lib\win64.o\libboost_chrono.dll
0x00007ffd33fe0000 - 0x00007ffd33ffb000 	C:\Xilinx\Vivado\2018.3\lib\win64.o\libboost_iostreams.dll
0x00007ffd345d0000 - 0x00007ffd345f5000 	C:\Xilinx\Vivado\2018.3\lib\win64.o\libisl_iosutils.dll
0x00007ffd4f540000 - 0x00007ffd4f7e6000 	C:\WINDOWS\SYSTEM32\iertutil.dll
0x00007ffd5cda0000 - 0x00007ffd5cdac000 	C:\WINDOWS\SYSTEM32\NETUTILS.DLL
0x00007ffd5d150000 - 0x00007ffd5d15c000 	C:\WINDOWS\SYSTEM32\CRYPTBASE.DLL
0x00007ffd5e8f0000 - 0x00007ffd5e91e000 	C:\WINDOWS\System32\IMM32.DLL
0x00007ffd1e650000 - 0x00007ffd1eb45000 	C:\Xilinx\Vivado\2018.3\lib\win64.o\librdi_commontasks.dll
0x00000000554c0000 - 0x0000000055ee5000 	C:\Xilinx\Vivado\2018.3\tps\win64\jre9.0.4\bin\server\jvm.dll
0x00007ffd5fdf0000 - 0x00007ffd5fdf8000 	C:\WINDOWS\System32\PSAPI.DLL
0x00007ffd25470000 - 0x00007ffd256ef000 	C:\Xilinx\Vivado\2018.3\lib\win64.o\librdi_sio.dll
0x00007ffd53410000 - 0x00007ffd5341a000 	C:\WINDOWS\SYSTEM32\VERSION.dll
0x00007ffd5b850000 - 0x00007ffd5b874000 	C:\WINDOWS\SYSTEM32\WINMM.dll
0x00007ffd5cc90000 - 0x00007ffd5ccca000 	C:\WINDOWS\SYSTEM32\IPHLPAPI.DLL
0x00007ffd5b820000 - 0x00007ffd5b84d000 	C:\WINDOWS\SYSTEM32\WINMMBASE.dll
0x00007ffd5cf80000 - 0x00007ffd5cfe7000 	C:\WINDOWS\SYSTEM32\MSWSOCK.DLL
0x00007ffd23520000 - 0x00007ffd2360f000 	C:\Xilinx\Vivado\2018.3\tps\win64\jre9.0.4\bin\MSVCR120.dll
0x00007ffd0e680000 - 0x00007ffd10a42000 	C:\Xilinx\Vivado\2018.3\lib\win64.o\librdi_tcltasks.dll
0x00007ffd17540000 - 0x00007ffd1791c000 	C:\Xilinx\Vivado\2018.3\lib\win64.o\librdi_bitstream.dll
0x00007ffd18370000 - 0x00007ffd184ee000 	C:\Xilinx\Vivado\2018.3\lib\win64.o\librdi_board.dll
0x00007ffd317f0000 - 0x00007ffd3185a000 	C:\Xilinx\Vivado\2018.3\lib\win64.o\librdi_boarddep.dll
0x00007ffd29810000 - 0x00007ffd298ec000 	C:\Xilinx\Vivado\2018.3\lib\win64.o\librdi_chipscope.dll
0x00007ffd204b0000 - 0x00007ffd20669000 	C:\Xilinx\Vivado\2018.3\lib\win64.o\librdi_chipscopeimpl.dll
0x00007ffd0af50000 - 0x00007ffd0c855000 	C:\Xilinx\Vivado\2018.3\lib\win64.o\librdi_constraints.dll
0x00007ffd22fa0000 - 0x00007ffd230e8000 	C:\Xilinx\Vivado\2018.3\lib\win64.o\librdi_containers.dll
0x00007ffd0c860000 - 0x00007ffd0e67f000 	C:\Xilinx\Vivado\2018.3\lib\win64.o\librdi_coregen.dll
0x00007ffd16e60000 - 0x00007ffd1753a000 	C:\Xilinx\Vivado\2018.3\lib\win64.o\librdi_coregenipxact.dll
0x00007ffd07150000 - 0x00007ffd0af4b000 	C:\Xilinx\Vivado\2018.3\lib\win64.o\librdi_designutils.dll
0x00007ffcf5150000 - 0x00007ffd05ea2000 	C:\Xilinx\Vivado\2018.3\lib\win64.o\librdi_device.dll
0x00007ffd16970000 - 0x00007ffd16c8b000 	C:\Xilinx\Vivado\2018.3\lib\win64.o\librdi_dlyest.dll
0x00007ffd16410000 - 0x00007ffd16970000 	C:\Xilinx\Vivado\2018.3\lib\win64.o\librdi_drc.dll
0x00007ffd2d9b0000 - 0x00007ffd2da72000 	C:\Xilinx\Vivado\2018.3\lib\win64.o\librdi_dsp.dll
0x00007ffd06b10000 - 0x00007ffd0714f000 	C:\Xilinx\Vivado\2018.3\lib\win64.o\librdi_filemgmt.dll
0x00007ffd33330000 - 0x00007ffd3338d000 	C:\Xilinx\Vivado\2018.3\lib\win64.o\librdi_hdf.dll
0x00007ffd16130000 - 0x00007ffd1640a000 	C:\Xilinx\Vivado\2018.3\lib\win64.o\librdi_guitools.dll
0x00007ffcf3db0000 - 0x00007ffcf5141000 	C:\Xilinx\Vivado\2018.3\lib\win64.o\librdi_implflow.dll
0x00007ffd064f0000 - 0x00007ffd06b05000 	C:\Xilinx\Vivado\2018.3\lib\win64.o\librdi_memdata.dll
0x00007ffcf0400000 - 0x00007ffcf3dac000 	C:\Xilinx\Vivado\2018.3\lib\win64.o\librdi_mig.dll
0x00007ffd05eb0000 - 0x00007ffd064eb000 	C:\Xilinx\Vivado\2018.3\lib\win64.o\librdi_netlist.dll
0x00007ffcea4d0000 - 0x00007ffcec9e4000 	C:\Xilinx\Vivado\2018.3\lib\win64.o\librdi_place.dll
0x00007ffcf00f0000 - 0x00007ffcf03f7000 	C:\Xilinx\Vivado\2018.3\lib\win64.o\librdi_platform.dll
0x00007ffcef9f0000 - 0x00007ffcf00e5000 	C:\Xilinx\Vivado\2018.3\lib\win64.o\librdi_power.dll
0x00007ffd30e20000 - 0x00007ffd30e91000 	C:\Xilinx\Vivado\2018.3\lib\win64.o\librdi_memoryarray.dll
0x00007ffcef490000 - 0x00007ffcef9e6000 	C:\Xilinx\Vivado\2018.3\lib\win64.o\librdi_project.dll
0x00007ffceed90000 - 0x00007ffcef483000 	C:\Xilinx\Vivado\2018.3\lib\win64.o\librdi_psta.dll
0x00007ffcee6b0000 - 0x00007ffceed89000 	C:\Xilinx\Vivado\2018.3\lib\win64.o\librdi_rsb.dll
0x00007ffcee2d0000 - 0x00007ffcee6a7000 	C:\Xilinx\Vivado\2018.3\lib\win64.o\librdi_runs.dll
0x00007ffd28920000 - 0x00007ffd289f8000 	C:\Xilinx\Vivado\2018.3\lib\win64.o\librdi_runsbase.dll
0x00007ffd15f00000 - 0x00007ffd16128000 	C:\Xilinx\Vivado\2018.3\lib\win64.o\librdi_simdata.dll
0x00007ffced540000 - 0x00007ffcee2cd000 	C:\Xilinx\Vivado\2018.3\lib\win64.o\librdi_timing.dll
0x00007ffd224c0000 - 0x00007ffd22614000 	C:\Xilinx\Vivado\2018.3\lib\win64.o\librdi_advchipscopeimpl.dll
0x00007ffd32ff0000 - 0x00007ffd33040000 	C:\Xilinx\Vivado\2018.3\lib\win64.o\librdi_pfi.dll
0x00007ffd31e60000 - 0x00007ffd31eac000 	C:\Xilinx\Vivado\2018.3\lib\win64.o\libboost_serialization.dll
0x00007ffd25790000 - 0x00007ffd25848000 	C:\Xilinx\Vivado\2018.3\lib\win64.o\librdi_hip_devdesign.dll
0x00007ffd25170000 - 0x00007ffd2521b000 	C:\Xilinx\Vivado\2018.3\lib\win64.o\librdi_ipconfig_readwrite.dll
0x00007ffd32220000 - 0x00007ffd32258000 	C:\Xilinx\Vivado\2018.3\lib\win64.o\librdi_noc_frameworks.dll
0x00007ffcec9f0000 - 0x00007ffced537000 	C:\Xilinx\Vivado\2018.3\lib\win64.o\libverific.dll
0x00007ffce95d0000 - 0x00007ffce9985000 	C:\Xilinx\Vivado\2018.3\lib\win64.o\librdi_hip_config.dll
0x00007ffce9990000 - 0x00007ffce9ede000 	C:\Xilinx\Vivado\2018.3\lib\win64.o\librdi_xdm.dll

VM Arguments:
jvm_args: -Dsun.java2d.pmoffscreen=false -Dsun.java2d.xrender=false -Dsun.java2d.d3d=false -Dsun.awt.nopixfmt=true -Dsun.java2d.dpiaware=true -Dsun.java2d.uiScale.enabled=false -Xverify:none -Dswing.aatext=true -XX:-UsePerfData -Djdk.map.althashing.threshold=512 -XX:StringTableSize=4072 --add-opens=java.base/java.nio=ALL-UNNAMED --add-opens=java.desktop/sun.swing=ALL-UNNAMED --add-opens=java.desktop/javax.swing=ALL-UNNAMED --add-opens=java.desktop/javax.swing.tree=ALL-UNNAMED --add-opens=java.desktop/javax.swing.plaf.basic=ALL-UNNAMED --add-opens=java.desktop/javax.swing.plaf.synth=ALL-UNNAMED --add-opens=java.desktop/com.sun.awt=ALL-UNNAMED -XX:NewSize=60m -XX:MaxNewSize=60m -Xms128m -Xmx3072m -Xss5m 
java_command: <unknown>
java_class_path (initial): C:/Xilinx/Vivado/2018.3\lib\classes\alloy.jar;C:/Xilinx/Vivado/2018.3\lib\classes\autopilot.scelaborator.jar;C:/Xilinx/Vivado/2018.3\lib\classes\autopilot.sourceprocessor.jar;C:/Xilinx/Vivado/2018.3\lib\classes\autopilot.tbprocessor.jar;C:/Xilinx/Vivado/2018.3\lib\classes\batik-anim.jar;C:/Xilinx/Vivado/2018.3\lib\classes\batik-awt-util.jar;C:/Xilinx/Vivado/2018.3\lib\classes\batik-bridge.jar;C:/Xilinx/Vivado/2018.3\lib\classes\batik-codec.jar;C:/Xilinx/Vivado/2018.3\lib\classes\batik-css.jar;C:/Xilinx/Vivado/2018.3\lib\classes\batik-dom.jar;C:/Xilinx/Vivado/2018.3\lib\classes\batik-ext.jar;C:/Xilinx/Vivado/2018.3\lib\classes\batik-gui-util.jar;C:/Xilinx/Vivado/2018.3\lib\classes\batik-gvt.jar;C:/Xilinx/Vivado/2018.3\lib\classes\batik-parser.jar;C:/Xilinx/Vivado/2018.3\lib\classes\batik-script.jar;C:/Xilinx/Vivado/2018.3\lib\classes\batik-svg-dom.jar;C:/Xilinx/Vivado/2018.3\lib\classes\batik-swing.jar;C:/Xilinx/Vivado/2018.3\lib\classes\batik-transcoder.jar;C:/Xilinx/Vivado/2018.3\lib\classes\batik-util.jar;C:/Xilinx/Vivado/2018.3\lib\classes\batik-xml.jar;C:/Xilinx/Vivado/2018.3\lib\classes\com.ibm.icu_4.4.2.v20110208.jar;C:/Xilinx/Vivado/2018.3\lib\classes\commons-collections4-4.1.jar;C:/Xilinx/Vivado/2018.3\lib\classes\commons-math-2.2.jar;C:/Xilinx/Vivado/2018.3\lib\classes\dom4j-1.6.1.jar;C:/Xilinx/Vivado/2018.3\lib\classes\guava-18.0.jar;C:/Xilinx/Vivado/2018.3\lib\classes\help.jar;C:/Xilinx/Vivado/2018.3\lib\classes\hsqldb.jar;C:/Xilinx/Vivado/2018.3\lib\classes\jargs.jar;C:/Xilinx/Vivado/2018.3\lib\classes\jaxb-api-2.3.0.jar;C:/Xilinx/Vivado/2018.3\lib\classes\jh.jar;C:/Xilinx/Vivado/2018.3\lib\classes\jide-action.jar;C:/Xilinx/Vivado/2018.3\lib\classes\jide-charts.jar;C:/Xilinx/Vivado/2018.3\lib\classes\jide-common.jar;C:/Xilinx/Vivado/2018.3\lib\classes\jide-components.jar;C:/Xilinx/Vivado/2018.3\lib\classes\jide-dashboard.jar;C:/Xilinx/Vivado/2018.3\lib\classes\jide-data.jar;C:/Xilinx/Vivado/2018.3\lib\classes\jide-dialogs.jar
Launcher Type: generic

Logging:
Log output configuration:
#0: stdout all=warning uptime,level,tags
#1: stderr all=off uptime,level,tags

Environment Variables:
PATH=C:/Xilinx/Vivado/2018.3/bin;C:/Xilinx/Vivado/2018.3/lib/win64.o;C:/Xilinx/Vivado/2018.3/tps/win64/jre9.0.4/bin/server;C:/Xilinx/Vivado/2018.3/tps/win64/jre9.0.4/bin;C:/Xilinx/SDK/2018.3/bin;C:/Xilinx/Vivado/2018.3/ids_lite/ISE/bin/nt64;C:/Xilinx/Vivado/2018.3/ids_lite/ISE/lib/nt64;C:\Python27;C:\WINDOWS\system32;C:\WINDOWS;C:\WINDOWS\System32\Wbem;C:\WINDOWS\System32\WindowsPowerShell\v1.0\;C:\WINDOWS\System32\OpenSSH\;C:\Program Files\Git\cmd;C:\Users\a\AppData\Local\Microsoft\WindowsApps;C:\Users\a\AppData\Local\atom\bin;C:\Users\a\AppData\Local\Programs\Microsoft VS Code\bin;C:\Python27\Scripts;;C:/Xilinx/Vivado/2018.3\tps\mingw\6.2.0\win64.o\nt\bin;C:/Xilinx/Vivado/2018.3\tps\mingw\6.2.0\win64.o\nt\libexec\gcc\x86_64-w64-mingw32\6.2.0
USERNAME=a
OS=Windows_NT
PROCESSOR_IDENTIFIER=Intel64 Family 6 Model 69 Stepping 1, GenuineIntel



---------------  S Y S T E M  ---------------

OS: Windows 10 , 64 bit Build 18362 (10.0.18362.329)

CPU:total 4 (initial active 4) (2 cores per cpu, 2 threads per core) family 6 model 69 stepping 1, cmov, cx8, fxsr, mmx, sse, sse2, sse3, ssse3, sse4.1, sse4.2, popcnt, avx, avx2, clmul, erms, lzcnt, ht, tsc, tscinvbit, bmi1, bmi2, fma

Memory: 4k page, physical 4108288k(751420k free), swap 8669796k(2760596k free)

vm_info: Java HotSpot(TM) 64-Bit Server VM (9.0.4+11) for windows-amd64 JRE (9.0.4+11), built on Dec 20 2017 02:18:54 by "mach5one" with MS VC++ 12.0 (VS2013)

END.
