Vivado Simulator 2018.3
Time resolution is 1 ps
 Block Memory Generator module loading initial data...
 Block Memory Generator data initialization complete.
Block Memory Generator module testbench.dut.imem.inst.native_mem_mapped_module.blk_mem_gen_v8_4_2_inst is using a behavioral model for simulation which will not precisely model memory collision behavior.
 Block Memory Generator module loading initial data...
 Block Memory Generator data initialization complete.
Block Memory Generator module testbench.dut.dmem.inst.native_mem_mapped_module.blk_mem_gen_v8_4_2_inst is using a behavioral model for simulation which will not precisely model memory collision behavior.
[ALU] op =  0
[ALU] op =  0
[CMP] Unknown aluop   124
[ALU] op =  0
[ALU] op =  0
[ALU] Hit SLL
[CMP] Unknown aluop    90
[ALU] Hit ORI
[CMP] Unknown aluop   124
[ALU] Hit SLL
[CMP] Unknown aluop    90
[ALU] Hit ORI
[ALU] op = 81
[ALU] op = 81
[ALU] op = 81
[CMP] Unknown aluop    90
[CMP] Unknown aluop    90
[ALU] Hit ORI
[CMP] Unknown aluop    90
[CMP] Unknown aluop    90
[ALU] op = 75
[CMP] Unknown aluop    26
[CMP] Unknown aluop    26
[ALU] op = 26
[CMP] Unknown aluop    90
[CMP] Unknown aluop    90
[CMP] Unknown aluop    90
[ALU] Hit ORI
[ALU] op = 81
[ALU] op = 81
[ALU] op = 81
[CMP] Unknown aluop    37
[ALU] Hit OR
[CMP] Unknown aluop    90
[CMP] Unknown aluop    90
[ALU] Hit ORI
[ALU] op =  0
[ALU] op =  0
[ALU] op =  0
[ALU] op = 65
[ALU] op = 65
[ALU] op = 65
[CMP] Unknown aluop    90
[CMP] Unknown aluop    90
[ALU] op = 65
[CMP] Unknown aluop    90
[ALU] Hit ORI
[CMP] Unknown aluop    90
[ALU] op =  0
[ALU] op =  0
[ALU] op =  0
[ALU] op = 84
[ALU] op = 84
[CMP] Unknown aluop    90
[ALU] op = 84
[CMP] Unknown aluop    90
[CMP] Unknown aluop    90
[ALU] Hit ORI
[ALU] op = 75
[CMP] Unknown aluop    37
[ALU] Hit OR
[CMP] Unknown aluop    90
[CMP] Unknown aluop    90
[ALU] Hit ORI
[CMP] Unknown aluop    90
[CMP] Unknown aluop    90
[CMP] Unknown aluop    90
[ALU] op = 64
[ALU] op = 64
[CMP] Unknown aluop    90
[CMP] Unknown aluop    90
[ALU] op = 64
[ALU] Hit ORI
[CMP] Unknown aluop    90
[CMP] Unknown aluop    90
[ALU] op =  0
[ALU] op =  0
[ALU] op =  0
[ALU] op = 83
[ALU] op = 83
[CMP] Unknown aluop    90
[ALU] op = 83
[CMP] Unknown aluop    90
[CMP] Unknown aluop    90
[ALU] Hit ORI
[CMP] Unknown aluop    90
[ALU] op = 74
[CMP] Unknown aluop    37
[ALU] Hit OR
[CMP] Unknown aluop    90
[CMP] Unknown aluop    90
[ALU] Hit ORI
[CMP] Unknown aluop   124
[ALU] Hit SLL
[CMP] Unknown aluop    79
[ALU] op = 79
[ALU] op = 79
[CMP] Unknown aluop   124
[ALU] Hit SLL
[CMP] Unknown aluop    79
[ALU] op = 79
[ALU] op = 79
[CMP] Unknown aluop   124
[ALU] Hit SLL
[CMP] Unknown aluop    79
[ALU] op = 79
[ALU] op = 79
[CMP] Unknown aluop   124
[ALU] Hit SLL
[CMP] Unknown aluop    79
[ALU] op = 79
[ALU] op = 79
[CMP] Unknown aluop   124
[ALU] Hit SLL
[CMP] Unknown aluop    79
[ALU] op = 79
[ALU] op = 79
[CMP] Unknown aluop   124
[ALU] Hit SLL
[CMP] Unknown aluop    79
[ALU] op = 79
[ALU] op = 79
[CMP] Unknown aluop   124
[ALU] Hit SLL
[CMP] Unknown aluop    79
[ALU] op = 79
[ALU] op = 79
[CMP] Unknown aluop   124
[ALU] Hit SLL
[CMP] Unknown aluop    79
[ALU] op = 79
[ALU] op = 79
[CMP] Unknown aluop   124
[ALU] Hit SLL
[CMP] Unknown aluop    79
[ALU] op = 79
[ALU] op = 79
[CMP] Unknown aluop   124
[ALU] Hit SLL
[CMP] Unknown aluop    79
[ALU] op = 79
[ALU] op = 79
[CMP] Unknown aluop   124
[ALU] Hit SLL
[CMP] Unknown aluop    79
[ALU] op = 79
[ALU] op = 79
[CMP] Unknown aluop   124
[ALU] Hit SLL
[CMP] Unknown aluop    79
[ALU] op = 79
[ALU] op = 79
[CMP] Unknown aluop   124
[ALU] Hit SLL
[CMP] Unknown aluop    79
[ALU] op = 79
[ALU] op = 79
[CMP] Unknown aluop   124
[ALU] Hit SLL
[CMP] Unknown aluop    79
[ALU] op = 79
[ALU] op = 79
[CMP] Unknown aluop   124
[ALU] Hit SLL
[CMP] Unknown aluop    79
[ALU] op = 79
[ALU] op = 79
[CMP] Unknown aluop   124
[ALU] Hit SLL
[CMP] Unknown aluop    79
[ALU] op = 79
[ALU] op = 79
[CMP] Unknown aluop   124
[ALU] Hit SLL
[CMP] Unknown aluop    79
[ALU] op = 79
[ALU] op = 79
[CMP] Unknown aluop   124
[ALU] Hit SLL
[CMP] Unknown aluop    79
[ALU] op = 79
[ALU] op = 79
[CMP] Unknown aluop   124
[ALU] Hit SLL
[CMP] Unknown aluop    79
[ALU] op = 79
[ALU] op = 79
[CMP] Unknown aluop   124
[ALU] Hit SLL
[CMP] Unknown aluop    79
[ALU] op = 79
[ALU] op = 79
[CMP] Unknown aluop   124
[ALU] Hit SLL
[CMP] Unknown aluop    79
[ALU] op = 79
[ALU] op = 79
[CMP] Unknown aluop   124
[ALU] Hit SLL
[CMP] Unknown aluop    79
[ALU] op = 79
[ALU] op = 79
[CMP] Unknown aluop   124
[ALU] Hit SLL
[CMP] Unknown aluop    79
[ALU] op = 79
[ALU] op = 79
[CMP] Unknown aluop   124
[ALU] Hit SLL
[CMP] Unknown aluop    79
[ALU] op = 79
[ALU] op = 79
[CMP] Unknown aluop   124
[ALU] Hit SLL
[CMP] Unknown aluop    79
[ALU] op = 79
[ALU] op = 79
[CMP] Unknown aluop   124
[ALU] Hit SLL
[CMP] Unknown aluop    79
[ALU] op = 79
[ALU] op = 79
[CMP] Unknown aluop   124
[ALU] Hit SLL
[CMP] Unknown aluop    79
[ALU] op = 79
[ALU] op = 79
[CMP] Unknown aluop   124
[ALU] Hit SLL
[CMP] Unknown aluop    79
[ALU] op = 79
[ALU] op = 79
[CMP] Unknown aluop   124
[ALU] Hit SLL
[CMP] Unknown aluop    79
[ALU] op = 79
[ALU] op = 79
[CMP] Unknown aluop   124
[ALU] Hit SLL
[CMP] Unknown aluop    79
[ALU] op = 79
[ALU] op = 79
[CMP] Unknown aluop   124
[ALU] Hit SLL
[CMP] Unknown aluop    79
[ALU] op = 79
[ALU] op = 79
[CMP] Unknown aluop   124
[ALU] Hit SLL
[CMP] Unknown aluop    79
[ALU] op = 79
[ALU] op = 79
[CMP] Unknown aluop   124
[ALU] Hit SLL
[CMP] Unknown aluop    79
[ALU] op = 79
[ALU] op = 79
[CMP] Unknown aluop   124
[ALU] Hit SLL
[CMP] Unknown aluop    79
[ALU] op = 79
[ALU] op = 79
[CMP] Unknown aluop   124
[ALU] Hit SLL
[CMP] Unknown aluop    79
[ALU] op = 79
[ALU] op = 79
[CMP] Unknown aluop   124
[ALU] Hit SLL
[CMP] Unknown aluop    79
[ALU] op = 79
[ALU] op = 79
[CMP] Unknown aluop   124
[ALU] Hit SLL
[CMP] Unknown aluop    79
[ALU] op = 79
[ALU] op = 79
[CMP] Unknown aluop   124
[ALU] Hit SLL
[CMP] Unknown aluop    79
[ALU] op = 79
[ALU] op = 79
[CMP] Unknown aluop   124
[ALU] Hit SLL
[CMP] Unknown aluop    79
[ALU] op = 79
[ALU] op = 79
[CMP] Unknown aluop   124
[ALU] Hit SLL
[CMP] Unknown aluop    79
[ALU] op = 79
[ALU] op = 79
[CMP] Unknown aluop   124
[ALU] Hit SLL
[CMP] Unknown aluop    79
[ALU] op = 79
[ALU] op = 79
[CMP] Unknown aluop   124
[ALU] Hit SLL
[CMP] Unknown aluop    79
[ALU] op = 79
[ALU] op = 79
[CMP] Unknown aluop   124
[ALU] Hit SLL
[CMP] Unknown aluop    79
[ALU] op = 79
[ALU] op = 79
[CMP] Unknown aluop   124
[ALU] Hit SLL
[CMP] Unknown aluop    79
[ALU] op = 79
[ALU] op = 79
[CMP] Unknown aluop   124
[ALU] Hit SLL
[CMP] Unknown aluop    79
[ALU] op = 79
[ALU] op = 79
[CMP] Unknown aluop   124
[ALU] Hit SLL
[CMP] Unknown aluop    79
[ALU] op = 79
[ALU] op = 79
[CMP] Unknown aluop   124
[ALU] Hit SLL
[CMP] Unknown aluop    79
[ALU] op = 79
[ALU] op = 79
[CMP] Unknown aluop   124
[ALU] Hit SLL
[CMP] Unknown aluop    79
[ALU] op = 79
[ALU] op = 79
[CMP] Unknown aluop   124
[ALU] Hit SLL
[CMP] Unknown aluop    79
[ALU] op = 79
[ALU] op = 79
[CMP] Unknown aluop   124
[ALU] Hit SLL
[CMP] Unknown aluop    79
[ALU] op = 79
[ALU] op = 79
[CMP] Unknown aluop   124
[ALU] Hit SLL
[CMP] Unknown aluop    79
[ALU] op = 79
[ALU] op = 79
[CMP] Unknown aluop   124
[ALU] Hit SLL
[CMP] Unknown aluop    79
[ALU] op = 79
[ALU] op = 79
[CMP] Unknown aluop   124
[ALU] Hit SLL
[CMP] Unknown aluop    79
[ALU] op = 79
[ALU] op = 79
[CMP] Unknown aluop   124
[ALU] Hit SLL
[CMP] Unknown aluop    79
[ALU] op = 79
[ALU] op = 79
[CMP] Unknown aluop   124
[ALU] Hit SLL
[CMP] Unknown aluop    79
[ALU] op = 79
[ALU] op = 79
[CMP] Unknown aluop   124
[ALU] Hit SLL
[CMP] Unknown aluop    79
[ALU] op = 79
[ALU] op = 79
[CMP] Unknown aluop   124
[ALU] Hit SLL
[CMP] Unknown aluop    79
[ALU] op = 79
[ALU] op = 79
[CMP] Unknown aluop   124
[ALU] Hit SLL
[CMP] Unknown aluop    79
[ALU] op = 79
[ALU] op = 79
[CMP] Unknown aluop   124
[ALU] Hit SLL
[CMP] Unknown aluop    79
[ALU] op = 79
[ALU] op = 79
[CMP] Unknown aluop   124
[ALU] Hit SLL
[CMP] Unknown aluop    79
[ALU] op = 79
[ALU] op = 79
[CMP] Unknown aluop   124
[ALU] Hit SLL
[CMP] Unknown aluop    79
[ALU] op = 79
[ALU] op = 79
[CMP] Unknown aluop   124
[ALU] Hit SLL
[CMP] Unknown aluop    79
[ALU] op = 79
[ALU] op = 79
[CMP] Unknown aluop   124
[ALU] Hit SLL
[CMP] Unknown aluop    79
[ALU] op = 79
[ALU] op = 79
[CMP] Unknown aluop   124
[ALU] Hit SLL
[CMP] Unknown aluop    79
[ALU] op = 79
[ALU] op = 79
[CMP] Unknown aluop   124
[ALU] Hit SLL
[CMP] Unknown aluop    79
[ALU] op = 79
[ALU] op = 79
[CMP] Unknown aluop   124
[ALU] Hit SLL
[CMP] Unknown aluop    79
[ALU] op = 79
[ALU] op = 79
[CMP] Unknown aluop   124
[ALU] Hit SLL
[CMP] Unknown aluop    79
[ALU] op = 79
[ALU] op = 79
[CMP] Unknown aluop   124
[ALU] Hit SLL
[CMP] Unknown aluop    79
[ALU] op = 79
[ALU] op = 79
[CMP] Unknown aluop   124
[ALU] Hit SLL
[CMP] Unknown aluop    79
[ALU] op = 79
[ALU] op = 79
[CMP] Unknown aluop   124
[ALU] Hit SLL
[CMP] Unknown aluop    79
[ALU] op = 79
[ALU] op = 79
[CMP] Unknown aluop   124
[ALU] Hit SLL
[CMP] Unknown aluop    79
[ALU] op = 79
[ALU] op = 79
[CMP] Unknown aluop   124
[ALU] Hit SLL
[CMP] Unknown aluop    79
[ALU] op = 79
[ALU] op = 79
[CMP] Unknown aluop   124
[ALU] Hit SLL
[CMP] Unknown aluop    79
[ALU] op = 79
[ALU] op = 79
[CMP] Unknown aluop   124
[ALU] Hit SLL
[CMP] Unknown aluop    79
[ALU] op = 79
[ALU] op = 79
[CMP] Unknown aluop   124
[ALU] Hit SLL
[CMP] Unknown aluop    79
[ALU] op = 79
[ALU] op = 79
[CMP] Unknown aluop   124
[ALU] Hit SLL
[CMP] Unknown aluop    79
[ALU] op = 79
[ALU] op = 79
[CMP] Unknown aluop   124
[ALU] Hit SLL
[CMP] Unknown aluop    79
[ALU] op = 79
[ALU] op = 79
[CMP] Unknown aluop   124
[ALU] Hit SLL
[CMP] Unknown aluop    79
[ALU] op = 79
[ALU] op = 79
[CMP] Unknown aluop   124
[ALU] Hit SLL
[CMP] Unknown aluop    79
[ALU] op = 79
[ALU] op = 79
[CMP] Unknown aluop   124
[ALU] Hit SLL
[CMP] Unknown aluop    79
[ALU] op = 79
[ALU] op = 79
[CMP] Unknown aluop   124
[ALU] Hit SLL
[CMP] Unknown aluop    79
[ALU] op = 79
[ALU] op = 79
[CMP] Unknown aluop   124
[ALU] Hit SLL
[CMP] Unknown aluop    79
[ALU] op = 79
[ALU] op = 79
[CMP] Unknown aluop   124
[ALU] Hit SLL
[CMP] Unknown aluop    79
[ALU] op = 79
[ALU] op = 79
[CMP] Unknown aluop   124
[ALU] Hit SLL
[CMP] Unknown aluop    79
[ALU] op = 79
[ALU] op = 79
[CMP] Unknown aluop   124
[ALU] Hit SLL
[CMP] Unknown aluop    79
[ALU] op = 79
[ALU] op = 79
[CMP] Unknown aluop   124
[ALU] Hit SLL
[CMP] Unknown aluop    79
[ALU] op = 79
[ALU] op = 79
[CMP] Unknown aluop   124
