#-----------------------------------------------------------
# Vivado v2018.3 (64-bit)
# SW Build 2405991 on Thu Dec  6 23:38:27 MST 2018
# IP Build 2404404 on Fri Dec  7 01:43:56 MST 2018
# Start of session at: Mon Dec  9 18:44:28 2019
# Process ID: 20560
# Current directory: C:/Users/a/Desktop/pipelineX
# Command line: vivado.exe -gui_launcher_event rodinguilauncherevent19800 C:\Users\a\Desktop\pipelineX\pipelineX.xpr
# Log file: C:/Users/a/Desktop/pipelineX/vivado.log
# Journal file: C:/Users/a/Desktop/pipelineX\vivado.jou
#-----------------------------------------------------------
start_gui
open_project C:/Users/a/Desktop/pipelineX/pipelineX.xpr
CRITICAL WARNING: [Project 1-19] Could not find the file 'C:/Users/a/Desktop/pipeline/pipeline.srcs/sources_1/mipstest.coe'.
Scanning sources...
Finished scanning sources
INFO: [IP_Flow 19-234] Refreshing IP repositories
INFO: [IP_Flow 19-1704] No user IP repositories specified
INFO: [IP_Flow 19-2313] Loaded Vivado IP repository 'C:/Xilinx/Vivado/2018.3/data/ip'.
open_project: Time (s): cpu = 00:00:22 ; elapsed = 00:00:11 . Memory (MB): peak = 684.824 ; gain = 131.953
update_compile_order -fileset sources_1
INFO: [Device 21-403] Loading part xc7a100tcsg324-1
WARNING: [IP_Flow 19-4067] Ignoring invalid widget type specified checkbox.Providing a default widget
WARNING: [IP_Flow 19-4067] Ignoring invalid widget type specified checkbox.Providing a default widget
exit
INFO: [Common 17-206] Exiting Vivado at Mon Dec  9 18:50:28 2019...
