#-----------------------------------------------------------
# Vivado v2018.3 (64-bit)
# SW Build 2405991 on Thu Dec  6 23:38:27 MST 2018
# IP Build 2404404 on Fri Dec  7 01:43:56 MST 2018
# Start of session at: Tue Dec 10 16:40:04 2019
# Process ID: 18220
# Current directory: C:/Users/a/Desktop/pipelineX
# Command line: vivado.exe -gui_launcher_event rodinguilauncherevent20684 C:\Users\a\Desktop\pipelineX\pipelineX.xpr
# Log file: C:/Users/a/Desktop/pipelineX/vivado.log
# Journal file: C:/Users/a/Desktop/pipelineX\vivado.jou
#-----------------------------------------------------------
start_gui
open_project C:/Users/a/Desktop/pipelineX/pipelineX.xpr
Scanning sources...
Finished scanning sources
INFO: [IP_Flow 19-234] Refreshing IP repositories
INFO: [IP_Flow 19-1704] No user IP repositories specified
INFO: [IP_Flow 19-2313] Loaded Vivado IP repository 'C:/Xilinx/Vivado/2018.3/data/ip'.
WARNING: [IP_Flow 19-3664] IP 'inst_mem' generated file not found 'c:/Users/a/Desktop/pipelineX/pipelineX.srcs/sources_1/ip/inst_mem/inst_mem_sim_netlist.v'. Please regenerate to continue.
WARNING: [IP_Flow 19-3664] IP 'inst_mem' generated file not found 'c:/Users/a/Desktop/pipelineX/pipelineX.srcs/sources_1/ip/inst_mem/inst_mem_sim_netlist.vhdl'. Please regenerate to continue.
open_project: Time (s): cpu = 00:00:22 ; elapsed = 00:00:10 . Memory (MB): peak = 659.184 ; gain = 68.449
update_compile_order -fileset sources_1
INFO: [Device 21-403] Loading part xc7a100tcsg324-1
WARNING: [IP_Flow 19-4067] Ignoring invalid widget type specified checkbox.Providing a default widget
WARNING: [IP_Flow 19-4067] Ignoring invalid widget type specified checkbox.Providing a default widget
INFO: [IP_Flow 19-3484] Absolute path of file 'c:/Users/a/Desktop/pipelineX/ref_code/coe/5.Simple_Arithmatic_Inst_Test/inst_rom.coe' provided. It will be converted relative to IP Instance files '../../../../ref_code/coe/5.Simple_Arithmatic_Inst_Test/inst_rom.coe'
set_property -dict [list CONFIG.Coe_File {C:/Users/a/Desktop/pipelineX/ref_code/coe/5.Simple_Arithmatic_Inst_Test/inst_rom.coe}] [get_ips inst_mem]
INFO: [IP_Flow 19-3484] Absolute path of file 'c:/Users/a/Desktop/pipelineX/ref_code/coe/5.Simple_Arithmatic_Inst_Test/inst_rom.coe' provided. It will be converted relative to IP Instance files '../../../../ref_code/coe/5.Simple_Arithmatic_Inst_Test/inst_rom.coe'
generate_target all [get_files  C:/Users/a/Desktop/pipelineX/pipelineX.srcs/sources_1/ip/inst_mem/inst_mem.xci]
INFO: [IP_Flow 19-1686] Generating 'Instantiation Template' target for IP 'inst_mem'...
INFO: [IP_Flow 19-1686] Generating 'Synthesis' target for IP 'inst_mem'...
INFO: [IP_Flow 19-1686] Generating 'Simulation' target for IP 'inst_mem'...
INFO: [IP_Flow 19-1686] Generating 'Miscellaneous' target for IP 'inst_mem'...
INFO: [IP_Flow 19-1686] Generating 'Change Log' target for IP 'inst_mem'...
catch { config_ip_cache -export [get_ips -all inst_mem] }
export_ip_user_files -of_objects [get_files C:/Users/a/Desktop/pipelineX/pipelineX.srcs/sources_1/ip/inst_mem/inst_mem.xci] -no_script -sync -force -quiet
reset_run inst_mem_synth_1
launch_runs -jobs 2 inst_mem_synth_1
[Tue Dec 10 17:22:18 2019] Launched inst_mem_synth_1...
Run output will be captured here: C:/Users/a/Desktop/pipelineX/pipelineX.runs/inst_mem_synth_1/runme.log
export_simulation -of_objects [get_files C:/Users/a/Desktop/pipelineX/pipelineX.srcs/sources_1/ip/inst_mem/inst_mem.xci] -directory C:/Users/a/Desktop/pipelineX/pipelineX.ip_user_files/sim_scripts -ip_user_files_dir C:/Users/a/Desktop/pipelineX/pipelineX.ip_user_files -ipstatic_source_dir C:/Users/a/Desktop/pipelineX/pipelineX.ip_user_files/ipstatic -lib_map_path [list {modelsim=C:/Users/a/Desktop/pipelineX/pipelineX.cache/compile_simlib/modelsim} {questa=C:/Users/a/Desktop/pipelineX/pipelineX.cache/compile_simlib/questa} {riviera=C:/Users/a/Desktop/pipelineX/pipelineX.cache/compile_simlib/riviera} {activehdl=C:/Users/a/Desktop/pipelineX/pipelineX.cache/compile_simlib/activehdl}] -use_ip_compiled_libs -force -quiet
launch_simulation
INFO: [Vivado 12-5698] Checking validity of IPs in the design for the 'XSim' simulator...
INFO: [Vivado 12-5682] Launching behavioral simulation in 'C:/Users/a/Desktop/pipelineX/pipelineX.sim/sim_1/behav/xsim'
INFO: [Vivado 12-4795] Using compiled simulation libraries for IPs
INFO: [SIM-utils-51] Simulation object is 'sim_1'
INFO: [USF-XSim-7] Finding pre-compiled libraries...
INFO: [USF-XSim-11] File 'C:/Xilinx/Vivado/2018.3/data/xsim/xsim.ini' copied to run dir:'C:/Users/a/Desktop/pipelineX/pipelineX.sim/sim_1/behav/xsim'
INFO: [SIM-utils-54] Inspecting design source files for 'testbench' in fileset 'sim_1'...
INFO: [SIM-utils-43] Exported 'C:/Users/a/Desktop/pipelineX/pipelineX.sim/sim_1/behav/xsim/inst_mem.mif'
INFO: [SIM-utils-43] Exported 'C:/Users/a/Desktop/pipelineX/pipelineX.sim/sim_1/behav/xsim/inst_rom.coe'
INFO: [SIM-utils-43] Exported 'C:/Users/a/Desktop/pipelineX/pipelineX.sim/sim_1/behav/xsim/inst_rom.coe'
INFO: [SIM-utils-43] Exported 'C:/Users/a/Desktop/pipelineX/pipelineX.sim/sim_1/behav/xsim/inst_rom.coe'
INFO: [SIM-utils-43] Exported 'C:/Users/a/Desktop/pipelineX/pipelineX.sim/sim_1/behav/xsim/inst_rom.coe'
INFO: [USF-XSim-97] Finding global include files...
INFO: [USF-XSim-98] Fetching design files from 'sim_1'...
INFO: [USF-XSim-2] XSim::Compile design
INFO: [USF-XSim-61] Executing 'COMPILE and ANALYZE' step in 'C:/Users/a/Desktop/pipelineX/pipelineX.sim/sim_1/behav/xsim'
"xvlog --incr --relax -prj testbench_vlog.prj"
INFO: [VRFC 10-2263] Analyzing Verilog file "C:/Users/a/Desktop/pipelineX/pipelineX.srcs/sources_1/new/defines.vh" into library xil_defaultlib
INFO: [VRFC 10-2263] Analyzing Verilog file "C:/Users/a/Desktop/pipelineX/pipelineX.srcs/sources_1/ip/data_mem/sim/data_mem.v" into library xil_defaultlib
INFO: [VRFC 10-311] analyzing module data_mem
INFO: [VRFC 10-2263] Analyzing Verilog file "C:/Users/a/Desktop/pipelineX/pipelineX.srcs/sources_1/ip/inst_mem/sim/inst_mem.v" into library xil_defaultlib
INFO: [VRFC 10-311] analyzing module inst_mem
INFO: [VRFC 10-2263] Analyzing Verilog file "C:/Users/a/Desktop/pipelineX/pipelineX.srcs/sources_1/imports/new/ALU.v" into library xil_defaultlib
INFO: [VRFC 10-311] analyzing module ALU
INFO: [VRFC 10-2263] Analyzing Verilog file "C:/Users/a/Desktop/pipelineX/pipelineX.srcs/sources_1/imports/new/HazardUnit.v" into library xil_defaultlib
INFO: [VRFC 10-311] analyzing module HazardUnit
INFO: [VRFC 10-2263] Analyzing Verilog file "C:/Users/a/Desktop/pipelineX/pipelineX.srcs/sources_1/imports/new/Register.v" into library xil_defaultlib
INFO: [VRFC 10-311] analyzing module Register
INFO: [VRFC 10-2263] Analyzing Verilog file "C:/Users/a/Desktop/pipelineX/pipelineX.srcs/sources_1/imports/new/ShiftLeft2.v" into library xil_defaultlib
INFO: [VRFC 10-311] analyzing module ShiftLeft2
INFO: [VRFC 10-2263] Analyzing Verilog file "C:/Users/a/Desktop/pipelineX/pipelineX.srcs/sources_1/imports/new/SignExtend.v" into library xil_defaultlib
INFO: [VRFC 10-311] analyzing module SignExtend
INFO: [VRFC 10-2263] Analyzing Verilog file "C:/Users/a/Desktop/pipelineX/pipelineX.srcs/sources_1/imports/new/adder.v" into library xil_defaultlib
INFO: [VRFC 10-311] analyzing module adder
INFO: [VRFC 10-2263] Analyzing Verilog file "C:/Users/a/Desktop/pipelineX/pipelineX.srcs/sources_1/imports/rtl/controller.v" into library xil_defaultlib
INFO: [VRFC 10-311] analyzing module controller
INFO: [VRFC 10-311] analyzing module aludec
INFO: [VRFC 10-311] analyzing module maindec
INFO: [VRFC 10-2263] Analyzing Verilog file "C:/Users/a/Desktop/pipelineX/pipelineX.srcs/sources_1/imports/rtl/datapath.v" into library xil_defaultlib
INFO: [VRFC 10-311] analyzing module datapath
INFO: [VRFC 10-2263] Analyzing Verilog file "C:/Users/a/Desktop/pipelineX/pipelineX.srcs/sources_1/imports/new/eqcmp.v" into library xil_defaultlib
INFO: [VRFC 10-311] analyzing module eqcmp
INFO: [VRFC 10-2263] Analyzing Verilog file "C:/Users/a/Desktop/pipelineX/pipelineX.srcs/sources_1/new/flopenr.v" into library xil_defaultlib
INFO: [VRFC 10-311] analyzing module flopenr
INFO: [VRFC 10-2263] Analyzing Verilog file "C:/Users/a/Desktop/pipelineX/pipelineX.srcs/sources_1/new/flopenrc.v" into library xil_defaultlib
INFO: [VRFC 10-311] analyzing module flopenrc
INFO: [VRFC 10-2263] Analyzing Verilog file "C:/Users/a/Desktop/pipelineX/pipelineX.srcs/sources_1/new/flopr.v" into library xil_defaultlib
INFO: [VRFC 10-311] analyzing module flopr
INFO: [VRFC 10-2263] Analyzing Verilog file "C:/Users/a/Desktop/pipelineX/pipelineX.srcs/sources_1/new/floprc.v" into library xil_defaultlib
INFO: [VRFC 10-311] analyzing module floprc
INFO: [VRFC 10-2263] Analyzing Verilog file "C:/Users/a/Desktop/pipelineX/pipelineX.srcs/sources_1/imports/rtl/hilo_reg.v" into library xil_defaultlib
INFO: [VRFC 10-311] analyzing module hilo_reg
INFO: [VRFC 10-2263] Analyzing Verilog file "C:/Users/a/Desktop/pipelineX/pipelineX.srcs/sources_1/imports/rtl/mips.v" into library xil_defaultlib
INFO: [VRFC 10-311] analyzing module mips
INFO: [VRFC 10-2263] Analyzing Verilog file "C:/Users/a/Desktop/pipelineX/pipelineX.srcs/sources_1/imports/new/mux2.v" into library xil_defaultlib
INFO: [VRFC 10-311] analyzing module mux2
INFO: [VRFC 10-2263] Analyzing Verilog file "C:/Users/a/Desktop/pipelineX/pipelineX.srcs/sources_1/imports/new/mux3.v" into library xil_defaultlib
INFO: [VRFC 10-311] analyzing module mux3
INFO: [VRFC 10-2263] Analyzing Verilog file "C:/Users/a/Desktop/pipelineX/pipelineX.srcs/sources_1/imports/rtl/top.v" into library xil_defaultlib
INFO: [VRFC 10-311] analyzing module top
INFO: [VRFC 10-2263] Analyzing Verilog file "C:/Users/a/Desktop/pipelineX/pipelineX.srcs/sim_1/imports/new/testbench.v" into library xil_defaultlib
INFO: [VRFC 10-311] analyzing module testbench
INFO: [USF-XSim-69] 'compile' step finished in '4' seconds
INFO: [USF-XSim-3] XSim::Elaborate design
INFO: [USF-XSim-61] Executing 'ELABORATE' step in 'C:/Users/a/Desktop/pipelineX/pipelineX.sim/sim_1/behav/xsim'
Vivado Simulator 2018.3
Copyright 1986-1999, 2001-2018 Xilinx, Inc. All Rights Reserved.
Running: C:/Xilinx/Vivado/2018.3/bin/unwrapped/win64.o/xelab.exe -wto 844dc7d4b1554252b5e6808528fecbd4 --incr --debug typical --relax --mt 2 -L blk_mem_gen_v8_4_2 -L xil_defaultlib -L unisims_ver -L unimacro_ver -L secureip -L xpm --snapshot testbench_behav xil_defaultlib.testbench xil_defaultlib.glbl -log elaborate.log 
Using 2 slave threads.
Starting static elaboration
Completed static elaboration
Starting simulation data flow analysis
Completed simulation data flow analysis
Time Resolution for simulation is 1ps
Compiling module xil_defaultlib.maindec
Compiling module xil_defaultlib.aludec
Compiling module xil_defaultlib.floprc(N=14)
Compiling module xil_defaultlib.flopr(N=4)
Compiling module xil_defaultlib.flopr(N=3)
Compiling module xil_defaultlib.controller
Compiling module xil_defaultlib.HazardUnit
Compiling module xil_defaultlib.mux2
Compiling module xil_defaultlib.flopenr
Compiling module xil_defaultlib.adder
Compiling module xil_defaultlib.flopenrc
Compiling module xil_defaultlib.hilo_reg
Compiling module xil_defaultlib.Register
Compiling module xil_defaultlib.SignExtend
Compiling module xil_defaultlib.ShiftLeft2
Compiling module xil_defaultlib.eqcmp
Compiling module xil_defaultlib.floprc
Compiling module xil_defaultlib.floprc(N=5)
Compiling module xil_defaultlib.mux3
Compiling module xil_defaultlib.ALU
Compiling module xil_defaultlib.mux2(N=5)
Compiling module xil_defaultlib.flopr
Compiling module xil_defaultlib.flopr(N=5)
Compiling module xil_defaultlib.datapath
Compiling module xil_defaultlib.mips
Compiling module blk_mem_gen_v8_4_2.blk_mem_gen_v8_4_2_output_stage(...
Compiling module blk_mem_gen_v8_4_2.blk_mem_gen_v8_4_2_softecc_outpu...
Compiling module blk_mem_gen_v8_4_2.blk_mem_gen_v8_4_2_mem_module(C_...
Compiling module blk_mem_gen_v8_4_2.blk_mem_gen_v8_4_2(C_FAMILY="art...
Compiling module xil_defaultlib.inst_mem
Compiling module blk_mem_gen_v8_4_2.blk_mem_gen_v8_4_2_mem_module(C_...
Compiling module blk_mem_gen_v8_4_2.blk_mem_gen_v8_4_2(C_FAMILY="art...
Compiling module xil_defaultlib.data_mem
Compiling module xil_defaultlib.top
Compiling module xil_defaultlib.testbench
Compiling module xil_defaultlib.glbl
Built simulation snapshot testbench_behav
run_program: Time (s): cpu = 00:00:01 ; elapsed = 00:00:08 . Memory (MB): peak = 962.160 ; gain = 0.000
INFO: [USF-XSim-69] 'elaborate' step finished in '8' seconds
INFO: [USF-XSim-4] XSim::Simulate design
INFO: [USF-XSim-61] Executing 'SIMULATE' step in 'C:/Users/a/Desktop/pipelineX/pipelineX.sim/sim_1/behav/xsim'
INFO: [USF-XSim-98] *** Running xsim
   with args "testbench_behav -key {Behavioral:sim_1:Functional:testbench} -tclbatch {testbench.tcl} -view {C:/Users/a/Desktop/pipelineX/testbench_behav.wcfg} -log {simulate.log}"
INFO: [USF-XSim-8] Loading simulator feature
Vivado Simulator 2018.3
Time resolution is 1 ps
open_wave_config C:/Users/a/Desktop/pipelineX/testbench_behav.wcfg
source testbench.tcl
# set curr_wave [current_wave_config]
# if { [string length $curr_wave] == 0 } {
#   if { [llength [get_objects]] > 0} {
#     add_wave /
#     set_property needs_save false [current_wave_config]
#   } else {
#      send_msg_id Add_Wave-1 WARNING "No top level signals found. Simulator will start without a wave window. If you want to open a wave window go to 'File->New Waveform Configuration' or type 'create_wave_config' in the TCL console."
#   }
# }
# run 500ns
 Block Memory Generator module loading initial data...
 Block Memory Generator data initialization complete.
Block Memory Generator module testbench.dut.imem.inst.native_mem_mapped_module.blk_mem_gen_v8_4_2_inst is using a behavioral model for simulation which will not precisely model memory collision behavior.
 Block Memory Generator module loading initial data...
 Block Memory Generator data initialization complete.
Block Memory Generator module testbench.dut.dmem.inst.native_mem_mapped_module.blk_mem_gen_v8_4_2_inst is using a behavioral model for simulation which will not precisely model memory collision behavior.
[ALU] op =  0
[ALU] op =  0
[ALU] op =  0
[ALU] op =  0
[ALU] Hit SLL
[ALU] Hit ORI
[ALU] Hit SLL
[ALU] Hit ORI
[ALU] Hit SLL
[ALU] Hit ORI
[ALUDEC] funct = 33
[ALUDEC] funct = 32
[ALUDEC] funct = 34
[ALUDEC] funct = 35
[ALU] op = 85
[ALU] Hit ORI
[ALUDEC] op =  9
xsim: Time (s): cpu = 00:00:11 ; elapsed = 00:00:06 . Memory (MB): peak = 984.797 ; gain = 22.637
INFO: [USF-XSim-96] XSim completed. Design snapshot 'testbench_behav' loaded.
INFO: [USF-XSim-97] XSim simulation ran for 500ns
launch_simulation: Time (s): cpu = 00:00:14 ; elapsed = 00:00:21 . Memory (MB): peak = 984.797 ; gain = 22.637
relaunch_sim
INFO: [Vivado 12-5698] Checking validity of IPs in the design for the 'XSim' simulator...
INFO: [Vivado 12-5682] Launching behavioral simulation in 'C:/Users/a/Desktop/pipelineX/pipelineX.sim/sim_1/behav/xsim'
INFO: [Vivado 12-4795] Using compiled simulation libraries for IPs
INFO: [SIM-utils-51] Simulation object is 'sim_1'
INFO: [USF-XSim-7] Finding pre-compiled libraries...
INFO: [USF-XSim-11] File 'C:/Xilinx/Vivado/2018.3/data/xsim/xsim.ini' copied to run dir:'C:/Users/a/Desktop/pipelineX/pipelineX.sim/sim_1/behav/xsim'
INFO: [SIM-utils-54] Inspecting design source files for 'testbench' in fileset 'sim_1'...
INFO: [SIM-utils-43] Exported 'C:/Users/a/Desktop/pipelineX/pipelineX.sim/sim_1/behav/xsim/inst_mem.mif'
INFO: [SIM-utils-43] Exported 'C:/Users/a/Desktop/pipelineX/pipelineX.sim/sim_1/behav/xsim/inst_rom.coe'
INFO: [SIM-utils-43] Exported 'C:/Users/a/Desktop/pipelineX/pipelineX.sim/sim_1/behav/xsim/inst_rom.coe'
INFO: [SIM-utils-43] Exported 'C:/Users/a/Desktop/pipelineX/pipelineX.sim/sim_1/behav/xsim/inst_rom.coe'
INFO: [SIM-utils-43] Exported 'C:/Users/a/Desktop/pipelineX/pipelineX.sim/sim_1/behav/xsim/inst_rom.coe'
INFO: [USF-XSim-97] Finding global include files...
INFO: [USF-XSim-98] Fetching design files from 'sim_1'...
INFO: [USF-XSim-2] XSim::Compile design
INFO: [USF-XSim-61] Executing 'COMPILE and ANALYZE' step in 'C:/Users/a/Desktop/pipelineX/pipelineX.sim/sim_1/behav/xsim'
"xvlog --incr --relax -prj testbench_vlog.prj"
INFO: [VRFC 10-2263] Analyzing Verilog file "C:/Users/a/Desktop/pipelineX/pipelineX.srcs/sources_1/new/defines.vh" into library xil_defaultlib
INFO: [VRFC 10-2263] Analyzing Verilog file "C:/Users/a/Desktop/pipelineX/pipelineX.srcs/sources_1/ip/data_mem/sim/data_mem.v" into library xil_defaultlib
INFO: [VRFC 10-311] analyzing module data_mem
INFO: [VRFC 10-2263] Analyzing Verilog file "C:/Users/a/Desktop/pipelineX/pipelineX.srcs/sources_1/ip/inst_mem/sim/inst_mem.v" into library xil_defaultlib
INFO: [VRFC 10-311] analyzing module inst_mem
INFO: [VRFC 10-2263] Analyzing Verilog file "C:/Users/a/Desktop/pipelineX/pipelineX.srcs/sources_1/imports/new/ALU.v" into library xil_defaultlib
INFO: [VRFC 10-311] analyzing module ALU
INFO: [VRFC 10-2263] Analyzing Verilog file "C:/Users/a/Desktop/pipelineX/pipelineX.srcs/sources_1/imports/new/HazardUnit.v" into library xil_defaultlib
INFO: [VRFC 10-311] analyzing module HazardUnit
INFO: [VRFC 10-2263] Analyzing Verilog file "C:/Users/a/Desktop/pipelineX/pipelineX.srcs/sources_1/imports/new/Register.v" into library xil_defaultlib
INFO: [VRFC 10-311] analyzing module Register
INFO: [VRFC 10-2263] Analyzing Verilog file "C:/Users/a/Desktop/pipelineX/pipelineX.srcs/sources_1/imports/new/ShiftLeft2.v" into library xil_defaultlib
INFO: [VRFC 10-311] analyzing module ShiftLeft2
INFO: [VRFC 10-2263] Analyzing Verilog file "C:/Users/a/Desktop/pipelineX/pipelineX.srcs/sources_1/imports/new/SignExtend.v" into library xil_defaultlib
INFO: [VRFC 10-311] analyzing module SignExtend
INFO: [VRFC 10-2263] Analyzing Verilog file "C:/Users/a/Desktop/pipelineX/pipelineX.srcs/sources_1/imports/new/adder.v" into library xil_defaultlib
INFO: [VRFC 10-311] analyzing module adder
INFO: [VRFC 10-2263] Analyzing Verilog file "C:/Users/a/Desktop/pipelineX/pipelineX.srcs/sources_1/imports/rtl/controller.v" into library xil_defaultlib
INFO: [VRFC 10-311] analyzing module controller
INFO: [VRFC 10-311] analyzing module aludec
INFO: [VRFC 10-311] analyzing module maindec
INFO: [VRFC 10-2263] Analyzing Verilog file "C:/Users/a/Desktop/pipelineX/pipelineX.srcs/sources_1/imports/rtl/datapath.v" into library xil_defaultlib
INFO: [VRFC 10-311] analyzing module datapath
INFO: [VRFC 10-2263] Analyzing Verilog file "C:/Users/a/Desktop/pipelineX/pipelineX.srcs/sources_1/imports/new/eqcmp.v" into library xil_defaultlib
INFO: [VRFC 10-311] analyzing module eqcmp
INFO: [VRFC 10-2263] Analyzing Verilog file "C:/Users/a/Desktop/pipelineX/pipelineX.srcs/sources_1/new/flopenr.v" into library xil_defaultlib
INFO: [VRFC 10-311] analyzing module flopenr
INFO: [VRFC 10-2263] Analyzing Verilog file "C:/Users/a/Desktop/pipelineX/pipelineX.srcs/sources_1/new/flopenrc.v" into library xil_defaultlib
INFO: [VRFC 10-311] analyzing module flopenrc
INFO: [VRFC 10-2263] Analyzing Verilog file "C:/Users/a/Desktop/pipelineX/pipelineX.srcs/sources_1/new/flopr.v" into library xil_defaultlib
INFO: [VRFC 10-311] analyzing module flopr
INFO: [VRFC 10-2263] Analyzing Verilog file "C:/Users/a/Desktop/pipelineX/pipelineX.srcs/sources_1/new/floprc.v" into library xil_defaultlib
INFO: [VRFC 10-311] analyzing module floprc
INFO: [VRFC 10-2263] Analyzing Verilog file "C:/Users/a/Desktop/pipelineX/pipelineX.srcs/sources_1/imports/rtl/hilo_reg.v" into library xil_defaultlib
INFO: [VRFC 10-311] analyzing module hilo_reg
INFO: [VRFC 10-2263] Analyzing Verilog file "C:/Users/a/Desktop/pipelineX/pipelineX.srcs/sources_1/imports/rtl/mips.v" into library xil_defaultlib
INFO: [VRFC 10-311] analyzing module mips
INFO: [VRFC 10-2263] Analyzing Verilog file "C:/Users/a/Desktop/pipelineX/pipelineX.srcs/sources_1/imports/new/mux2.v" into library xil_defaultlib
INFO: [VRFC 10-311] analyzing module mux2
INFO: [VRFC 10-2263] Analyzing Verilog file "C:/Users/a/Desktop/pipelineX/pipelineX.srcs/sources_1/imports/new/mux3.v" into library xil_defaultlib
INFO: [VRFC 10-311] analyzing module mux3
INFO: [VRFC 10-2263] Analyzing Verilog file "C:/Users/a/Desktop/pipelineX/pipelineX.srcs/sources_1/imports/rtl/top.v" into library xil_defaultlib
INFO: [VRFC 10-311] analyzing module top
INFO: [VRFC 10-2263] Analyzing Verilog file "C:/Users/a/Desktop/pipelineX/pipelineX.srcs/sim_1/imports/new/testbench.v" into library xil_defaultlib
INFO: [VRFC 10-311] analyzing module testbench
INFO: [USF-XSim-69] 'compile' step finished in '3' seconds
INFO: [Vivado 12-5698] Checking validity of IPs in the design for the 'XSim' simulator...
INFO: [Vivado 12-5682] Launching behavioral simulation in 'C:/Users/a/Desktop/pipelineX/pipelineX.sim/sim_1/behav/xsim'
INFO: [Vivado 12-4795] Using compiled simulation libraries for IPs
INFO: [USF-XSim-3] XSim::Elaborate design
INFO: [USF-XSim-61] Executing 'ELABORATE' step in 'C:/Users/a/Desktop/pipelineX/pipelineX.sim/sim_1/behav/xsim'
Vivado Simulator 2018.3
Copyright 1986-1999, 2001-2018 Xilinx, Inc. All Rights Reserved.
Running: C:/Xilinx/Vivado/2018.3/bin/unwrapped/win64.o/xelab.exe -wto 844dc7d4b1554252b5e6808528fecbd4 --incr --debug typical --relax --mt 2 -L blk_mem_gen_v8_4_2 -L xil_defaultlib -L unisims_ver -L unimacro_ver -L secureip -L xpm --snapshot testbench_behav xil_defaultlib.testbench xil_defaultlib.glbl -log elaborate.log 
Using 2 slave threads.
Starting static elaboration
Completed static elaboration
Starting simulation data flow analysis
Completed simulation data flow analysis
Time Resolution for simulation is 1ps
Compiling module xil_defaultlib.maindec
Compiling module xil_defaultlib.aludec
Compiling module xil_defaultlib.floprc(N=14)
Compiling module xil_defaultlib.flopr(N=4)
Compiling module xil_defaultlib.flopr(N=3)
Compiling module xil_defaultlib.controller
Compiling module xil_defaultlib.HazardUnit
Compiling module xil_defaultlib.mux2
Compiling module xil_defaultlib.flopenr
Compiling module xil_defaultlib.adder
Compiling module xil_defaultlib.flopenrc
Compiling module xil_defaultlib.hilo_reg
Compiling module xil_defaultlib.Register
Compiling module xil_defaultlib.SignExtend
Compiling module xil_defaultlib.ShiftLeft2
Compiling module xil_defaultlib.eqcmp
Compiling module xil_defaultlib.floprc
Compiling module xil_defaultlib.floprc(N=5)
Compiling module xil_defaultlib.mux3
Compiling module xil_defaultlib.ALU
Compiling module xil_defaultlib.mux2(N=5)
Compiling module xil_defaultlib.flopr
Compiling module xil_defaultlib.flopr(N=5)
Compiling module xil_defaultlib.datapath
Compiling module xil_defaultlib.mips
Compiling module blk_mem_gen_v8_4_2.blk_mem_gen_v8_4_2_output_stage(...
Compiling module blk_mem_gen_v8_4_2.blk_mem_gen_v8_4_2_softecc_outpu...
Compiling module blk_mem_gen_v8_4_2.blk_mem_gen_v8_4_2_mem_module(C_...
Compiling module blk_mem_gen_v8_4_2.blk_mem_gen_v8_4_2(C_FAMILY="art...
Compiling module xil_defaultlib.inst_mem
Compiling module blk_mem_gen_v8_4_2.blk_mem_gen_v8_4_2_mem_module(C_...
Compiling module blk_mem_gen_v8_4_2.blk_mem_gen_v8_4_2(C_FAMILY="art...
Compiling module xil_defaultlib.data_mem
Compiling module xil_defaultlib.top
Compiling module xil_defaultlib.testbench
Compiling module xil_defaultlib.glbl
Built simulation snapshot testbench_behav
INFO: [USF-XSim-69] 'elaborate' step finished in '4' seconds
Vivado Simulator 2018.3
Time resolution is 1 ps
 Block Memory Generator module loading initial data...
 Block Memory Generator data initialization complete.
Block Memory Generator module testbench.dut.imem.inst.native_mem_mapped_module.blk_mem_gen_v8_4_2_inst is using a behavioral model for simulation which will not precisely model memory collision behavior.
 Block Memory Generator module loading initial data...
 Block Memory Generator data initialization complete.
Block Memory Generator module testbench.dut.dmem.inst.native_mem_mapped_module.blk_mem_gen_v8_4_2_inst is using a behavioral model for simulation which will not precisely model memory collision behavior.
[ALU] op =  0
[ALU] op =  0
[ALU] op =  0
[ALU] op =  0
[ALU] Hit SLL
[ALU] Hit ORI
[ALU] Hit SLL
[ALU] Hit ORI
[ALU] Hit SLL
[ALU] Hit ORI
[ALU] op = 33
[ALU] Hit ORI
[ALU] op = 32
[ALU] op = 34
[ALU] op = 35
[ALU] op = 85
[ALU] Hit ORI
[ALU] op = 86
relaunch_sim: Time (s): cpu = 00:00:02 ; elapsed = 00:00:12 . Memory (MB): peak = 989.734 ; gain = 0.000
relaunch_sim
INFO: [Vivado 12-5698] Checking validity of IPs in the design for the 'XSim' simulator...
INFO: [Vivado 12-5682] Launching behavioral simulation in 'C:/Users/a/Desktop/pipelineX/pipelineX.sim/sim_1/behav/xsim'
INFO: [Vivado 12-4795] Using compiled simulation libraries for IPs
INFO: [SIM-utils-51] Simulation object is 'sim_1'
INFO: [USF-XSim-7] Finding pre-compiled libraries...
INFO: [USF-XSim-11] File 'C:/Xilinx/Vivado/2018.3/data/xsim/xsim.ini' copied to run dir:'C:/Users/a/Desktop/pipelineX/pipelineX.sim/sim_1/behav/xsim'
INFO: [SIM-utils-54] Inspecting design source files for 'testbench' in fileset 'sim_1'...
INFO: [SIM-utils-43] Exported 'C:/Users/a/Desktop/pipelineX/pipelineX.sim/sim_1/behav/xsim/inst_mem.mif'
INFO: [SIM-utils-43] Exported 'C:/Users/a/Desktop/pipelineX/pipelineX.sim/sim_1/behav/xsim/inst_rom.coe'
INFO: [SIM-utils-43] Exported 'C:/Users/a/Desktop/pipelineX/pipelineX.sim/sim_1/behav/xsim/inst_rom.coe'
INFO: [SIM-utils-43] Exported 'C:/Users/a/Desktop/pipelineX/pipelineX.sim/sim_1/behav/xsim/inst_rom.coe'
INFO: [SIM-utils-43] Exported 'C:/Users/a/Desktop/pipelineX/pipelineX.sim/sim_1/behav/xsim/inst_rom.coe'
INFO: [USF-XSim-97] Finding global include files...
INFO: [USF-XSim-98] Fetching design files from 'sim_1'...
INFO: [USF-XSim-2] XSim::Compile design
INFO: [USF-XSim-61] Executing 'COMPILE and ANALYZE' step in 'C:/Users/a/Desktop/pipelineX/pipelineX.sim/sim_1/behav/xsim'
"xvlog --incr --relax -prj testbench_vlog.prj"
INFO: [VRFC 10-2263] Analyzing Verilog file "C:/Users/a/Desktop/pipelineX/pipelineX.srcs/sources_1/new/defines.vh" into library xil_defaultlib
INFO: [VRFC 10-2263] Analyzing Verilog file "C:/Users/a/Desktop/pipelineX/pipelineX.srcs/sources_1/ip/data_mem/sim/data_mem.v" into library xil_defaultlib
INFO: [VRFC 10-311] analyzing module data_mem
INFO: [VRFC 10-2263] Analyzing Verilog file "C:/Users/a/Desktop/pipelineX/pipelineX.srcs/sources_1/ip/inst_mem/sim/inst_mem.v" into library xil_defaultlib
INFO: [VRFC 10-311] analyzing module inst_mem
INFO: [VRFC 10-2263] Analyzing Verilog file "C:/Users/a/Desktop/pipelineX/pipelineX.srcs/sources_1/imports/new/ALU.v" into library xil_defaultlib
INFO: [VRFC 10-311] analyzing module ALU
INFO: [VRFC 10-2263] Analyzing Verilog file "C:/Users/a/Desktop/pipelineX/pipelineX.srcs/sources_1/imports/new/HazardUnit.v" into library xil_defaultlib
INFO: [VRFC 10-311] analyzing module HazardUnit
INFO: [VRFC 10-2263] Analyzing Verilog file "C:/Users/a/Desktop/pipelineX/pipelineX.srcs/sources_1/imports/new/Register.v" into library xil_defaultlib
INFO: [VRFC 10-311] analyzing module Register
INFO: [VRFC 10-2263] Analyzing Verilog file "C:/Users/a/Desktop/pipelineX/pipelineX.srcs/sources_1/imports/new/ShiftLeft2.v" into library xil_defaultlib
INFO: [VRFC 10-311] analyzing module ShiftLeft2
INFO: [VRFC 10-2263] Analyzing Verilog file "C:/Users/a/Desktop/pipelineX/pipelineX.srcs/sources_1/imports/new/SignExtend.v" into library xil_defaultlib
INFO: [VRFC 10-311] analyzing module SignExtend
INFO: [VRFC 10-2263] Analyzing Verilog file "C:/Users/a/Desktop/pipelineX/pipelineX.srcs/sources_1/imports/new/adder.v" into library xil_defaultlib
INFO: [VRFC 10-311] analyzing module adder
INFO: [VRFC 10-2263] Analyzing Verilog file "C:/Users/a/Desktop/pipelineX/pipelineX.srcs/sources_1/imports/rtl/controller.v" into library xil_defaultlib
INFO: [VRFC 10-311] analyzing module controller
INFO: [VRFC 10-311] analyzing module aludec
INFO: [VRFC 10-311] analyzing module maindec
INFO: [VRFC 10-2263] Analyzing Verilog file "C:/Users/a/Desktop/pipelineX/pipelineX.srcs/sources_1/imports/rtl/datapath.v" into library xil_defaultlib
INFO: [VRFC 10-311] analyzing module datapath
INFO: [VRFC 10-2263] Analyzing Verilog file "C:/Users/a/Desktop/pipelineX/pipelineX.srcs/sources_1/imports/new/eqcmp.v" into library xil_defaultlib
INFO: [VRFC 10-311] analyzing module eqcmp
INFO: [VRFC 10-2263] Analyzing Verilog file "C:/Users/a/Desktop/pipelineX/pipelineX.srcs/sources_1/new/flopenr.v" into library xil_defaultlib
INFO: [VRFC 10-311] analyzing module flopenr
INFO: [VRFC 10-2263] Analyzing Verilog file "C:/Users/a/Desktop/pipelineX/pipelineX.srcs/sources_1/new/flopenrc.v" into library xil_defaultlib
INFO: [VRFC 10-311] analyzing module flopenrc
INFO: [VRFC 10-2263] Analyzing Verilog file "C:/Users/a/Desktop/pipelineX/pipelineX.srcs/sources_1/new/flopr.v" into library xil_defaultlib
INFO: [VRFC 10-311] analyzing module flopr
INFO: [VRFC 10-2263] Analyzing Verilog file "C:/Users/a/Desktop/pipelineX/pipelineX.srcs/sources_1/new/floprc.v" into library xil_defaultlib
INFO: [VRFC 10-311] analyzing module floprc
INFO: [VRFC 10-2263] Analyzing Verilog file "C:/Users/a/Desktop/pipelineX/pipelineX.srcs/sources_1/imports/rtl/hilo_reg.v" into library xil_defaultlib
INFO: [VRFC 10-311] analyzing module hilo_reg
INFO: [VRFC 10-2263] Analyzing Verilog file "C:/Users/a/Desktop/pipelineX/pipelineX.srcs/sources_1/imports/rtl/mips.v" into library xil_defaultlib
INFO: [VRFC 10-311] analyzing module mips
INFO: [VRFC 10-2263] Analyzing Verilog file "C:/Users/a/Desktop/pipelineX/pipelineX.srcs/sources_1/imports/new/mux2.v" into library xil_defaultlib
INFO: [VRFC 10-311] analyzing module mux2
INFO: [VRFC 10-2263] Analyzing Verilog file "C:/Users/a/Desktop/pipelineX/pipelineX.srcs/sources_1/imports/new/mux3.v" into library xil_defaultlib
INFO: [VRFC 10-311] analyzing module mux3
INFO: [VRFC 10-2263] Analyzing Verilog file "C:/Users/a/Desktop/pipelineX/pipelineX.srcs/sources_1/imports/rtl/top.v" into library xil_defaultlib
INFO: [VRFC 10-311] analyzing module top
INFO: [VRFC 10-2263] Analyzing Verilog file "C:/Users/a/Desktop/pipelineX/pipelineX.srcs/sim_1/imports/new/testbench.v" into library xil_defaultlib
INFO: [VRFC 10-311] analyzing module testbench
INFO: [USF-XSim-69] 'compile' step finished in '3' seconds
INFO: [Vivado 12-5698] Checking validity of IPs in the design for the 'XSim' simulator...
INFO: [Vivado 12-5682] Launching behavioral simulation in 'C:/Users/a/Desktop/pipelineX/pipelineX.sim/sim_1/behav/xsim'
INFO: [Vivado 12-4795] Using compiled simulation libraries for IPs
INFO: [USF-XSim-3] XSim::Elaborate design
INFO: [USF-XSim-61] Executing 'ELABORATE' step in 'C:/Users/a/Desktop/pipelineX/pipelineX.sim/sim_1/behav/xsim'
Vivado Simulator 2018.3
Copyright 1986-1999, 2001-2018 Xilinx, Inc. All Rights Reserved.
Running: C:/Xilinx/Vivado/2018.3/bin/unwrapped/win64.o/xelab.exe -wto 844dc7d4b1554252b5e6808528fecbd4 --incr --debug typical --relax --mt 2 -L blk_mem_gen_v8_4_2 -L xil_defaultlib -L unisims_ver -L unimacro_ver -L secureip -L xpm --snapshot testbench_behav xil_defaultlib.testbench xil_defaultlib.glbl -log elaborate.log 
Using 2 slave threads.
Starting static elaboration
Completed static elaboration
Starting simulation data flow analysis
Completed simulation data flow analysis
Time Resolution for simulation is 1ps
Compiling module xil_defaultlib.maindec
Compiling module xil_defaultlib.aludec
Compiling module xil_defaultlib.floprc(N=14)
Compiling module xil_defaultlib.flopr(N=4)
Compiling module xil_defaultlib.flopr(N=3)
Compiling module xil_defaultlib.controller
Compiling module xil_defaultlib.HazardUnit
Compiling module xil_defaultlib.mux2
Compiling module xil_defaultlib.flopenr
Compiling module xil_defaultlib.adder
Compiling module xil_defaultlib.flopenrc
Compiling module xil_defaultlib.hilo_reg
Compiling module xil_defaultlib.Register
Compiling module xil_defaultlib.SignExtend
Compiling module xil_defaultlib.ShiftLeft2
Compiling module xil_defaultlib.eqcmp
Compiling module xil_defaultlib.floprc
Compiling module xil_defaultlib.floprc(N=5)
Compiling module xil_defaultlib.mux3
Compiling module xil_defaultlib.ALU
Compiling module xil_defaultlib.mux2(N=5)
Compiling module xil_defaultlib.flopr
Compiling module xil_defaultlib.flopr(N=5)
Compiling module xil_defaultlib.datapath
Compiling module xil_defaultlib.mips
Compiling module blk_mem_gen_v8_4_2.blk_mem_gen_v8_4_2_output_stage(...
Compiling module blk_mem_gen_v8_4_2.blk_mem_gen_v8_4_2_softecc_outpu...
Compiling module blk_mem_gen_v8_4_2.blk_mem_gen_v8_4_2_mem_module(C_...
Compiling module blk_mem_gen_v8_4_2.blk_mem_gen_v8_4_2(C_FAMILY="art...
Compiling module xil_defaultlib.inst_mem
Compiling module blk_mem_gen_v8_4_2.blk_mem_gen_v8_4_2_mem_module(C_...
Compiling module blk_mem_gen_v8_4_2.blk_mem_gen_v8_4_2(C_FAMILY="art...
Compiling module xil_defaultlib.data_mem
Compiling module xil_defaultlib.top
Compiling module xil_defaultlib.testbench
Compiling module xil_defaultlib.glbl
Built simulation snapshot testbench_behav
INFO: [USF-XSim-69] 'elaborate' step finished in '3' seconds
Vivado Simulator 2018.3
Time resolution is 1 ps
 Block Memory Generator module loading initial data...
 Block Memory Generator data initialization complete.
Block Memory Generator module testbench.dut.imem.inst.native_mem_mapped_module.blk_mem_gen_v8_4_2_inst is using a behavioral model for simulation which will not precisely model memory collision behavior.
 Block Memory Generator module loading initial data...
 Block Memory Generator data initialization complete.
Block Memory Generator module testbench.dut.dmem.inst.native_mem_mapped_module.blk_mem_gen_v8_4_2_inst is using a behavioral model for simulation which will not precisely model memory collision behavior.
[ALU] op =  0
[ALU] op =  0
[ALU] op =  0
[ALU] op =  0
[ALU] Hit SLL
[ALU] Hit ORI
[ALU] Hit SLL
[ALU] Hit ORI
[ALU] Hit SLL
[ALU] Hit ORI
[ALU] op = 33
[ALU] Hit ORI
[ALU] op = 32
[ALU] op = 34
[ALU] op = 35
[ALU] op = 85
[ALU] Hit ORI
[ALU] op = 86
relaunch_sim: Time (s): cpu = 00:00:02 ; elapsed = 00:00:11 . Memory (MB): peak = 993.945 ; gain = 0.000
relaunch_sim
INFO: [Vivado 12-5698] Checking validity of IPs in the design for the 'XSim' simulator...
INFO: [Vivado 12-5682] Launching behavioral simulation in 'C:/Users/a/Desktop/pipelineX/pipelineX.sim/sim_1/behav/xsim'
INFO: [Vivado 12-4795] Using compiled simulation libraries for IPs
INFO: [SIM-utils-51] Simulation object is 'sim_1'
INFO: [USF-XSim-7] Finding pre-compiled libraries...
INFO: [USF-XSim-11] File 'C:/Xilinx/Vivado/2018.3/data/xsim/xsim.ini' copied to run dir:'C:/Users/a/Desktop/pipelineX/pipelineX.sim/sim_1/behav/xsim'
INFO: [SIM-utils-54] Inspecting design source files for 'testbench' in fileset 'sim_1'...
INFO: [SIM-utils-43] Exported 'C:/Users/a/Desktop/pipelineX/pipelineX.sim/sim_1/behav/xsim/inst_mem.mif'
INFO: [SIM-utils-43] Exported 'C:/Users/a/Desktop/pipelineX/pipelineX.sim/sim_1/behav/xsim/inst_rom.coe'
INFO: [SIM-utils-43] Exported 'C:/Users/a/Desktop/pipelineX/pipelineX.sim/sim_1/behav/xsim/inst_rom.coe'
INFO: [SIM-utils-43] Exported 'C:/Users/a/Desktop/pipelineX/pipelineX.sim/sim_1/behav/xsim/inst_rom.coe'
INFO: [SIM-utils-43] Exported 'C:/Users/a/Desktop/pipelineX/pipelineX.sim/sim_1/behav/xsim/inst_rom.coe'
INFO: [USF-XSim-97] Finding global include files...
INFO: [USF-XSim-98] Fetching design files from 'sim_1'...
INFO: [USF-XSim-2] XSim::Compile design
INFO: [USF-XSim-61] Executing 'COMPILE and ANALYZE' step in 'C:/Users/a/Desktop/pipelineX/pipelineX.sim/sim_1/behav/xsim'
"xvlog --incr --relax -prj testbench_vlog.prj"
INFO: [VRFC 10-2263] Analyzing Verilog file "C:/Users/a/Desktop/pipelineX/pipelineX.srcs/sources_1/new/defines.vh" into library xil_defaultlib
INFO: [VRFC 10-2263] Analyzing Verilog file "C:/Users/a/Desktop/pipelineX/pipelineX.srcs/sources_1/ip/data_mem/sim/data_mem.v" into library xil_defaultlib
INFO: [VRFC 10-311] analyzing module data_mem
INFO: [VRFC 10-2263] Analyzing Verilog file "C:/Users/a/Desktop/pipelineX/pipelineX.srcs/sources_1/ip/inst_mem/sim/inst_mem.v" into library xil_defaultlib
INFO: [VRFC 10-311] analyzing module inst_mem
INFO: [VRFC 10-2263] Analyzing Verilog file "C:/Users/a/Desktop/pipelineX/pipelineX.srcs/sources_1/imports/new/ALU.v" into library xil_defaultlib
INFO: [VRFC 10-311] analyzing module ALU
INFO: [VRFC 10-2263] Analyzing Verilog file "C:/Users/a/Desktop/pipelineX/pipelineX.srcs/sources_1/imports/new/HazardUnit.v" into library xil_defaultlib
INFO: [VRFC 10-311] analyzing module HazardUnit
INFO: [VRFC 10-2263] Analyzing Verilog file "C:/Users/a/Desktop/pipelineX/pipelineX.srcs/sources_1/imports/new/Register.v" into library xil_defaultlib
INFO: [VRFC 10-311] analyzing module Register
INFO: [VRFC 10-2263] Analyzing Verilog file "C:/Users/a/Desktop/pipelineX/pipelineX.srcs/sources_1/imports/new/ShiftLeft2.v" into library xil_defaultlib
INFO: [VRFC 10-311] analyzing module ShiftLeft2
INFO: [VRFC 10-2263] Analyzing Verilog file "C:/Users/a/Desktop/pipelineX/pipelineX.srcs/sources_1/imports/new/SignExtend.v" into library xil_defaultlib
INFO: [VRFC 10-311] analyzing module SignExtend
INFO: [VRFC 10-2263] Analyzing Verilog file "C:/Users/a/Desktop/pipelineX/pipelineX.srcs/sources_1/imports/new/adder.v" into library xil_defaultlib
INFO: [VRFC 10-311] analyzing module adder
INFO: [VRFC 10-2263] Analyzing Verilog file "C:/Users/a/Desktop/pipelineX/pipelineX.srcs/sources_1/imports/rtl/controller.v" into library xil_defaultlib
INFO: [VRFC 10-311] analyzing module controller
INFO: [VRFC 10-311] analyzing module aludec
INFO: [VRFC 10-311] analyzing module maindec
INFO: [VRFC 10-2263] Analyzing Verilog file "C:/Users/a/Desktop/pipelineX/pipelineX.srcs/sources_1/imports/rtl/datapath.v" into library xil_defaultlib
INFO: [VRFC 10-311] analyzing module datapath
INFO: [VRFC 10-2263] Analyzing Verilog file "C:/Users/a/Desktop/pipelineX/pipelineX.srcs/sources_1/imports/new/eqcmp.v" into library xil_defaultlib
INFO: [VRFC 10-311] analyzing module eqcmp
INFO: [VRFC 10-2263] Analyzing Verilog file "C:/Users/a/Desktop/pipelineX/pipelineX.srcs/sources_1/new/flopenr.v" into library xil_defaultlib
INFO: [VRFC 10-311] analyzing module flopenr
INFO: [VRFC 10-2263] Analyzing Verilog file "C:/Users/a/Desktop/pipelineX/pipelineX.srcs/sources_1/new/flopenrc.v" into library xil_defaultlib
INFO: [VRFC 10-311] analyzing module flopenrc
INFO: [VRFC 10-2263] Analyzing Verilog file "C:/Users/a/Desktop/pipelineX/pipelineX.srcs/sources_1/new/flopr.v" into library xil_defaultlib
INFO: [VRFC 10-311] analyzing module flopr
INFO: [VRFC 10-2263] Analyzing Verilog file "C:/Users/a/Desktop/pipelineX/pipelineX.srcs/sources_1/new/floprc.v" into library xil_defaultlib
INFO: [VRFC 10-311] analyzing module floprc
INFO: [VRFC 10-2263] Analyzing Verilog file "C:/Users/a/Desktop/pipelineX/pipelineX.srcs/sources_1/imports/rtl/hilo_reg.v" into library xil_defaultlib
INFO: [VRFC 10-311] analyzing module hilo_reg
INFO: [VRFC 10-2263] Analyzing Verilog file "C:/Users/a/Desktop/pipelineX/pipelineX.srcs/sources_1/imports/rtl/mips.v" into library xil_defaultlib
INFO: [VRFC 10-311] analyzing module mips
INFO: [VRFC 10-2263] Analyzing Verilog file "C:/Users/a/Desktop/pipelineX/pipelineX.srcs/sources_1/imports/new/mux2.v" into library xil_defaultlib
INFO: [VRFC 10-311] analyzing module mux2
INFO: [VRFC 10-2263] Analyzing Verilog file "C:/Users/a/Desktop/pipelineX/pipelineX.srcs/sources_1/imports/new/mux3.v" into library xil_defaultlib
INFO: [VRFC 10-311] analyzing module mux3
INFO: [VRFC 10-2263] Analyzing Verilog file "C:/Users/a/Desktop/pipelineX/pipelineX.srcs/sources_1/imports/rtl/top.v" into library xil_defaultlib
INFO: [VRFC 10-311] analyzing module top
INFO: [VRFC 10-2263] Analyzing Verilog file "C:/Users/a/Desktop/pipelineX/pipelineX.srcs/sim_1/imports/new/testbench.v" into library xil_defaultlib
INFO: [VRFC 10-311] analyzing module testbench
INFO: [USF-XSim-69] 'compile' step finished in '4' seconds
INFO: [Vivado 12-5698] Checking validity of IPs in the design for the 'XSim' simulator...
INFO: [Vivado 12-5682] Launching behavioral simulation in 'C:/Users/a/Desktop/pipelineX/pipelineX.sim/sim_1/behav/xsim'
INFO: [Vivado 12-4795] Using compiled simulation libraries for IPs
INFO: [USF-XSim-3] XSim::Elaborate design
INFO: [USF-XSim-61] Executing 'ELABORATE' step in 'C:/Users/a/Desktop/pipelineX/pipelineX.sim/sim_1/behav/xsim'
Vivado Simulator 2018.3
Copyright 1986-1999, 2001-2018 Xilinx, Inc. All Rights Reserved.
Running: C:/Xilinx/Vivado/2018.3/bin/unwrapped/win64.o/xelab.exe -wto 844dc7d4b1554252b5e6808528fecbd4 --incr --debug typical --relax --mt 2 -L blk_mem_gen_v8_4_2 -L xil_defaultlib -L unisims_ver -L unimacro_ver -L secureip -L xpm --snapshot testbench_behav xil_defaultlib.testbench xil_defaultlib.glbl -log elaborate.log 
Using 2 slave threads.
Starting static elaboration
Completed static elaboration
Starting simulation data flow analysis
Completed simulation data flow analysis
Time Resolution for simulation is 1ps
Compiling module xil_defaultlib.maindec
Compiling module xil_defaultlib.aludec
Compiling module xil_defaultlib.floprc(N=14)
Compiling module xil_defaultlib.flopr(N=4)
Compiling module xil_defaultlib.flopr(N=3)
Compiling module xil_defaultlib.controller
Compiling module xil_defaultlib.HazardUnit
Compiling module xil_defaultlib.mux2
Compiling module xil_defaultlib.flopenr
Compiling module xil_defaultlib.adder
Compiling module xil_defaultlib.flopenrc
Compiling module xil_defaultlib.hilo_reg
Compiling module xil_defaultlib.Register
Compiling module xil_defaultlib.SignExtend
Compiling module xil_defaultlib.ShiftLeft2
Compiling module xil_defaultlib.eqcmp
Compiling module xil_defaultlib.floprc
Compiling module xil_defaultlib.floprc(N=5)
Compiling module xil_defaultlib.mux3
Compiling module xil_defaultlib.ALU
Compiling module xil_defaultlib.mux2(N=5)
Compiling module xil_defaultlib.flopr
Compiling module xil_defaultlib.flopr(N=5)
Compiling module xil_defaultlib.datapath
Compiling module xil_defaultlib.mips
Compiling module blk_mem_gen_v8_4_2.blk_mem_gen_v8_4_2_output_stage(...
Compiling module blk_mem_gen_v8_4_2.blk_mem_gen_v8_4_2_softecc_outpu...
Compiling module blk_mem_gen_v8_4_2.blk_mem_gen_v8_4_2_mem_module(C_...
Compiling module blk_mem_gen_v8_4_2.blk_mem_gen_v8_4_2(C_FAMILY="art...
Compiling module xil_defaultlib.inst_mem
Compiling module blk_mem_gen_v8_4_2.blk_mem_gen_v8_4_2_mem_module(C_...
Compiling module blk_mem_gen_v8_4_2.blk_mem_gen_v8_4_2(C_FAMILY="art...
Compiling module xil_defaultlib.data_mem
Compiling module xil_defaultlib.top
Compiling module xil_defaultlib.testbench
Compiling module xil_defaultlib.glbl
Built simulation snapshot testbench_behav
INFO: [USF-XSim-69] 'elaborate' step finished in '4' seconds
Vivado Simulator 2018.3
Time resolution is 1 ps
 Block Memory Generator module loading initial data...
 Block Memory Generator data initialization complete.
Block Memory Generator module testbench.dut.imem.inst.native_mem_mapped_module.blk_mem_gen_v8_4_2_inst is using a behavioral model for simulation which will not precisely model memory collision behavior.
 Block Memory Generator module loading initial data...
 Block Memory Generator data initialization complete.
Block Memory Generator module testbench.dut.dmem.inst.native_mem_mapped_module.blk_mem_gen_v8_4_2_inst is using a behavioral model for simulation which will not precisely model memory collision behavior.
[ALU] op =  0
[ALU] op =  0
[ALU] op =  0
[ALU] op =  0
[ALU] Hit SLL
[ALU] Hit ORI
[ALU] Hit SLL
[ALU] Hit ORI
[ALU] Hit SLL
[ALU] Hit ORI
[ALU] op = 33
[ALU] Hit ORI
[ALU] op = 32
[ALU] op = 34
[ALU] op = 35
[ALU] op = 85
[ALU] Hit ORI
[ALU] op = 86
relaunch_sim: Time (s): cpu = 00:00:01 ; elapsed = 00:00:11 . Memory (MB): peak = 993.945 ; gain = 0.000
run 100 ns
[ALU] Hit ORI
[ALU] Hit SLL
[ALU] op = 42
[ALU] op = 43
[ALU] op = 87
relaunch_sim
INFO: [Vivado 12-5698] Checking validity of IPs in the design for the 'XSim' simulator...
INFO: [Vivado 12-5682] Launching behavioral simulation in 'C:/Users/a/Desktop/pipelineX/pipelineX.sim/sim_1/behav/xsim'
INFO: [Vivado 12-4795] Using compiled simulation libraries for IPs
INFO: [SIM-utils-51] Simulation object is 'sim_1'
INFO: [USF-XSim-7] Finding pre-compiled libraries...
INFO: [USF-XSim-11] File 'C:/Xilinx/Vivado/2018.3/data/xsim/xsim.ini' copied to run dir:'C:/Users/a/Desktop/pipelineX/pipelineX.sim/sim_1/behav/xsim'
INFO: [SIM-utils-54] Inspecting design source files for 'testbench' in fileset 'sim_1'...
INFO: [SIM-utils-43] Exported 'C:/Users/a/Desktop/pipelineX/pipelineX.sim/sim_1/behav/xsim/inst_mem.mif'
INFO: [SIM-utils-43] Exported 'C:/Users/a/Desktop/pipelineX/pipelineX.sim/sim_1/behav/xsim/inst_rom.coe'
INFO: [SIM-utils-43] Exported 'C:/Users/a/Desktop/pipelineX/pipelineX.sim/sim_1/behav/xsim/inst_rom.coe'
INFO: [SIM-utils-43] Exported 'C:/Users/a/Desktop/pipelineX/pipelineX.sim/sim_1/behav/xsim/inst_rom.coe'
INFO: [SIM-utils-43] Exported 'C:/Users/a/Desktop/pipelineX/pipelineX.sim/sim_1/behav/xsim/inst_rom.coe'
INFO: [USF-XSim-97] Finding global include files...
INFO: [USF-XSim-98] Fetching design files from 'sim_1'...
INFO: [USF-XSim-2] XSim::Compile design
INFO: [USF-XSim-61] Executing 'COMPILE and ANALYZE' step in 'C:/Users/a/Desktop/pipelineX/pipelineX.sim/sim_1/behav/xsim'
"xvlog --incr --relax -prj testbench_vlog.prj"
INFO: [VRFC 10-2263] Analyzing Verilog file "C:/Users/a/Desktop/pipelineX/pipelineX.srcs/sources_1/new/defines.vh" into library xil_defaultlib
INFO: [VRFC 10-2263] Analyzing Verilog file "C:/Users/a/Desktop/pipelineX/pipelineX.srcs/sources_1/ip/data_mem/sim/data_mem.v" into library xil_defaultlib
INFO: [VRFC 10-311] analyzing module data_mem
INFO: [VRFC 10-2263] Analyzing Verilog file "C:/Users/a/Desktop/pipelineX/pipelineX.srcs/sources_1/ip/inst_mem/sim/inst_mem.v" into library xil_defaultlib
INFO: [VRFC 10-311] analyzing module inst_mem
INFO: [VRFC 10-2263] Analyzing Verilog file "C:/Users/a/Desktop/pipelineX/pipelineX.srcs/sources_1/imports/new/ALU.v" into library xil_defaultlib
INFO: [VRFC 10-311] analyzing module ALU
INFO: [VRFC 10-2263] Analyzing Verilog file "C:/Users/a/Desktop/pipelineX/pipelineX.srcs/sources_1/imports/new/HazardUnit.v" into library xil_defaultlib
INFO: [VRFC 10-311] analyzing module HazardUnit
INFO: [VRFC 10-2263] Analyzing Verilog file "C:/Users/a/Desktop/pipelineX/pipelineX.srcs/sources_1/imports/new/Register.v" into library xil_defaultlib
INFO: [VRFC 10-311] analyzing module Register
INFO: [VRFC 10-2263] Analyzing Verilog file "C:/Users/a/Desktop/pipelineX/pipelineX.srcs/sources_1/imports/new/ShiftLeft2.v" into library xil_defaultlib
INFO: [VRFC 10-311] analyzing module ShiftLeft2
INFO: [VRFC 10-2263] Analyzing Verilog file "C:/Users/a/Desktop/pipelineX/pipelineX.srcs/sources_1/imports/new/SignExtend.v" into library xil_defaultlib
INFO: [VRFC 10-311] analyzing module SignExtend
INFO: [VRFC 10-2263] Analyzing Verilog file "C:/Users/a/Desktop/pipelineX/pipelineX.srcs/sources_1/imports/new/adder.v" into library xil_defaultlib
INFO: [VRFC 10-311] analyzing module adder
INFO: [VRFC 10-2263] Analyzing Verilog file "C:/Users/a/Desktop/pipelineX/pipelineX.srcs/sources_1/imports/rtl/controller.v" into library xil_defaultlib
INFO: [VRFC 10-311] analyzing module controller
INFO: [VRFC 10-311] analyzing module aludec
INFO: [VRFC 10-311] analyzing module maindec
INFO: [VRFC 10-2263] Analyzing Verilog file "C:/Users/a/Desktop/pipelineX/pipelineX.srcs/sources_1/imports/rtl/datapath.v" into library xil_defaultlib
INFO: [VRFC 10-311] analyzing module datapath
INFO: [VRFC 10-2263] Analyzing Verilog file "C:/Users/a/Desktop/pipelineX/pipelineX.srcs/sources_1/imports/new/eqcmp.v" into library xil_defaultlib
INFO: [VRFC 10-311] analyzing module eqcmp
INFO: [VRFC 10-2263] Analyzing Verilog file "C:/Users/a/Desktop/pipelineX/pipelineX.srcs/sources_1/new/flopenr.v" into library xil_defaultlib
INFO: [VRFC 10-311] analyzing module flopenr
INFO: [VRFC 10-2263] Analyzing Verilog file "C:/Users/a/Desktop/pipelineX/pipelineX.srcs/sources_1/new/flopenrc.v" into library xil_defaultlib
INFO: [VRFC 10-311] analyzing module flopenrc
INFO: [VRFC 10-2263] Analyzing Verilog file "C:/Users/a/Desktop/pipelineX/pipelineX.srcs/sources_1/new/flopr.v" into library xil_defaultlib
INFO: [VRFC 10-311] analyzing module flopr
INFO: [VRFC 10-2263] Analyzing Verilog file "C:/Users/a/Desktop/pipelineX/pipelineX.srcs/sources_1/new/floprc.v" into library xil_defaultlib
INFO: [VRFC 10-311] analyzing module floprc
INFO: [VRFC 10-2263] Analyzing Verilog file "C:/Users/a/Desktop/pipelineX/pipelineX.srcs/sources_1/imports/rtl/hilo_reg.v" into library xil_defaultlib
INFO: [VRFC 10-311] analyzing module hilo_reg
INFO: [VRFC 10-2263] Analyzing Verilog file "C:/Users/a/Desktop/pipelineX/pipelineX.srcs/sources_1/imports/rtl/mips.v" into library xil_defaultlib
INFO: [VRFC 10-311] analyzing module mips
INFO: [VRFC 10-2263] Analyzing Verilog file "C:/Users/a/Desktop/pipelineX/pipelineX.srcs/sources_1/imports/new/mux2.v" into library xil_defaultlib
INFO: [VRFC 10-311] analyzing module mux2
INFO: [VRFC 10-2263] Analyzing Verilog file "C:/Users/a/Desktop/pipelineX/pipelineX.srcs/sources_1/imports/new/mux3.v" into library xil_defaultlib
INFO: [VRFC 10-311] analyzing module mux3
INFO: [VRFC 10-2263] Analyzing Verilog file "C:/Users/a/Desktop/pipelineX/pipelineX.srcs/sources_1/imports/rtl/top.v" into library xil_defaultlib
INFO: [VRFC 10-311] analyzing module top
INFO: [VRFC 10-2263] Analyzing Verilog file "C:/Users/a/Desktop/pipelineX/pipelineX.srcs/sim_1/imports/new/testbench.v" into library xil_defaultlib
INFO: [VRFC 10-311] analyzing module testbench
INFO: [USF-XSim-69] 'compile' step finished in '3' seconds
INFO: [Vivado 12-5698] Checking validity of IPs in the design for the 'XSim' simulator...
INFO: [Vivado 12-5682] Launching behavioral simulation in 'C:/Users/a/Desktop/pipelineX/pipelineX.sim/sim_1/behav/xsim'
INFO: [Vivado 12-4795] Using compiled simulation libraries for IPs
INFO: [USF-XSim-3] XSim::Elaborate design
INFO: [USF-XSim-61] Executing 'ELABORATE' step in 'C:/Users/a/Desktop/pipelineX/pipelineX.sim/sim_1/behav/xsim'
Vivado Simulator 2018.3
Copyright 1986-1999, 2001-2018 Xilinx, Inc. All Rights Reserved.
Running: C:/Xilinx/Vivado/2018.3/bin/unwrapped/win64.o/xelab.exe -wto 844dc7d4b1554252b5e6808528fecbd4 --incr --debug typical --relax --mt 2 -L blk_mem_gen_v8_4_2 -L xil_defaultlib -L unisims_ver -L unimacro_ver -L secureip -L xpm --snapshot testbench_behav xil_defaultlib.testbench xil_defaultlib.glbl -log elaborate.log 
Using 2 slave threads.
Starting static elaboration
Completed static elaboration
Starting simulation data flow analysis
Completed simulation data flow analysis
Time Resolution for simulation is 1ps
Compiling module xil_defaultlib.maindec
Compiling module xil_defaultlib.aludec
Compiling module xil_defaultlib.floprc(N=14)
Compiling module xil_defaultlib.flopr(N=4)
Compiling module xil_defaultlib.flopr(N=3)
Compiling module xil_defaultlib.controller
Compiling module xil_defaultlib.HazardUnit
Compiling module xil_defaultlib.mux2
Compiling module xil_defaultlib.flopenr
Compiling module xil_defaultlib.adder
Compiling module xil_defaultlib.flopenrc
Compiling module xil_defaultlib.hilo_reg
Compiling module xil_defaultlib.Register
Compiling module xil_defaultlib.SignExtend
Compiling module xil_defaultlib.ShiftLeft2
Compiling module xil_defaultlib.eqcmp
Compiling module xil_defaultlib.floprc
Compiling module xil_defaultlib.floprc(N=5)
Compiling module xil_defaultlib.mux3
Compiling module xil_defaultlib.ALU
Compiling module xil_defaultlib.mux2(N=5)
Compiling module xil_defaultlib.flopr
Compiling module xil_defaultlib.flopr(N=5)
Compiling module xil_defaultlib.datapath
Compiling module xil_defaultlib.mips
Compiling module blk_mem_gen_v8_4_2.blk_mem_gen_v8_4_2_output_stage(...
Compiling module blk_mem_gen_v8_4_2.blk_mem_gen_v8_4_2_softecc_outpu...
Compiling module blk_mem_gen_v8_4_2.blk_mem_gen_v8_4_2_mem_module(C_...
Compiling module blk_mem_gen_v8_4_2.blk_mem_gen_v8_4_2(C_FAMILY="art...
Compiling module xil_defaultlib.inst_mem
Compiling module blk_mem_gen_v8_4_2.blk_mem_gen_v8_4_2_mem_module(C_...
Compiling module blk_mem_gen_v8_4_2.blk_mem_gen_v8_4_2(C_FAMILY="art...
Compiling module xil_defaultlib.data_mem
Compiling module xil_defaultlib.top
Compiling module xil_defaultlib.testbench
Compiling module xil_defaultlib.glbl
Built simulation snapshot testbench_behav
INFO: [USF-XSim-69] 'elaborate' step finished in '4' seconds
Vivado Simulator 2018.3
Time resolution is 1 ps
 Block Memory Generator module loading initial data...
 Block Memory Generator data initialization complete.
Block Memory Generator module testbench.dut.imem.inst.native_mem_mapped_module.blk_mem_gen_v8_4_2_inst is using a behavioral model for simulation which will not precisely model memory collision behavior.
 Block Memory Generator module loading initial data...
 Block Memory Generator data initialization complete.
Block Memory Generator module testbench.dut.dmem.inst.native_mem_mapped_module.blk_mem_gen_v8_4_2_inst is using a behavioral model for simulation which will not precisely model memory collision behavior.
[ALU] op =  0
[ALU] op =  0
[ALU] op =  0
[ALU] op =  0
[ALU] Hit SLL
[ALU] Hit ORI
[ALU] Hit SLL
[ALU] Hit ORI
[ALU] Hit SLL
[ALU] Hit ORI
[ALU] op = 33
[ALU] Hit ORI
[ALU] op = 32
[ALU] op = 34
[ALU] op = 35
[ALU] op = 85
[ALU] Hit ORI
[ALU] op = 86
relaunch_sim: Time (s): cpu = 00:00:01 ; elapsed = 00:00:11 . Memory (MB): peak = 993.945 ; gain = 0.000
run 100 ns
[ALU] Hit ORI
[ALU] Hit SLL
[ALU] op = 42
[ALU] op = 43
[ALU] op = 87
run 100 ns
[ALU] op = 88
[ALU] Hit ORI
[ALU] Hit SLL
[ALU] Hit ORI
[MAINDEC] funct = 24
[ALUDEC] funct = 24
relaunch_sim
INFO: [Vivado 12-5698] Checking validity of IPs in the design for the 'XSim' simulator...
INFO: [Vivado 12-5682] Launching behavioral simulation in 'C:/Users/a/Desktop/pipelineX/pipelineX.sim/sim_1/behav/xsim'
INFO: [Vivado 12-4795] Using compiled simulation libraries for IPs
INFO: [SIM-utils-51] Simulation object is 'sim_1'
INFO: [USF-XSim-7] Finding pre-compiled libraries...
INFO: [USF-XSim-11] File 'C:/Xilinx/Vivado/2018.3/data/xsim/xsim.ini' copied to run dir:'C:/Users/a/Desktop/pipelineX/pipelineX.sim/sim_1/behav/xsim'
INFO: [SIM-utils-54] Inspecting design source files for 'testbench' in fileset 'sim_1'...
INFO: [SIM-utils-43] Exported 'C:/Users/a/Desktop/pipelineX/pipelineX.sim/sim_1/behav/xsim/inst_mem.mif'
INFO: [SIM-utils-43] Exported 'C:/Users/a/Desktop/pipelineX/pipelineX.sim/sim_1/behav/xsim/inst_rom.coe'
INFO: [SIM-utils-43] Exported 'C:/Users/a/Desktop/pipelineX/pipelineX.sim/sim_1/behav/xsim/inst_rom.coe'
INFO: [SIM-utils-43] Exported 'C:/Users/a/Desktop/pipelineX/pipelineX.sim/sim_1/behav/xsim/inst_rom.coe'
INFO: [SIM-utils-43] Exported 'C:/Users/a/Desktop/pipelineX/pipelineX.sim/sim_1/behav/xsim/inst_rom.coe'
INFO: [USF-XSim-97] Finding global include files...
INFO: [USF-XSim-98] Fetching design files from 'sim_1'...
INFO: [USF-XSim-2] XSim::Compile design
INFO: [USF-XSim-61] Executing 'COMPILE and ANALYZE' step in 'C:/Users/a/Desktop/pipelineX/pipelineX.sim/sim_1/behav/xsim'
"xvlog --incr --relax -prj testbench_vlog.prj"
INFO: [VRFC 10-2263] Analyzing Verilog file "C:/Users/a/Desktop/pipelineX/pipelineX.srcs/sources_1/new/defines.vh" into library xil_defaultlib
INFO: [VRFC 10-2263] Analyzing Verilog file "C:/Users/a/Desktop/pipelineX/pipelineX.srcs/sources_1/ip/data_mem/sim/data_mem.v" into library xil_defaultlib
INFO: [VRFC 10-311] analyzing module data_mem
INFO: [VRFC 10-2263] Analyzing Verilog file "C:/Users/a/Desktop/pipelineX/pipelineX.srcs/sources_1/ip/inst_mem/sim/inst_mem.v" into library xil_defaultlib
INFO: [VRFC 10-311] analyzing module inst_mem
INFO: [VRFC 10-2263] Analyzing Verilog file "C:/Users/a/Desktop/pipelineX/pipelineX.srcs/sources_1/imports/new/ALU.v" into library xil_defaultlib
INFO: [VRFC 10-311] analyzing module ALU
INFO: [VRFC 10-2263] Analyzing Verilog file "C:/Users/a/Desktop/pipelineX/pipelineX.srcs/sources_1/imports/new/HazardUnit.v" into library xil_defaultlib
INFO: [VRFC 10-311] analyzing module HazardUnit
INFO: [VRFC 10-2263] Analyzing Verilog file "C:/Users/a/Desktop/pipelineX/pipelineX.srcs/sources_1/imports/new/Register.v" into library xil_defaultlib
INFO: [VRFC 10-311] analyzing module Register
INFO: [VRFC 10-2263] Analyzing Verilog file "C:/Users/a/Desktop/pipelineX/pipelineX.srcs/sources_1/imports/new/ShiftLeft2.v" into library xil_defaultlib
INFO: [VRFC 10-311] analyzing module ShiftLeft2
INFO: [VRFC 10-2263] Analyzing Verilog file "C:/Users/a/Desktop/pipelineX/pipelineX.srcs/sources_1/imports/new/SignExtend.v" into library xil_defaultlib
INFO: [VRFC 10-311] analyzing module SignExtend
INFO: [VRFC 10-2263] Analyzing Verilog file "C:/Users/a/Desktop/pipelineX/pipelineX.srcs/sources_1/imports/new/adder.v" into library xil_defaultlib
INFO: [VRFC 10-311] analyzing module adder
INFO: [VRFC 10-2263] Analyzing Verilog file "C:/Users/a/Desktop/pipelineX/pipelineX.srcs/sources_1/imports/rtl/controller.v" into library xil_defaultlib
INFO: [VRFC 10-311] analyzing module controller
INFO: [VRFC 10-311] analyzing module aludec
INFO: [VRFC 10-311] analyzing module maindec
INFO: [VRFC 10-2263] Analyzing Verilog file "C:/Users/a/Desktop/pipelineX/pipelineX.srcs/sources_1/imports/rtl/datapath.v" into library xil_defaultlib
INFO: [VRFC 10-311] analyzing module datapath
INFO: [VRFC 10-2263] Analyzing Verilog file "C:/Users/a/Desktop/pipelineX/pipelineX.srcs/sources_1/imports/new/eqcmp.v" into library xil_defaultlib
INFO: [VRFC 10-311] analyzing module eqcmp
INFO: [VRFC 10-2263] Analyzing Verilog file "C:/Users/a/Desktop/pipelineX/pipelineX.srcs/sources_1/new/flopenr.v" into library xil_defaultlib
INFO: [VRFC 10-311] analyzing module flopenr
INFO: [VRFC 10-2263] Analyzing Verilog file "C:/Users/a/Desktop/pipelineX/pipelineX.srcs/sources_1/new/flopenrc.v" into library xil_defaultlib
INFO: [VRFC 10-311] analyzing module flopenrc
INFO: [VRFC 10-2263] Analyzing Verilog file "C:/Users/a/Desktop/pipelineX/pipelineX.srcs/sources_1/new/flopr.v" into library xil_defaultlib
INFO: [VRFC 10-311] analyzing module flopr
INFO: [VRFC 10-2263] Analyzing Verilog file "C:/Users/a/Desktop/pipelineX/pipelineX.srcs/sources_1/new/floprc.v" into library xil_defaultlib
INFO: [VRFC 10-311] analyzing module floprc
INFO: [VRFC 10-2263] Analyzing Verilog file "C:/Users/a/Desktop/pipelineX/pipelineX.srcs/sources_1/imports/rtl/hilo_reg.v" into library xil_defaultlib
INFO: [VRFC 10-311] analyzing module hilo_reg
INFO: [VRFC 10-2263] Analyzing Verilog file "C:/Users/a/Desktop/pipelineX/pipelineX.srcs/sources_1/imports/rtl/mips.v" into library xil_defaultlib
INFO: [VRFC 10-311] analyzing module mips
INFO: [VRFC 10-2263] Analyzing Verilog file "C:/Users/a/Desktop/pipelineX/pipelineX.srcs/sources_1/imports/new/mux2.v" into library xil_defaultlib
INFO: [VRFC 10-311] analyzing module mux2
INFO: [VRFC 10-2263] Analyzing Verilog file "C:/Users/a/Desktop/pipelineX/pipelineX.srcs/sources_1/imports/new/mux3.v" into library xil_defaultlib
INFO: [VRFC 10-311] analyzing module mux3
INFO: [VRFC 10-2263] Analyzing Verilog file "C:/Users/a/Desktop/pipelineX/pipelineX.srcs/sources_1/imports/rtl/top.v" into library xil_defaultlib
INFO: [VRFC 10-311] analyzing module top
INFO: [VRFC 10-2263] Analyzing Verilog file "C:/Users/a/Desktop/pipelineX/pipelineX.srcs/sim_1/imports/new/testbench.v" into library xil_defaultlib
INFO: [VRFC 10-311] analyzing module testbench
INFO: [USF-XSim-69] 'compile' step finished in '3' seconds
INFO: [Vivado 12-5698] Checking validity of IPs in the design for the 'XSim' simulator...
INFO: [Vivado 12-5682] Launching behavioral simulation in 'C:/Users/a/Desktop/pipelineX/pipelineX.sim/sim_1/behav/xsim'
INFO: [Vivado 12-4795] Using compiled simulation libraries for IPs
INFO: [USF-XSim-3] XSim::Elaborate design
INFO: [USF-XSim-61] Executing 'ELABORATE' step in 'C:/Users/a/Desktop/pipelineX/pipelineX.sim/sim_1/behav/xsim'
Vivado Simulator 2018.3
Copyright 1986-1999, 2001-2018 Xilinx, Inc. All Rights Reserved.
Running: C:/Xilinx/Vivado/2018.3/bin/unwrapped/win64.o/xelab.exe -wto 844dc7d4b1554252b5e6808528fecbd4 --incr --debug typical --relax --mt 2 -L blk_mem_gen_v8_4_2 -L xil_defaultlib -L unisims_ver -L unimacro_ver -L secureip -L xpm --snapshot testbench_behav xil_defaultlib.testbench xil_defaultlib.glbl -log elaborate.log 
Using 2 slave threads.
Starting static elaboration
Completed static elaboration
Starting simulation data flow analysis
Completed simulation data flow analysis
Time Resolution for simulation is 1ps
Compiling module xil_defaultlib.maindec
Compiling module xil_defaultlib.aludec
Compiling module xil_defaultlib.floprc(N=14)
Compiling module xil_defaultlib.flopr(N=4)
Compiling module xil_defaultlib.flopr(N=3)
Compiling module xil_defaultlib.controller
Compiling module xil_defaultlib.HazardUnit
Compiling module xil_defaultlib.mux2
Compiling module xil_defaultlib.flopenr
Compiling module xil_defaultlib.adder
Compiling module xil_defaultlib.flopenrc
Compiling module xil_defaultlib.hilo_reg
Compiling module xil_defaultlib.Register
Compiling module xil_defaultlib.SignExtend
Compiling module xil_defaultlib.ShiftLeft2
Compiling module xil_defaultlib.eqcmp
Compiling module xil_defaultlib.floprc
Compiling module xil_defaultlib.floprc(N=5)
Compiling module xil_defaultlib.mux3
Compiling module xil_defaultlib.ALU
Compiling module xil_defaultlib.mux2(N=5)
Compiling module xil_defaultlib.flopr
Compiling module xil_defaultlib.flopr(N=5)
Compiling module xil_defaultlib.datapath
Compiling module xil_defaultlib.mips
Compiling module blk_mem_gen_v8_4_2.blk_mem_gen_v8_4_2_output_stage(...
Compiling module blk_mem_gen_v8_4_2.blk_mem_gen_v8_4_2_softecc_outpu...
Compiling module blk_mem_gen_v8_4_2.blk_mem_gen_v8_4_2_mem_module(C_...
Compiling module blk_mem_gen_v8_4_2.blk_mem_gen_v8_4_2(C_FAMILY="art...
Compiling module xil_defaultlib.inst_mem
Compiling module blk_mem_gen_v8_4_2.blk_mem_gen_v8_4_2_mem_module(C_...
Compiling module blk_mem_gen_v8_4_2.blk_mem_gen_v8_4_2(C_FAMILY="art...
Compiling module xil_defaultlib.data_mem
Compiling module xil_defaultlib.top
Compiling module xil_defaultlib.testbench
Compiling module xil_defaultlib.glbl
Built simulation snapshot testbench_behav
INFO: [USF-XSim-69] 'elaborate' step finished in '3' seconds
Vivado Simulator 2018.3
Time resolution is 1 ps
 Block Memory Generator module loading initial data...
 Block Memory Generator data initialization complete.
Block Memory Generator module testbench.dut.imem.inst.native_mem_mapped_module.blk_mem_gen_v8_4_2_inst is using a behavioral model for simulation which will not precisely model memory collision behavior.
 Block Memory Generator module loading initial data...
 Block Memory Generator data initialization complete.
Block Memory Generator module testbench.dut.dmem.inst.native_mem_mapped_module.blk_mem_gen_v8_4_2_inst is using a behavioral model for simulation which will not precisely model memory collision behavior.
[ALU] op =  0
[ALU] op =  0
[ALU] op =  0
[ALU] op =  0
[ALU] Hit SLL
[ALU] Hit ORI
[ALU] Hit SLL
[ALU] Hit ORI
[ALU] Hit SLL
[ALU] Hit ORI
[ALU] Hit ADDU
[ALU] Hit ORI
[ALU] Hit ADD
[ALU] Hit SUB
[ALU] Hit SUBU
[ALU] Hit ADDI
[ALU] Hit ORI
[ALU] Hit ADDIU
[ALU] Hit ORI
[ALU] Hit SLL
[ALU] Hit SLT
[ALU] Hit SLTU
[ALU] Hit SLTI
[ALU] Hit SLTIU
[ALU] Hit ORI
[ALU] Hit SLL
[ALU] Hit ORI
[ALU] Hit MULT
[ALU] Hit MULTU
[ALU] Hit SLL
relaunch_sim: Time (s): cpu = 00:00:02 ; elapsed = 00:00:11 . Memory (MB): peak = 1013.734 ; gain = 0.000
run 100 ns
close_sim
INFO: [Simtcl 6-16] Simulation closed
exit
INFO: [Common 17-206] Exiting Vivado at Tue Dec 10 19:01:40 2019...
